18-Jul-2023 00:08:25.406 INFO [main] org.apache.catalina.startup.VersionLoggerListener.log Server version name:   Apache Tomcat/8.5.89
18-Jul-2023 00:08:25.409 INFO [main] org.apache.catalina.startup.VersionLoggerListener.log Server built:          May 9 2023 16:21:47 UTC
18-Jul-2023 00:08:25.409 INFO [main] org.apache.catalina.startup.VersionLoggerListener.log Server version number: 8.5.89.0
18-Jul-2023 00:08:25.409 INFO [main] org.apache.catalina.startup.VersionLoggerListener.log OS Name:               Windows 11
18-Jul-2023 00:08:25.409 INFO [main] org.apache.catalina.startup.VersionLoggerListener.log OS Version:            10.0
18-Jul-2023 00:08:25.409 INFO [main] org.apache.catalina.startup.VersionLoggerListener.log Architecture:          amd64
18-Jul-2023 00:08:25.409 INFO [main] org.apache.catalina.startup.VersionLoggerListener.log Java Home:             C:\Program Files\Java\jdk-18.0.2.1
18-Jul-2023 00:08:25.409 INFO [main] org.apache.catalina.startup.VersionLoggerListener.log JVM Version:           18.0.2.1+1-1
18-Jul-2023 00:08:25.410 INFO [main] org.apache.catalina.startup.VersionLoggerListener.log JVM Vendor:            Oracle Corporation
18-Jul-2023 00:08:25.410 INFO [main] org.apache.catalina.startup.VersionLoggerListener.log CATALINA_BASE:         D:\Libary for programs\apache-tomcat-8.5.89-windows-x64\apache-tomcat-8.5.89
18-Jul-2023 00:08:25.410 INFO [main] org.apache.catalina.startup.VersionLoggerListener.log CATALINA_HOME:         D:\Libary for programs\apache-tomcat-8.5.89-windows-x64\apache-tomcat-8.5.89
18-Jul-2023 00:08:25.411 INFO [main] org.apache.catalina.startup.VersionLoggerListener.log Command line argument: --add-opens=java.base/java.lang=ALL-UNNAMED
18-Jul-2023 00:08:25.411 INFO [main] org.apache.catalina.startup.VersionLoggerListener.log Command line argument: --add-opens=java.base/java.io=ALL-UNNAMED
18-Jul-2023 00:08:25.411 INFO [main] org.apache.catalina.startup.VersionLoggerListener.log Command line argument: --add-opens=java.base/java.util=ALL-UNNAMED
18-Jul-2023 00:08:25.411 INFO [main] org.apache.catalina.startup.VersionLoggerListener.log Command line argument: --add-opens=java.base/java.util.concurrent=ALL-UNNAMED
18-Jul-2023 00:08:25.411 INFO [main] org.apache.catalina.startup.VersionLoggerListener.log Command line argument: --add-opens=java.rmi/sun.rmi.transport=ALL-UNNAMED
18-Jul-2023 00:08:25.411 INFO [main] org.apache.catalina.startup.VersionLoggerListener.log Command line argument: -Djava.util.logging.config.file=D:\Libary for programs\apache-tomcat-8.5.89-windows-x64\apache-tomcat-8.5.89\conf\logging.properties
18-Jul-2023 00:08:25.411 INFO [main] org.apache.catalina.startup.VersionLoggerListener.log Command line argument: -Djava.util.logging.manager=org.apache.juli.ClassLoaderLogManager
18-Jul-2023 00:08:25.412 INFO [main] org.apache.catalina.startup.VersionLoggerListener.log Command line argument: -Djdk.tls.ephemeralDHKeySize=2048
18-Jul-2023 00:08:25.412 INFO [main] org.apache.catalina.startup.VersionLoggerListener.log Command line argument: -Djava.protocol.handler.pkgs=org.apache.catalina.webresources
18-Jul-2023 00:08:25.412 INFO [main] org.apache.catalina.startup.VersionLoggerListener.log Command line argument: -Dignore.endorsed.dirs=
18-Jul-2023 00:08:25.412 INFO [main] org.apache.catalina.startup.VersionLoggerListener.log Command line argument: -Dcatalina.base=D:\Libary for programs\apache-tomcat-8.5.89-windows-x64\apache-tomcat-8.5.89
18-Jul-2023 00:08:25.412 INFO [main] org.apache.catalina.startup.VersionLoggerListener.log Command line argument: -Dcatalina.home=D:\Libary for programs\apache-tomcat-8.5.89-windows-x64\apache-tomcat-8.5.89
18-Jul-2023 00:08:25.412 INFO [main] org.apache.catalina.startup.VersionLoggerListener.log Command line argument: -Djava.io.tmpdir=D:\Libary for programs\apache-tomcat-8.5.89-windows-x64\apache-tomcat-8.5.89\temp
18-Jul-2023 00:08:25.412 INFO [main] org.apache.catalina.core.AprLifecycleListener.lifecycleEvent Loaded Apache Tomcat Native library [1.2.36] using APR version [1.7.2].
18-Jul-2023 00:08:25.412 INFO [main] org.apache.catalina.core.AprLifecycleListener.lifecycleEvent APR capabilities: IPv6 [true], sendfile [true], accept filters [false], random [true], UDS [{4}].
18-Jul-2023 00:08:25.485 INFO [main] org.apache.catalina.core.AprLifecycleListener.lifecycleEvent APR/OpenSSL configuration: useAprConnector [false], useOpenSSL [true]
18-Jul-2023 00:08:25.490 INFO [main] org.apache.catalina.core.AprLifecycleListener.initializeSSL OpenSSL successfully initialized [OpenSSL 1.1.1t  7 Feb 2023]
18-Jul-2023 00:08:25.532 INFO [main] org.apache.coyote.AbstractProtocol.init Initializing ProtocolHandler ["http-nio-8080"]
18-Jul-2023 00:08:25.553 INFO [main] org.apache.catalina.startup.Catalina.load Initialization processed in 645 ms
18-Jul-2023 00:08:25.587 INFO [main] org.apache.catalina.core.StandardService.startInternal Starting service [Catalina]
18-Jul-2023 00:08:25.587 INFO [main] org.apache.catalina.core.StandardEngine.startInternal Starting Servlet engine: [Apache Tomcat/8.5.89]
18-Jul-2023 00:08:25.597 INFO [localhost-startStop-1] org.apache.catalina.startup.HostConfig.deployDescriptor Deploying deployment descriptor [D:\Libary for programs\apache-tomcat-8.5.89-windows-x64\apache-tomcat-8.5.89\conf\Catalina\localhost\Bai14_BookStore_KetNoiDuLieu.xml]
18-Jul-2023 00:08:25.634 SEVERE [localhost-startStop-1] org.apache.catalina.core.ContainerBase.addChildInternal ContainerBase.addChild: start: 
	org.apache.catalina.LifecycleException: Failed to start component [org.apache.catalina.webresources.StandardRoot@32a957af]
		at org.apache.catalina.util.LifecycleBase.handleSubClassException(LifecycleBase.java:440)
		at org.apache.catalina.util.LifecycleBase.start(LifecycleBase.java:198)
		at org.apache.catalina.core.StandardContext.resourcesStart(StandardContext.java:4605)
		at org.apache.catalina.core.StandardContext.startInternal(StandardContext.java:4743)
		at org.apache.catalina.util.LifecycleBase.start(LifecycleBase.java:183)
		at org.apache.catalina.core.ContainerBase.addChildInternal(ContainerBase.java:711)
		at org.apache.catalina.core.ContainerBase.addChild(ContainerBase.java:688)
		at org.apache.catalina.core.StandardHost.addChild(StandardHost.java:661)
		at org.apache.catalina.startup.HostConfig.deployDescriptor(HostConfig.java:673)
		at org.apache.catalina.startup.HostConfig$DeployDescriptor.run(HostConfig.java:1881)
		at java.base/java.util.concurrent.Executors$RunnableAdapter.call(Executors.java:539)
		at java.base/java.util.concurrent.FutureTask.run(FutureTask.java:264)
		at java.base/java.util.concurrent.ThreadPoolExecutor.runWorker(ThreadPoolExecutor.java:1136)
		at java.base/java.util.concurrent.ThreadPoolExecutor$Worker.run(ThreadPoolExecutor.java:635)
		at java.base/java.lang.Thread.run(Thread.java:833)
	Caused by: java.lang.IllegalArgumentException: The main resource set specified [C:\Users\nhatp\OneDrive\Máy tính\Bai14_BookStore_KetNoiDuLieu\build\web] is not a directory or war file, or is not readable (it does not exist or permissions to access it are missing)
		at org.apache.catalina.webresources.StandardRoot.createMainResourceSet(StandardRoot.java:720)
		at org.apache.catalina.webresources.StandardRoot.startInternal(StandardRoot.java:678)
		at org.apache.catalina.util.LifecycleBase.start(LifecycleBase.java:183)
		... 13 more
18-Jul-2023 00:08:25.635 SEVERE [localhost-startStop-1] org.apache.catalina.startup.HostConfig.deployDescriptor Error deploying deployment descriptor [D:\Libary for programs\apache-tomcat-8.5.89-windows-x64\apache-tomcat-8.5.89\conf\Catalina\localhost\Bai14_BookStore_KetNoiDuLieu.xml]
	java.lang.IllegalStateException: Error starting child
		at org.apache.catalina.core.ContainerBase.addChildInternal(ContainerBase.java:715)
		at org.apache.catalina.core.ContainerBase.addChild(ContainerBase.java:688)
		at org.apache.catalina.core.StandardHost.addChild(StandardHost.java:661)
		at org.apache.catalina.startup.HostConfig.deployDescriptor(HostConfig.java:673)
		at org.apache.catalina.startup.HostConfig$DeployDescriptor.run(HostConfig.java:1881)
		at java.base/java.util.concurrent.Executors$RunnableAdapter.call(Executors.java:539)
		at java.base/java.util.concurrent.FutureTask.run(FutureTask.java:264)
		at java.base/java.util.concurrent.ThreadPoolExecutor.runWorker(ThreadPoolExecutor.java:1136)
		at java.base/java.util.concurrent.ThreadPoolExecutor$Worker.run(ThreadPoolExecutor.java:635)
		at java.base/java.lang.Thread.run(Thread.java:833)
	Caused by: org.apache.catalina.LifecycleException: Failed to start component [org.apache.catalina.webresources.StandardRoot@32a957af]
		at org.apache.catalina.util.LifecycleBase.handleSubClassException(LifecycleBase.java:440)
		at org.apache.catalina.util.LifecycleBase.start(LifecycleBase.java:198)
		at org.apache.catalina.core.StandardContext.resourcesStart(StandardContext.java:4605)
		at org.apache.catalina.core.StandardContext.startInternal(StandardContext.java:4743)
		at org.apache.catalina.util.LifecycleBase.start(LifecycleBase.java:183)
		at org.apache.catalina.core.ContainerBase.addChildInternal(ContainerBase.java:711)
		... 9 more
	Caused by: java.lang.IllegalArgumentException: The main resource set specified [C:\Users\nhatp\OneDrive\Máy tính\Bai14_BookStore_KetNoiDuLieu\build\web] is not a directory or war file, or is not readable (it does not exist or permissions to access it are missing)
		at org.apache.catalina.webresources.StandardRoot.createMainResourceSet(StandardRoot.java:720)
		at org.apache.catalina.webresources.StandardRoot.startInternal(StandardRoot.java:678)
		at org.apache.catalina.util.LifecycleBase.start(LifecycleBase.java:183)
		... 13 more
18-Jul-2023 00:08:25.643 INFO [localhost-startStop-1] org.apache.catalina.startup.HostConfig.deployDescriptor Deployment of deployment descriptor [D:\Libary for programs\apache-tomcat-8.5.89-windows-x64\apache-tomcat-8.5.89\conf\Catalina\localhost\Bai14_BookStore_KetNoiDuLieu.xml] has finished in [45] ms
18-Jul-2023 00:08:25.643 INFO [localhost-startStop-1] org.apache.catalina.startup.HostConfig.deployDescriptor Deploying deployment descriptor [D:\Libary for programs\apache-tomcat-8.5.89-windows-x64\apache-tomcat-8.5.89\conf\Catalina\localhost\ClassWork1.xml]
18-Jul-2023 00:08:25.946 INFO [localhost-startStop-1] org.apache.catalina.startup.HostConfig.deployDescriptor Deployment of deployment descriptor [D:\Libary for programs\apache-tomcat-8.5.89-windows-x64\apache-tomcat-8.5.89\conf\Catalina\localhost\ClassWork1.xml] has finished in [303] ms
18-Jul-2023 00:08:25.946 INFO [localhost-startStop-1] org.apache.catalina.startup.HostConfig.deployDescriptor Deploying deployment descriptor [D:\Libary for programs\apache-tomcat-8.5.89-windows-x64\apache-tomcat-8.5.89\conf\Catalina\localhost\Classwork2.1.xml]
18-Jul-2023 00:08:25.997 INFO [localhost-startStop-1] org.apache.catalina.startup.HostConfig.deployDescriptor Deployment of deployment descriptor [D:\Libary for programs\apache-tomcat-8.5.89-windows-x64\apache-tomcat-8.5.89\conf\Catalina\localhost\Classwork2.1.xml] has finished in [51] ms
18-Jul-2023 00:08:25.997 INFO [localhost-startStop-1] org.apache.catalina.startup.HostConfig.deployDescriptor Deploying deployment descriptor [D:\Libary for programs\apache-tomcat-8.5.89-windows-x64\apache-tomcat-8.5.89\conf\Catalina\localhost\ClassWork3.xml]
18-Jul-2023 00:08:26.020 INFO [localhost-startStop-1] org.apache.catalina.startup.HostConfig.deployDescriptor Deployment of deployment descriptor [D:\Libary for programs\apache-tomcat-8.5.89-windows-x64\apache-tomcat-8.5.89\conf\Catalina\localhost\ClassWork3.xml] has finished in [23] ms
18-Jul-2023 00:08:26.020 INFO [localhost-startStop-1] org.apache.catalina.startup.HostConfig.deployDescriptor Deploying deployment descriptor [D:\Libary for programs\apache-tomcat-8.5.89-windows-x64\apache-tomcat-8.5.89\conf\Catalina\localhost\Classwork4.xml]
18-Jul-2023 00:08:26.484 INFO [localhost-startStop-1] org.apache.jasper.servlet.TldScanner.scanJars At least one JAR was scanned for TLDs yet contained no TLDs. Enable debug logging for this logger for a complete list of JARs that were scanned but no TLDs were found in them. Skipping unneeded JARs during scanning can improve startup time and JSP compilation time.
18-Jul-2023 00:08:26.496 INFO [localhost-startStop-1] org.apache.catalina.startup.HostConfig.deployDescriptor Deployment of deployment descriptor [D:\Libary for programs\apache-tomcat-8.5.89-windows-x64\apache-tomcat-8.5.89\conf\Catalina\localhost\Classwork4.xml] has finished in [476] ms
18-Jul-2023 00:08:26.496 INFO [localhost-startStop-1] org.apache.catalina.startup.HostConfig.deployDescriptor Deploying deployment descriptor [D:\Libary for programs\apache-tomcat-8.5.89-windows-x64\apache-tomcat-8.5.89\conf\Catalina\localhost\Classwork5_1.xml]
18-Jul-2023 00:08:26.626 INFO [localhost-startStop-1] org.apache.catalina.startup.HostConfig.deployDescriptor Deployment of deployment descriptor [D:\Libary for programs\apache-tomcat-8.5.89-windows-x64\apache-tomcat-8.5.89\conf\Catalina\localhost\Classwork5_1.xml] has finished in [130] ms
18-Jul-2023 00:08:26.626 INFO [localhost-startStop-1] org.apache.catalina.startup.HostConfig.deployDescriptor Deploying deployment descriptor [D:\Libary for programs\apache-tomcat-8.5.89-windows-x64\apache-tomcat-8.5.89\conf\Catalina\localhost\Classwork6.xml]
18-Jul-2023 00:08:27.009 INFO [localhost-startStop-1] org.apache.jasper.servlet.TldScanner.scanJars At least one JAR was scanned for TLDs yet contained no TLDs. Enable debug logging for this logger for a complete list of JARs that were scanned but no TLDs were found in them. Skipping unneeded JARs during scanning can improve startup time and JSP compilation time.
18-Jul-2023 00:08:27.018 INFO [localhost-startStop-1] org.apache.catalina.startup.HostConfig.deployDescriptor Deployment of deployment descriptor [D:\Libary for programs\apache-tomcat-8.5.89-windows-x64\apache-tomcat-8.5.89\conf\Catalina\localhost\Classwork6.xml] has finished in [392] ms
18-Jul-2023 00:08:27.018 INFO [localhost-startStop-1] org.apache.catalina.startup.HostConfig.deployDescriptor Deploying deployment descriptor [D:\Libary for programs\apache-tomcat-8.5.89-windows-x64\apache-tomcat-8.5.89\conf\Catalina\localhost\CustomTag.xml]
18-Jul-2023 00:08:27.142 INFO [localhost-startStop-1] org.apache.jasper.servlet.TldScanner.scanJars At least one JAR was scanned for TLDs yet contained no TLDs. Enable debug logging for this logger for a complete list of JARs that were scanned but no TLDs were found in them. Skipping unneeded JARs during scanning can improve startup time and JSP compilation time.
18-Jul-2023 00:08:27.147 INFO [localhost-startStop-1] org.apache.catalina.startup.HostConfig.deployDescriptor Deployment of deployment descriptor [D:\Libary for programs\apache-tomcat-8.5.89-windows-x64\apache-tomcat-8.5.89\conf\Catalina\localhost\CustomTag.xml] has finished in [129] ms
18-Jul-2023 00:08:27.147 INFO [localhost-startStop-1] org.apache.catalina.startup.HostConfig.deployDescriptor Deploying deployment descriptor [D:\Libary for programs\apache-tomcat-8.5.89-windows-x64\apache-tomcat-8.5.89\conf\Catalina\localhost\Example.xml]
18-Jul-2023 00:08:27.162 INFO [localhost-startStop-1] org.apache.catalina.startup.HostConfig.deployDescriptor Deployment of deployment descriptor [D:\Libary for programs\apache-tomcat-8.5.89-windows-x64\apache-tomcat-8.5.89\conf\Catalina\localhost\Example.xml] has finished in [15] ms
18-Jul-2023 00:08:27.163 INFO [localhost-startStop-1] org.apache.catalina.startup.HostConfig.deployDescriptor Deploying deployment descriptor [D:\Libary for programs\apache-tomcat-8.5.89-windows-x64\apache-tomcat-8.5.89\conf\Catalina\localhost\FinalProjectPRJ301.xml]
18-Jul-2023 00:08:27.464 INFO [localhost-startStop-1] org.apache.jasper.servlet.TldScanner.scanJars At least one JAR was scanned for TLDs yet contained no TLDs. Enable debug logging for this logger for a complete list of JARs that were scanned but no TLDs were found in them. Skipping unneeded JARs during scanning can improve startup time and JSP compilation time.
18-Jul-2023 00:08:27.487 INFO [localhost-startStop-1] org.apache.catalina.startup.HostConfig.deployDescriptor Deployment of deployment descriptor [D:\Libary for programs\apache-tomcat-8.5.89-windows-x64\apache-tomcat-8.5.89\conf\Catalina\localhost\FinalProjectPRJ301.xml] has finished in [324] ms
18-Jul-2023 00:08:27.487 INFO [localhost-startStop-1] org.apache.catalina.startup.HostConfig.deployDescriptor Deploying deployment descriptor [D:\Libary for programs\apache-tomcat-8.5.89-windows-x64\apache-tomcat-8.5.89\conf\Catalina\localhost\PresonnalProject.xml]
18-Jul-2023 00:08:27.770 INFO [localhost-startStop-1] org.apache.jasper.servlet.TldScanner.scanJars At least one JAR was scanned for TLDs yet contained no TLDs. Enable debug logging for this logger for a complete list of JARs that were scanned but no TLDs were found in them. Skipping unneeded JARs during scanning can improve startup time and JSP compilation time.
18-Jul-2023 00:08:27.777 INFO [localhost-startStop-1] org.apache.catalina.startup.HostConfig.deployDescriptor Deployment of deployment descriptor [D:\Libary for programs\apache-tomcat-8.5.89-windows-x64\apache-tomcat-8.5.89\conf\Catalina\localhost\PresonnalProject.xml] has finished in [290] ms
18-Jul-2023 00:08:27.777 INFO [localhost-startStop-1] org.apache.catalina.startup.HostConfig.deployDescriptor Deploying deployment descriptor [D:\Libary for programs\apache-tomcat-8.5.89-windows-x64\apache-tomcat-8.5.89\conf\Catalina\localhost\ServletFilterExmaple.xml]
18-Jul-2023 00:08:27.807 INFO [localhost-startStop-1] org.apache.catalina.startup.HostConfig.deployDescriptor Deployment of deployment descriptor [D:\Libary for programs\apache-tomcat-8.5.89-windows-x64\apache-tomcat-8.5.89\conf\Catalina\localhost\ServletFilterExmaple.xml] has finished in [30] ms
18-Jul-2023 00:08:27.807 INFO [localhost-startStop-1] org.apache.catalina.startup.HostConfig.deployDescriptor Deploying deployment descriptor [D:\Libary for programs\apache-tomcat-8.5.89-windows-x64\apache-tomcat-8.5.89\conf\Catalina\localhost\test.xml]
18-Jul-2023 00:08:27.811 SEVERE [localhost-startStop-1] org.apache.catalina.core.ContainerBase.addChildInternal ContainerBase.addChild: start: 
	org.apache.catalina.LifecycleException: Failed to start component [org.apache.catalina.webresources.StandardRoot@54c95a8c]
		at org.apache.catalina.util.LifecycleBase.handleSubClassException(LifecycleBase.java:440)
		at org.apache.catalina.util.LifecycleBase.start(LifecycleBase.java:198)
		at org.apache.catalina.core.StandardContext.resourcesStart(StandardContext.java:4605)
		at org.apache.catalina.core.StandardContext.startInternal(StandardContext.java:4743)
		at org.apache.catalina.util.LifecycleBase.start(LifecycleBase.java:183)
		at org.apache.catalina.core.ContainerBase.addChildInternal(ContainerBase.java:711)
		at org.apache.catalina.core.ContainerBase.addChild(ContainerBase.java:688)
		at org.apache.catalina.core.StandardHost.addChild(StandardHost.java:661)
		at org.apache.catalina.startup.HostConfig.deployDescriptor(HostConfig.java:673)
		at org.apache.catalina.startup.HostConfig$DeployDescriptor.run(HostConfig.java:1881)
		at java.base/java.util.concurrent.Executors$RunnableAdapter.call(Executors.java:539)
		at java.base/java.util.concurrent.FutureTask.run(FutureTask.java:264)
		at java.base/java.util.concurrent.ThreadPoolExecutor.runWorker(ThreadPoolExecutor.java:1136)
		at java.base/java.util.concurrent.ThreadPoolExecutor$Worker.run(ThreadPoolExecutor.java:635)
		at java.base/java.lang.Thread.run(Thread.java:833)
	Caused by: java.lang.IllegalArgumentException: The main resource set specified [D:\Java\test\build\web] is not a directory or war file, or is not readable (it does not exist or permissions to access it are missing)
		at org.apache.catalina.webresources.StandardRoot.createMainResourceSet(StandardRoot.java:720)
		at org.apache.catalina.webresources.StandardRoot.startInternal(StandardRoot.java:678)
		at org.apache.catalina.util.LifecycleBase.start(LifecycleBase.java:183)
		... 13 more
18-Jul-2023 00:08:27.811 SEVERE [localhost-startStop-1] org.apache.catalina.startup.HostConfig.deployDescriptor Error deploying deployment descriptor [D:\Libary for programs\apache-tomcat-8.5.89-windows-x64\apache-tomcat-8.5.89\conf\Catalina\localhost\test.xml]
	java.lang.IllegalStateException: Error starting child
		at org.apache.catalina.core.ContainerBase.addChildInternal(ContainerBase.java:715)
		at org.apache.catalina.core.ContainerBase.addChild(ContainerBase.java:688)
		at org.apache.catalina.core.StandardHost.addChild(StandardHost.java:661)
		at org.apache.catalina.startup.HostConfig.deployDescriptor(HostConfig.java:673)
		at org.apache.catalina.startup.HostConfig$DeployDescriptor.run(HostConfig.java:1881)
		at java.base/java.util.concurrent.Executors$RunnableAdapter.call(Executors.java:539)
		at java.base/java.util.concurrent.FutureTask.run(FutureTask.java:264)
		at java.base/java.util.concurrent.ThreadPoolExecutor.runWorker(ThreadPoolExecutor.java:1136)
		at java.base/java.util.concurrent.ThreadPoolExecutor$Worker.run(ThreadPoolExecutor.java:635)
		at java.base/java.lang.Thread.run(Thread.java:833)
	Caused by: org.apache.catalina.LifecycleException: Failed to start component [org.apache.catalina.webresources.StandardRoot@54c95a8c]
		at org.apache.catalina.util.LifecycleBase.handleSubClassException(LifecycleBase.java:440)
		at org.apache.catalina.util.LifecycleBase.start(LifecycleBase.java:198)
		at org.apache.catalina.core.StandardContext.resourcesStart(StandardContext.java:4605)
		at org.apache.catalina.core.StandardContext.startInternal(StandardContext.java:4743)
		at org.apache.catalina.util.LifecycleBase.start(LifecycleBase.java:183)
		at org.apache.catalina.core.ContainerBase.addChildInternal(ContainerBase.java:711)
		... 9 more
	Caused by: java.lang.IllegalArgumentException: The main resource set specified [D:\Java\test\build\web] is not a directory or war file, or is not readable (it does not exist or permissions to access it are missing)
		at org.apache.catalina.webresources.StandardRoot.createMainResourceSet(StandardRoot.java:720)
		at org.apache.catalina.webresources.StandardRoot.startInternal(StandardRoot.java:678)
		at org.apache.catalina.util.LifecycleBase.start(LifecycleBase.java:183)
		... 13 more
18-Jul-2023 00:08:27.813 INFO [localhost-startStop-1] org.apache.catalina.startup.HostConfig.deployDescriptor Deployment of deployment descriptor [D:\Libary for programs\apache-tomcat-8.5.89-windows-x64\apache-tomcat-8.5.89\conf\Catalina\localhost\test.xml] has finished in [6] ms
18-Jul-2023 00:08:27.813 INFO [localhost-startStop-1] org.apache.catalina.startup.HostConfig.deployDescriptor Deploying deployment descriptor [D:\Libary for programs\apache-tomcat-8.5.89-windows-x64\apache-tomcat-8.5.89\conf\Catalina\localhost\WebappCustomTagDemo.xml]
18-Jul-2023 00:08:27.848 INFO [localhost-startStop-1] org.apache.catalina.startup.HostConfig.deployDescriptor Deployment of deployment descriptor [D:\Libary for programs\apache-tomcat-8.5.89-windows-x64\apache-tomcat-8.5.89\conf\Catalina\localhost\WebappCustomTagDemo.xml] has finished in [35] ms
18-Jul-2023 00:08:27.848 INFO [localhost-startStop-1] org.apache.catalina.startup.HostConfig.deployDescriptor Deploying deployment descriptor [D:\Libary for programs\apache-tomcat-8.5.89-windows-x64\apache-tomcat-8.5.89\conf\Catalina\localhost\Weblistener.xml]
18-Jul-2023 00:08:27.853 SEVERE [localhost-startStop-1] org.apache.catalina.core.ContainerBase.addChildInternal ContainerBase.addChild: start: 
	org.apache.catalina.LifecycleException: Failed to start component [org.apache.catalina.webresources.StandardRoot@7bdcb04c]
		at org.apache.catalina.util.LifecycleBase.handleSubClassException(LifecycleBase.java:440)
		at org.apache.catalina.util.LifecycleBase.start(LifecycleBase.java:198)
		at org.apache.catalina.core.StandardContext.resourcesStart(StandardContext.java:4605)
		at org.apache.catalina.core.StandardContext.startInternal(StandardContext.java:4743)
		at org.apache.catalina.util.LifecycleBase.start(LifecycleBase.java:183)
		at org.apache.catalina.core.ContainerBase.addChildInternal(ContainerBase.java:711)
		at org.apache.catalina.core.ContainerBase.addChild(ContainerBase.java:688)
		at org.apache.catalina.core.StandardHost.addChild(StandardHost.java:661)
		at org.apache.catalina.startup.HostConfig.deployDescriptor(HostConfig.java:673)
		at org.apache.catalina.startup.HostConfig$DeployDescriptor.run(HostConfig.java:1881)
		at java.base/java.util.concurrent.Executors$RunnableAdapter.call(Executors.java:539)
		at java.base/java.util.concurrent.FutureTask.run(FutureTask.java:264)
		at java.base/java.util.concurrent.ThreadPoolExecutor.runWorker(ThreadPoolExecutor.java:1136)
		at java.base/java.util.concurrent.ThreadPoolExecutor$Worker.run(ThreadPoolExecutor.java:635)
		at java.base/java.lang.Thread.run(Thread.java:833)
	Caused by: java.lang.IllegalArgumentException: The main resource set specified [D:\Java\Weblistener\build\web] is not a directory or war file, or is not readable (it does not exist or permissions to access it are missing)
		at org.apache.catalina.webresources.StandardRoot.createMainResourceSet(StandardRoot.java:720)
		at org.apache.catalina.webresources.StandardRoot.startInternal(StandardRoot.java:678)
		at org.apache.catalina.util.LifecycleBase.start(LifecycleBase.java:183)
		... 13 more
18-Jul-2023 00:08:27.853 SEVERE [localhost-startStop-1] org.apache.catalina.startup.HostConfig.deployDescriptor Error deploying deployment descriptor [D:\Libary for programs\apache-tomcat-8.5.89-windows-x64\apache-tomcat-8.5.89\conf\Catalina\localhost\Weblistener.xml]
	java.lang.IllegalStateException: Error starting child
		at org.apache.catalina.core.ContainerBase.addChildInternal(ContainerBase.java:715)
		at org.apache.catalina.core.ContainerBase.addChild(ContainerBase.java:688)
		at org.apache.catalina.core.StandardHost.addChild(StandardHost.java:661)
		at org.apache.catalina.startup.HostConfig.deployDescriptor(HostConfig.java:673)
		at org.apache.catalina.startup.HostConfig$DeployDescriptor.run(HostConfig.java:1881)
		at java.base/java.util.concurrent.Executors$RunnableAdapter.call(Executors.java:539)
		at java.base/java.util.concurrent.FutureTask.run(FutureTask.java:264)
		at java.base/java.util.concurrent.ThreadPoolExecutor.runWorker(ThreadPoolExecutor.java:1136)
		at java.base/java.util.concurrent.ThreadPoolExecutor$Worker.run(ThreadPoolExecutor.java:635)
		at java.base/java.lang.Thread.run(Thread.java:833)
	Caused by: org.apache.catalina.LifecycleException: Failed to start component [org.apache.catalina.webresources.StandardRoot@7bdcb04c]
		at org.apache.catalina.util.LifecycleBase.handleSubClassException(LifecycleBase.java:440)
		at org.apache.catalina.util.LifecycleBase.start(LifecycleBase.java:198)
		at org.apache.catalina.core.StandardContext.resourcesStart(StandardContext.java:4605)
		at org.apache.catalina.core.StandardContext.startInternal(StandardContext.java:4743)
		at org.apache.catalina.util.LifecycleBase.start(LifecycleBase.java:183)
		at org.apache.catalina.core.ContainerBase.addChildInternal(ContainerBase.java:711)
		... 9 more
	Caused by: java.lang.IllegalArgumentException: The main resource set specified [D:\Java\Weblistener\build\web] is not a directory or war file, or is not readable (it does not exist or permissions to access it are missing)
		at org.apache.catalina.webresources.StandardRoot.createMainResourceSet(StandardRoot.java:720)
		at org.apache.catalina.webresources.StandardRoot.startInternal(StandardRoot.java:678)
		at org.apache.catalina.util.LifecycleBase.start(LifecycleBase.java:183)
		... 13 more
18-Jul-2023 00:08:27.897 INFO [localhost-startStop-1] org.apache.catalina.startup.HostConfig.deployDescriptor Deployment of deployment descriptor [D:\Libary for programs\apache-tomcat-8.5.89-windows-x64\apache-tomcat-8.5.89\conf\Catalina\localhost\Weblistener.xml] has finished in [48] ms
18-Jul-2023 00:08:27.898 INFO [localhost-startStop-1] org.apache.catalina.startup.HostConfig.deployDirectory Deploying web application directory [D:\Libary for programs\apache-tomcat-8.5.89-windows-x64\apache-tomcat-8.5.89\webapps\docs]
18-Jul-2023 00:08:27.920 INFO [localhost-startStop-1] org.apache.catalina.startup.HostConfig.deployDirectory Deployment of web application directory [D:\Libary for programs\apache-tomcat-8.5.89-windows-x64\apache-tomcat-8.5.89\webapps\docs] has finished in [22] ms
18-Jul-2023 00:08:27.920 INFO [localhost-startStop-1] org.apache.catalina.startup.HostConfig.deployDirectory Deploying web application directory [D:\Libary for programs\apache-tomcat-8.5.89-windows-x64\apache-tomcat-8.5.89\webapps\examples]
18-Jul-2023 00:08:28.243 INFO [localhost-startStop-1] org.apache.catalina.startup.HostConfig.deployDirectory Deployment of web application directory [D:\Libary for programs\apache-tomcat-8.5.89-windows-x64\apache-tomcat-8.5.89\webapps\examples] has finished in [323] ms
18-Jul-2023 00:08:28.243 INFO [localhost-startStop-1] org.apache.catalina.startup.HostConfig.deployDirectory Deploying web application directory [D:\Libary for programs\apache-tomcat-8.5.89-windows-x64\apache-tomcat-8.5.89\webapps\host-manager]
18-Jul-2023 00:08:28.265 INFO [localhost-startStop-1] org.apache.catalina.startup.HostConfig.deployDirectory Deployment of web application directory [D:\Libary for programs\apache-tomcat-8.5.89-windows-x64\apache-tomcat-8.5.89\webapps\host-manager] has finished in [22] ms
18-Jul-2023 00:08:28.265 INFO [localhost-startStop-1] org.apache.catalina.startup.HostConfig.deployDirectory Deploying web application directory [D:\Libary for programs\apache-tomcat-8.5.89-windows-x64\apache-tomcat-8.5.89\webapps\manager]
18-Jul-2023 00:08:28.283 INFO [localhost-startStop-1] org.apache.catalina.startup.HostConfig.deployDirectory Deployment of web application directory [D:\Libary for programs\apache-tomcat-8.5.89-windows-x64\apache-tomcat-8.5.89\webapps\manager] has finished in [18] ms
18-Jul-2023 00:08:28.283 INFO [localhost-startStop-1] org.apache.catalina.startup.HostConfig.deployDirectory Deploying web application directory [D:\Libary for programs\apache-tomcat-8.5.89-windows-x64\apache-tomcat-8.5.89\webapps\ROOT]
18-Jul-2023 00:08:28.296 INFO [localhost-startStop-1] org.apache.catalina.startup.HostConfig.deployDirectory Deployment of web application directory [D:\Libary for programs\apache-tomcat-8.5.89-windows-x64\apache-tomcat-8.5.89\webapps\ROOT] has finished in [13] ms
18-Jul-2023 00:08:28.298 INFO [main] org.apache.coyote.AbstractProtocol.start Starting ProtocolHandler ["http-nio-8080"]
18-Jul-2023 00:08:28.331 INFO [main] org.apache.catalina.startup.Catalina.start Server startup in 2776 ms
18-Jul-2023 00:08:30.327 INFO [http-nio-8080-exec-10] org.apache.catalina.core.StandardContext.reload Reloading Context with name [/FinalProjectPRJ301] has started
18-Jul-2023 00:08:30.500 INFO [http-nio-8080-exec-10] org.apache.jasper.servlet.TldScanner.scanJars At least one JAR was scanned for TLDs yet contained no TLDs. Enable debug logging for this logger for a complete list of JARs that were scanned but no TLDs were found in them. Skipping unneeded JARs during scanning can improve startup time and JSP compilation time.
18-Jul-2023 00:08:30.508 INFO [http-nio-8080-exec-10] org.apache.catalina.core.StandardContext.reload Reloading Context with name [/FinalProjectPRJ301] is completed
18-Jul-2023 00:39:16.517 INFO [main] org.apache.catalina.core.StandardServer.await A valid shutdown command was received via the shutdown port. Stopping the Server instance.
18-Jul-2023 00:39:16.517 INFO [main] org.apache.coyote.AbstractProtocol.pause Pausing ProtocolHandler ["http-nio-8080"]
18-Jul-2023 00:39:16.525 INFO [main] org.apache.catalina.core.StandardService.stopInternal Stopping service [Catalina]
18-Jul-2023 00:39:16.600 WARNING [localhost-startStop-2] org.apache.catalina.loader.WebappClassLoaderBase.clearReferencesJdbc The web application [FinalProjectPRJ301] registered the JDBC driver [com.microsoft.sqlserver.jdbc.SQLServerDriver] but failed to unregister it when the web application was stopped. To prevent a memory leak, the JDBC Driver has been forcibly unregistered.
18-Jul-2023 00:39:16.614 INFO [main] org.apache.coyote.AbstractProtocol.stop Stopping ProtocolHandler ["http-nio-8080"]
18-Jul-2023 00:39:16.618 INFO [main] org.apache.coyote.AbstractProtocol.destroy Destroying ProtocolHandler ["http-nio-8080"]
18-Jul-2023 08:05:40.325 INFO [main] org.apache.catalina.startup.VersionLoggerListener.log Server version name:   Apache Tomcat/8.5.89
18-Jul-2023 08:05:40.328 INFO [main] org.apache.catalina.startup.VersionLoggerListener.log Server built:          May 9 2023 16:21:47 UTC
18-Jul-2023 08:05:40.328 INFO [main] org.apache.catalina.startup.VersionLoggerListener.log Server version number: 8.5.89.0
18-Jul-2023 08:05:40.328 INFO [main] org.apache.catalina.startup.VersionLoggerListener.log OS Name:               Windows 11
18-Jul-2023 08:05:40.328 INFO [main] org.apache.catalina.startup.VersionLoggerListener.log OS Version:            10.0
18-Jul-2023 08:05:40.328 INFO [main] org.apache.catalina.startup.VersionLoggerListener.log Architecture:          amd64
18-Jul-2023 08:05:40.328 INFO [main] org.apache.catalina.startup.VersionLoggerListener.log Java Home:             C:\Program Files\Java\jdk-18.0.2.1
18-Jul-2023 08:05:40.328 INFO [main] org.apache.catalina.startup.VersionLoggerListener.log JVM Version:           18.0.2.1+1-1
18-Jul-2023 08:05:40.328 INFO [main] org.apache.catalina.startup.VersionLoggerListener.log JVM Vendor:            Oracle Corporation
18-Jul-2023 08:05:40.328 INFO [main] org.apache.catalina.startup.VersionLoggerListener.log CATALINA_BASE:         D:\Libary for programs\apache-tomcat-8.5.89-windows-x64\apache-tomcat-8.5.89
18-Jul-2023 08:05:40.328 INFO [main] org.apache.catalina.startup.VersionLoggerListener.log CATALINA_HOME:         D:\Libary for programs\apache-tomcat-8.5.89-windows-x64\apache-tomcat-8.5.89
18-Jul-2023 08:05:40.329 INFO [main] org.apache.catalina.startup.VersionLoggerListener.log Command line argument: --add-opens=java.base/java.lang=ALL-UNNAMED
18-Jul-2023 08:05:40.330 INFO [main] org.apache.catalina.startup.VersionLoggerListener.log Command line argument: --add-opens=java.base/java.io=ALL-UNNAMED
18-Jul-2023 08:05:40.330 INFO [main] org.apache.catalina.startup.VersionLoggerListener.log Command line argument: --add-opens=java.base/java.util=ALL-UNNAMED
18-Jul-2023 08:05:40.330 INFO [main] org.apache.catalina.startup.VersionLoggerListener.log Command line argument: --add-opens=java.base/java.util.concurrent=ALL-UNNAMED
18-Jul-2023 08:05:40.330 INFO [main] org.apache.catalina.startup.VersionLoggerListener.log Command line argument: --add-opens=java.rmi/sun.rmi.transport=ALL-UNNAMED
18-Jul-2023 08:05:40.330 INFO [main] org.apache.catalina.startup.VersionLoggerListener.log Command line argument: -Djava.util.logging.config.file=D:\Libary for programs\apache-tomcat-8.5.89-windows-x64\apache-tomcat-8.5.89\conf\logging.properties
18-Jul-2023 08:05:40.330 INFO [main] org.apache.catalina.startup.VersionLoggerListener.log Command line argument: -Djava.util.logging.manager=org.apache.juli.ClassLoaderLogManager
18-Jul-2023 08:05:40.330 INFO [main] org.apache.catalina.startup.VersionLoggerListener.log Command line argument: -Djdk.tls.ephemeralDHKeySize=2048
18-Jul-2023 08:05:40.330 INFO [main] org.apache.catalina.startup.VersionLoggerListener.log Command line argument: -Djava.protocol.handler.pkgs=org.apache.catalina.webresources
18-Jul-2023 08:05:40.330 INFO [main] org.apache.catalina.startup.VersionLoggerListener.log Command line argument: -Dignore.endorsed.dirs=
18-Jul-2023 08:05:40.330 INFO [main] org.apache.catalina.startup.VersionLoggerListener.log Command line argument: -Dcatalina.base=D:\Libary for programs\apache-tomcat-8.5.89-windows-x64\apache-tomcat-8.5.89
18-Jul-2023 08:05:40.330 INFO [main] org.apache.catalina.startup.VersionLoggerListener.log Command line argument: -Dcatalina.home=D:\Libary for programs\apache-tomcat-8.5.89-windows-x64\apache-tomcat-8.5.89
18-Jul-2023 08:05:40.330 INFO [main] org.apache.catalina.startup.VersionLoggerListener.log Command line argument: -Djava.io.tmpdir=D:\Libary for programs\apache-tomcat-8.5.89-windows-x64\apache-tomcat-8.5.89\temp
18-Jul-2023 08:05:40.330 INFO [main] org.apache.catalina.core.AprLifecycleListener.lifecycleEvent Loaded Apache Tomcat Native library [1.2.36] using APR version [1.7.2].
18-Jul-2023 08:05:40.330 INFO [main] org.apache.catalina.core.AprLifecycleListener.lifecycleEvent APR capabilities: IPv6 [true], sendfile [true], accept filters [false], random [true], UDS [{4}].
18-Jul-2023 08:05:40.438 INFO [main] org.apache.catalina.core.AprLifecycleListener.lifecycleEvent APR/OpenSSL configuration: useAprConnector [false], useOpenSSL [true]
18-Jul-2023 08:05:40.443 INFO [main] org.apache.catalina.core.AprLifecycleListener.initializeSSL OpenSSL successfully initialized [OpenSSL 1.1.1t  7 Feb 2023]
18-Jul-2023 08:05:40.485 INFO [main] org.apache.coyote.AbstractProtocol.init Initializing ProtocolHandler ["http-nio-8080"]
18-Jul-2023 08:05:40.505 INFO [main] org.apache.catalina.startup.Catalina.load Initialization processed in 672 ms
18-Jul-2023 08:05:40.542 INFO [main] org.apache.catalina.core.StandardService.startInternal Starting service [Catalina]
18-Jul-2023 08:05:40.542 INFO [main] org.apache.catalina.core.StandardEngine.startInternal Starting Servlet engine: [Apache Tomcat/8.5.89]
18-Jul-2023 08:05:40.552 INFO [localhost-startStop-1] org.apache.catalina.startup.HostConfig.deployDescriptor Deploying deployment descriptor [D:\Libary for programs\apache-tomcat-8.5.89-windows-x64\apache-tomcat-8.5.89\conf\Catalina\localhost\Bai14_BookStore_KetNoiDuLieu.xml]
18-Jul-2023 08:05:40.594 SEVERE [localhost-startStop-1] org.apache.catalina.core.ContainerBase.addChildInternal ContainerBase.addChild: start: 
	org.apache.catalina.LifecycleException: Failed to start component [org.apache.catalina.webresources.StandardRoot@6fbf2571]
		at org.apache.catalina.util.LifecycleBase.handleSubClassException(LifecycleBase.java:440)
		at org.apache.catalina.util.LifecycleBase.start(LifecycleBase.java:198)
		at org.apache.catalina.core.StandardContext.resourcesStart(StandardContext.java:4605)
		at org.apache.catalina.core.StandardContext.startInternal(StandardContext.java:4743)
		at org.apache.catalina.util.LifecycleBase.start(LifecycleBase.java:183)
		at org.apache.catalina.core.ContainerBase.addChildInternal(ContainerBase.java:711)
		at org.apache.catalina.core.ContainerBase.addChild(ContainerBase.java:688)
		at org.apache.catalina.core.StandardHost.addChild(StandardHost.java:661)
		at org.apache.catalina.startup.HostConfig.deployDescriptor(HostConfig.java:673)
		at org.apache.catalina.startup.HostConfig$DeployDescriptor.run(HostConfig.java:1881)
		at java.base/java.util.concurrent.Executors$RunnableAdapter.call(Executors.java:539)
		at java.base/java.util.concurrent.FutureTask.run(FutureTask.java:264)
		at java.base/java.util.concurrent.ThreadPoolExecutor.runWorker(ThreadPoolExecutor.java:1136)
		at java.base/java.util.concurrent.ThreadPoolExecutor$Worker.run(ThreadPoolExecutor.java:635)
		at java.base/java.lang.Thread.run(Thread.java:833)
	Caused by: java.lang.IllegalArgumentException: The main resource set specified [C:\Users\nhatp\OneDrive\Máy tính\Bai14_BookStore_KetNoiDuLieu\build\web] is not a directory or war file, or is not readable (it does not exist or permissions to access it are missing)
		at org.apache.catalina.webresources.StandardRoot.createMainResourceSet(StandardRoot.java:720)
		at org.apache.catalina.webresources.StandardRoot.startInternal(StandardRoot.java:678)
		at org.apache.catalina.util.LifecycleBase.start(LifecycleBase.java:183)
		... 13 more
18-Jul-2023 08:05:40.595 SEVERE [localhost-startStop-1] org.apache.catalina.startup.HostConfig.deployDescriptor Error deploying deployment descriptor [D:\Libary for programs\apache-tomcat-8.5.89-windows-x64\apache-tomcat-8.5.89\conf\Catalina\localhost\Bai14_BookStore_KetNoiDuLieu.xml]
	java.lang.IllegalStateException: Error starting child
		at org.apache.catalina.core.ContainerBase.addChildInternal(ContainerBase.java:715)
		at org.apache.catalina.core.ContainerBase.addChild(ContainerBase.java:688)
		at org.apache.catalina.core.StandardHost.addChild(StandardHost.java:661)
		at org.apache.catalina.startup.HostConfig.deployDescriptor(HostConfig.java:673)
		at org.apache.catalina.startup.HostConfig$DeployDescriptor.run(HostConfig.java:1881)
		at java.base/java.util.concurrent.Executors$RunnableAdapter.call(Executors.java:539)
		at java.base/java.util.concurrent.FutureTask.run(FutureTask.java:264)
		at java.base/java.util.concurrent.ThreadPoolExecutor.runWorker(ThreadPoolExecutor.java:1136)
		at java.base/java.util.concurrent.ThreadPoolExecutor$Worker.run(ThreadPoolExecutor.java:635)
		at java.base/java.lang.Thread.run(Thread.java:833)
	Caused by: org.apache.catalina.LifecycleException: Failed to start component [org.apache.catalina.webresources.StandardRoot@6fbf2571]
		at org.apache.catalina.util.LifecycleBase.handleSubClassException(LifecycleBase.java:440)
		at org.apache.catalina.util.LifecycleBase.start(LifecycleBase.java:198)
		at org.apache.catalina.core.StandardContext.resourcesStart(StandardContext.java:4605)
		at org.apache.catalina.core.StandardContext.startInternal(StandardContext.java:4743)
		at org.apache.catalina.util.LifecycleBase.start(LifecycleBase.java:183)
		at org.apache.catalina.core.ContainerBase.addChildInternal(ContainerBase.java:711)
		... 9 more
	Caused by: java.lang.IllegalArgumentException: The main resource set specified [C:\Users\nhatp\OneDrive\Máy tính\Bai14_BookStore_KetNoiDuLieu\build\web] is not a directory or war file, or is not readable (it does not exist or permissions to access it are missing)
		at org.apache.catalina.webresources.StandardRoot.createMainResourceSet(StandardRoot.java:720)
		at org.apache.catalina.webresources.StandardRoot.startInternal(StandardRoot.java:678)
		at org.apache.catalina.util.LifecycleBase.start(LifecycleBase.java:183)
		... 13 more
18-Jul-2023 08:05:40.646 INFO [localhost-startStop-1] org.apache.catalina.startup.HostConfig.deployDescriptor Deployment of deployment descriptor [D:\Libary for programs\apache-tomcat-8.5.89-windows-x64\apache-tomcat-8.5.89\conf\Catalina\localhost\Bai14_BookStore_KetNoiDuLieu.xml] has finished in [93] ms
18-Jul-2023 08:05:40.646 INFO [localhost-startStop-1] org.apache.catalina.startup.HostConfig.deployDescriptor Deploying deployment descriptor [D:\Libary for programs\apache-tomcat-8.5.89-windows-x64\apache-tomcat-8.5.89\conf\Catalina\localhost\ClassWork1.xml]
18-Jul-2023 08:05:40.919 INFO [localhost-startStop-1] org.apache.catalina.startup.HostConfig.deployDescriptor Deployment of deployment descriptor [D:\Libary for programs\apache-tomcat-8.5.89-windows-x64\apache-tomcat-8.5.89\conf\Catalina\localhost\ClassWork1.xml] has finished in [273] ms
18-Jul-2023 08:05:40.919 INFO [localhost-startStop-1] org.apache.catalina.startup.HostConfig.deployDescriptor Deploying deployment descriptor [D:\Libary for programs\apache-tomcat-8.5.89-windows-x64\apache-tomcat-8.5.89\conf\Catalina\localhost\Classwork2.1.xml]
18-Jul-2023 08:05:40.970 INFO [localhost-startStop-1] org.apache.catalina.startup.HostConfig.deployDescriptor Deployment of deployment descriptor [D:\Libary for programs\apache-tomcat-8.5.89-windows-x64\apache-tomcat-8.5.89\conf\Catalina\localhost\Classwork2.1.xml] has finished in [51] ms
18-Jul-2023 08:05:40.970 INFO [localhost-startStop-1] org.apache.catalina.startup.HostConfig.deployDescriptor Deploying deployment descriptor [D:\Libary for programs\apache-tomcat-8.5.89-windows-x64\apache-tomcat-8.5.89\conf\Catalina\localhost\ClassWork3.xml]
18-Jul-2023 08:05:40.992 INFO [localhost-startStop-1] org.apache.catalina.startup.HostConfig.deployDescriptor Deployment of deployment descriptor [D:\Libary for programs\apache-tomcat-8.5.89-windows-x64\apache-tomcat-8.5.89\conf\Catalina\localhost\ClassWork3.xml] has finished in [21] ms
18-Jul-2023 08:05:40.992 INFO [localhost-startStop-1] org.apache.catalina.startup.HostConfig.deployDescriptor Deploying deployment descriptor [D:\Libary for programs\apache-tomcat-8.5.89-windows-x64\apache-tomcat-8.5.89\conf\Catalina\localhost\Classwork4.xml]
18-Jul-2023 08:05:41.458 INFO [localhost-startStop-1] org.apache.jasper.servlet.TldScanner.scanJars At least one JAR was scanned for TLDs yet contained no TLDs. Enable debug logging for this logger for a complete list of JARs that were scanned but no TLDs were found in them. Skipping unneeded JARs during scanning can improve startup time and JSP compilation time.
18-Jul-2023 08:05:41.469 INFO [localhost-startStop-1] org.apache.catalina.startup.HostConfig.deployDescriptor Deployment of deployment descriptor [D:\Libary for programs\apache-tomcat-8.5.89-windows-x64\apache-tomcat-8.5.89\conf\Catalina\localhost\Classwork4.xml] has finished in [477] ms
18-Jul-2023 08:05:41.469 INFO [localhost-startStop-1] org.apache.catalina.startup.HostConfig.deployDescriptor Deploying deployment descriptor [D:\Libary for programs\apache-tomcat-8.5.89-windows-x64\apache-tomcat-8.5.89\conf\Catalina\localhost\Classwork5_1.xml]
18-Jul-2023 08:05:41.604 INFO [localhost-startStop-1] org.apache.catalina.startup.HostConfig.deployDescriptor Deployment of deployment descriptor [D:\Libary for programs\apache-tomcat-8.5.89-windows-x64\apache-tomcat-8.5.89\conf\Catalina\localhost\Classwork5_1.xml] has finished in [135] ms
18-Jul-2023 08:05:41.605 INFO [localhost-startStop-1] org.apache.catalina.startup.HostConfig.deployDescriptor Deploying deployment descriptor [D:\Libary for programs\apache-tomcat-8.5.89-windows-x64\apache-tomcat-8.5.89\conf\Catalina\localhost\Classwork6.xml]
18-Jul-2023 08:05:41.992 INFO [localhost-startStop-1] org.apache.jasper.servlet.TldScanner.scanJars At least one JAR was scanned for TLDs yet contained no TLDs. Enable debug logging for this logger for a complete list of JARs that were scanned but no TLDs were found in them. Skipping unneeded JARs during scanning can improve startup time and JSP compilation time.
18-Jul-2023 08:05:42.000 INFO [localhost-startStop-1] org.apache.catalina.startup.HostConfig.deployDescriptor Deployment of deployment descriptor [D:\Libary for programs\apache-tomcat-8.5.89-windows-x64\apache-tomcat-8.5.89\conf\Catalina\localhost\Classwork6.xml] has finished in [395] ms
18-Jul-2023 08:05:42.000 INFO [localhost-startStop-1] org.apache.catalina.startup.HostConfig.deployDescriptor Deploying deployment descriptor [D:\Libary for programs\apache-tomcat-8.5.89-windows-x64\apache-tomcat-8.5.89\conf\Catalina\localhost\CustomTag.xml]
18-Jul-2023 08:05:42.128 INFO [localhost-startStop-1] org.apache.jasper.servlet.TldScanner.scanJars At least one JAR was scanned for TLDs yet contained no TLDs. Enable debug logging for this logger for a complete list of JARs that were scanned but no TLDs were found in them. Skipping unneeded JARs during scanning can improve startup time and JSP compilation time.
18-Jul-2023 08:05:42.130 INFO [localhost-startStop-1] org.apache.catalina.startup.HostConfig.deployDescriptor Deployment of deployment descriptor [D:\Libary for programs\apache-tomcat-8.5.89-windows-x64\apache-tomcat-8.5.89\conf\Catalina\localhost\CustomTag.xml] has finished in [130] ms
18-Jul-2023 08:05:42.130 INFO [localhost-startStop-1] org.apache.catalina.startup.HostConfig.deployDescriptor Deploying deployment descriptor [D:\Libary for programs\apache-tomcat-8.5.89-windows-x64\apache-tomcat-8.5.89\conf\Catalina\localhost\Example.xml]
18-Jul-2023 08:05:42.143 INFO [localhost-startStop-1] org.apache.catalina.startup.HostConfig.deployDescriptor Deployment of deployment descriptor [D:\Libary for programs\apache-tomcat-8.5.89-windows-x64\apache-tomcat-8.5.89\conf\Catalina\localhost\Example.xml] has finished in [13] ms
18-Jul-2023 08:05:42.143 INFO [localhost-startStop-1] org.apache.catalina.startup.HostConfig.deployDescriptor Deploying deployment descriptor [D:\Libary for programs\apache-tomcat-8.5.89-windows-x64\apache-tomcat-8.5.89\conf\Catalina\localhost\FinalProjectPRJ301.xml]
18-Jul-2023 08:05:42.459 INFO [localhost-startStop-1] org.apache.jasper.servlet.TldScanner.scanJars At least one JAR was scanned for TLDs yet contained no TLDs. Enable debug logging for this logger for a complete list of JARs that were scanned but no TLDs were found in them. Skipping unneeded JARs during scanning can improve startup time and JSP compilation time.
18-Jul-2023 08:05:42.484 INFO [localhost-startStop-1] org.apache.catalina.startup.HostConfig.deployDescriptor Deployment of deployment descriptor [D:\Libary for programs\apache-tomcat-8.5.89-windows-x64\apache-tomcat-8.5.89\conf\Catalina\localhost\FinalProjectPRJ301.xml] has finished in [339] ms
18-Jul-2023 08:05:42.484 INFO [localhost-startStop-1] org.apache.catalina.startup.HostConfig.deployDescriptor Deploying deployment descriptor [D:\Libary for programs\apache-tomcat-8.5.89-windows-x64\apache-tomcat-8.5.89\conf\Catalina\localhost\PresonnalProject.xml]
18-Jul-2023 08:05:42.778 INFO [localhost-startStop-1] org.apache.jasper.servlet.TldScanner.scanJars At least one JAR was scanned for TLDs yet contained no TLDs. Enable debug logging for this logger for a complete list of JARs that were scanned but no TLDs were found in them. Skipping unneeded JARs during scanning can improve startup time and JSP compilation time.
18-Jul-2023 08:05:42.785 INFO [localhost-startStop-1] org.apache.catalina.startup.HostConfig.deployDescriptor Deployment of deployment descriptor [D:\Libary for programs\apache-tomcat-8.5.89-windows-x64\apache-tomcat-8.5.89\conf\Catalina\localhost\PresonnalProject.xml] has finished in [301] ms
18-Jul-2023 08:05:42.786 INFO [localhost-startStop-1] org.apache.catalina.startup.HostConfig.deployDescriptor Deploying deployment descriptor [D:\Libary for programs\apache-tomcat-8.5.89-windows-x64\apache-tomcat-8.5.89\conf\Catalina\localhost\ServletFilterExmaple.xml]
18-Jul-2023 08:05:42.816 INFO [localhost-startStop-1] org.apache.catalina.startup.HostConfig.deployDescriptor Deployment of deployment descriptor [D:\Libary for programs\apache-tomcat-8.5.89-windows-x64\apache-tomcat-8.5.89\conf\Catalina\localhost\ServletFilterExmaple.xml] has finished in [30] ms
18-Jul-2023 08:05:42.816 INFO [localhost-startStop-1] org.apache.catalina.startup.HostConfig.deployDescriptor Deploying deployment descriptor [D:\Libary for programs\apache-tomcat-8.5.89-windows-x64\apache-tomcat-8.5.89\conf\Catalina\localhost\test.xml]
18-Jul-2023 08:05:42.819 SEVERE [localhost-startStop-1] org.apache.catalina.core.ContainerBase.addChildInternal ContainerBase.addChild: start: 
	org.apache.catalina.LifecycleException: Failed to start component [org.apache.catalina.webresources.StandardRoot@36f18db3]
		at org.apache.catalina.util.LifecycleBase.handleSubClassException(LifecycleBase.java:440)
		at org.apache.catalina.util.LifecycleBase.start(LifecycleBase.java:198)
		at org.apache.catalina.core.StandardContext.resourcesStart(StandardContext.java:4605)
		at org.apache.catalina.core.StandardContext.startInternal(StandardContext.java:4743)
		at org.apache.catalina.util.LifecycleBase.start(LifecycleBase.java:183)
		at org.apache.catalina.core.ContainerBase.addChildInternal(ContainerBase.java:711)
		at org.apache.catalina.core.ContainerBase.addChild(ContainerBase.java:688)
		at org.apache.catalina.core.StandardHost.addChild(StandardHost.java:661)
		at org.apache.catalina.startup.HostConfig.deployDescriptor(HostConfig.java:673)
		at org.apache.catalina.startup.HostConfig$DeployDescriptor.run(HostConfig.java:1881)
		at java.base/java.util.concurrent.Executors$RunnableAdapter.call(Executors.java:539)
		at java.base/java.util.concurrent.FutureTask.run(FutureTask.java:264)
		at java.base/java.util.concurrent.ThreadPoolExecutor.runWorker(ThreadPoolExecutor.java:1136)
		at java.base/java.util.concurrent.ThreadPoolExecutor$Worker.run(ThreadPoolExecutor.java:635)
		at java.base/java.lang.Thread.run(Thread.java:833)
	Caused by: java.lang.IllegalArgumentException: The main resource set specified [D:\Java\test\build\web] is not a directory or war file, or is not readable (it does not exist or permissions to access it are missing)
		at org.apache.catalina.webresources.StandardRoot.createMainResourceSet(StandardRoot.java:720)
		at org.apache.catalina.webresources.StandardRoot.startInternal(StandardRoot.java:678)
		at org.apache.catalina.util.LifecycleBase.start(LifecycleBase.java:183)
		... 13 more
18-Jul-2023 08:05:42.819 SEVERE [localhost-startStop-1] org.apache.catalina.startup.HostConfig.deployDescriptor Error deploying deployment descriptor [D:\Libary for programs\apache-tomcat-8.5.89-windows-x64\apache-tomcat-8.5.89\conf\Catalina\localhost\test.xml]
	java.lang.IllegalStateException: Error starting child
		at org.apache.catalina.core.ContainerBase.addChildInternal(ContainerBase.java:715)
		at org.apache.catalina.core.ContainerBase.addChild(ContainerBase.java:688)
		at org.apache.catalina.core.StandardHost.addChild(StandardHost.java:661)
		at org.apache.catalina.startup.HostConfig.deployDescriptor(HostConfig.java:673)
		at org.apache.catalina.startup.HostConfig$DeployDescriptor.run(HostConfig.java:1881)
		at java.base/java.util.concurrent.Executors$RunnableAdapter.call(Executors.java:539)
		at java.base/java.util.concurrent.FutureTask.run(FutureTask.java:264)
		at java.base/java.util.concurrent.ThreadPoolExecutor.runWorker(ThreadPoolExecutor.java:1136)
		at java.base/java.util.concurrent.ThreadPoolExecutor$Worker.run(ThreadPoolExecutor.java:635)
		at java.base/java.lang.Thread.run(Thread.java:833)
	Caused by: org.apache.catalina.LifecycleException: Failed to start component [org.apache.catalina.webresources.StandardRoot@36f18db3]
		at org.apache.catalina.util.LifecycleBase.handleSubClassException(LifecycleBase.java:440)
		at org.apache.catalina.util.LifecycleBase.start(LifecycleBase.java:198)
		at org.apache.catalina.core.StandardContext.resourcesStart(StandardContext.java:4605)
		at org.apache.catalina.core.StandardContext.startInternal(StandardContext.java:4743)
		at org.apache.catalina.util.LifecycleBase.start(LifecycleBase.java:183)
		at org.apache.catalina.core.ContainerBase.addChildInternal(ContainerBase.java:711)
		... 9 more
	Caused by: java.lang.IllegalArgumentException: The main resource set specified [D:\Java\test\build\web] is not a directory or war file, or is not readable (it does not exist or permissions to access it are missing)
		at org.apache.catalina.webresources.StandardRoot.createMainResourceSet(StandardRoot.java:720)
		at org.apache.catalina.webresources.StandardRoot.startInternal(StandardRoot.java:678)
		at org.apache.catalina.util.LifecycleBase.start(LifecycleBase.java:183)
		... 13 more
18-Jul-2023 08:05:42.835 INFO [localhost-startStop-1] org.apache.catalina.startup.HostConfig.deployDescriptor Deployment of deployment descriptor [D:\Libary for programs\apache-tomcat-8.5.89-windows-x64\apache-tomcat-8.5.89\conf\Catalina\localhost\test.xml] has finished in [19] ms
18-Jul-2023 08:05:42.836 INFO [localhost-startStop-1] org.apache.catalina.startup.HostConfig.deployDescriptor Deploying deployment descriptor [D:\Libary for programs\apache-tomcat-8.5.89-windows-x64\apache-tomcat-8.5.89\conf\Catalina\localhost\WebappCustomTagDemo.xml]
18-Jul-2023 08:05:42.868 INFO [localhost-startStop-1] org.apache.catalina.startup.HostConfig.deployDescriptor Deployment of deployment descriptor [D:\Libary for programs\apache-tomcat-8.5.89-windows-x64\apache-tomcat-8.5.89\conf\Catalina\localhost\WebappCustomTagDemo.xml] has finished in [33] ms
18-Jul-2023 08:05:42.869 INFO [localhost-startStop-1] org.apache.catalina.startup.HostConfig.deployDescriptor Deploying deployment descriptor [D:\Libary for programs\apache-tomcat-8.5.89-windows-x64\apache-tomcat-8.5.89\conf\Catalina\localhost\Weblistener.xml]
18-Jul-2023 08:05:42.872 SEVERE [localhost-startStop-1] org.apache.catalina.core.ContainerBase.addChildInternal ContainerBase.addChild: start: 
	org.apache.catalina.LifecycleException: Failed to start component [org.apache.catalina.webresources.StandardRoot@682e013e]
		at org.apache.catalina.util.LifecycleBase.handleSubClassException(LifecycleBase.java:440)
		at org.apache.catalina.util.LifecycleBase.start(LifecycleBase.java:198)
		at org.apache.catalina.core.StandardContext.resourcesStart(StandardContext.java:4605)
		at org.apache.catalina.core.StandardContext.startInternal(StandardContext.java:4743)
		at org.apache.catalina.util.LifecycleBase.start(LifecycleBase.java:183)
		at org.apache.catalina.core.ContainerBase.addChildInternal(ContainerBase.java:711)
		at org.apache.catalina.core.ContainerBase.addChild(ContainerBase.java:688)
		at org.apache.catalina.core.StandardHost.addChild(StandardHost.java:661)
		at org.apache.catalina.startup.HostConfig.deployDescriptor(HostConfig.java:673)
		at org.apache.catalina.startup.HostConfig$DeployDescriptor.run(HostConfig.java:1881)
		at java.base/java.util.concurrent.Executors$RunnableAdapter.call(Executors.java:539)
		at java.base/java.util.concurrent.FutureTask.run(FutureTask.java:264)
		at java.base/java.util.concurrent.ThreadPoolExecutor.runWorker(ThreadPoolExecutor.java:1136)
		at java.base/java.util.concurrent.ThreadPoolExecutor$Worker.run(ThreadPoolExecutor.java:635)
		at java.base/java.lang.Thread.run(Thread.java:833)
	Caused by: java.lang.IllegalArgumentException: The main resource set specified [D:\Java\Weblistener\build\web] is not a directory or war file, or is not readable (it does not exist or permissions to access it are missing)
		at org.apache.catalina.webresources.StandardRoot.createMainResourceSet(StandardRoot.java:720)
		at org.apache.catalina.webresources.StandardRoot.startInternal(StandardRoot.java:678)
		at org.apache.catalina.util.LifecycleBase.start(LifecycleBase.java:183)
		... 13 more
18-Jul-2023 08:05:42.872 SEVERE [localhost-startStop-1] org.apache.catalina.startup.HostConfig.deployDescriptor Error deploying deployment descriptor [D:\Libary for programs\apache-tomcat-8.5.89-windows-x64\apache-tomcat-8.5.89\conf\Catalina\localhost\Weblistener.xml]
	java.lang.IllegalStateException: Error starting child
		at org.apache.catalina.core.ContainerBase.addChildInternal(ContainerBase.java:715)
		at org.apache.catalina.core.ContainerBase.addChild(ContainerBase.java:688)
		at org.apache.catalina.core.StandardHost.addChild(StandardHost.java:661)
		at org.apache.catalina.startup.HostConfig.deployDescriptor(HostConfig.java:673)
		at org.apache.catalina.startup.HostConfig$DeployDescriptor.run(HostConfig.java:1881)
		at java.base/java.util.concurrent.Executors$RunnableAdapter.call(Executors.java:539)
		at java.base/java.util.concurrent.FutureTask.run(FutureTask.java:264)
		at java.base/java.util.concurrent.ThreadPoolExecutor.runWorker(ThreadPoolExecutor.java:1136)
		at java.base/java.util.concurrent.ThreadPoolExecutor$Worker.run(ThreadPoolExecutor.java:635)
		at java.base/java.lang.Thread.run(Thread.java:833)
	Caused by: org.apache.catalina.LifecycleException: Failed to start component [org.apache.catalina.webresources.StandardRoot@682e013e]
		at org.apache.catalina.util.LifecycleBase.handleSubClassException(LifecycleBase.java:440)
		at org.apache.catalina.util.LifecycleBase.start(LifecycleBase.java:198)
		at org.apache.catalina.core.StandardContext.resourcesStart(StandardContext.java:4605)
		at org.apache.catalina.core.StandardContext.startInternal(StandardContext.java:4743)
		at org.apache.catalina.util.LifecycleBase.start(LifecycleBase.java:183)
		at org.apache.catalina.core.ContainerBase.addChildInternal(ContainerBase.java:711)
		... 9 more
	Caused by: java.lang.IllegalArgumentException: The main resource set specified [D:\Java\Weblistener\build\web] is not a directory or war file, or is not readable (it does not exist or permissions to access it are missing)
		at org.apache.catalina.webresources.StandardRoot.createMainResourceSet(StandardRoot.java:720)
		at org.apache.catalina.webresources.StandardRoot.startInternal(StandardRoot.java:678)
		at org.apache.catalina.util.LifecycleBase.start(LifecycleBase.java:183)
		... 13 more
18-Jul-2023 08:05:42.911 INFO [localhost-startStop-1] org.apache.catalina.startup.HostConfig.deployDescriptor Deployment of deployment descriptor [D:\Libary for programs\apache-tomcat-8.5.89-windows-x64\apache-tomcat-8.5.89\conf\Catalina\localhost\Weblistener.xml] has finished in [42] ms
18-Jul-2023 08:05:42.912 INFO [localhost-startStop-1] org.apache.catalina.startup.HostConfig.deployDirectory Deploying web application directory [D:\Libary for programs\apache-tomcat-8.5.89-windows-x64\apache-tomcat-8.5.89\webapps\docs]
18-Jul-2023 08:05:42.932 INFO [localhost-startStop-1] org.apache.catalina.startup.HostConfig.deployDirectory Deployment of web application directory [D:\Libary for programs\apache-tomcat-8.5.89-windows-x64\apache-tomcat-8.5.89\webapps\docs] has finished in [20] ms
18-Jul-2023 08:05:42.932 INFO [localhost-startStop-1] org.apache.catalina.startup.HostConfig.deployDirectory Deploying web application directory [D:\Libary for programs\apache-tomcat-8.5.89-windows-x64\apache-tomcat-8.5.89\webapps\examples]
18-Jul-2023 08:05:43.295 INFO [localhost-startStop-1] org.apache.catalina.startup.HostConfig.deployDirectory Deployment of web application directory [D:\Libary for programs\apache-tomcat-8.5.89-windows-x64\apache-tomcat-8.5.89\webapps\examples] has finished in [363] ms
18-Jul-2023 08:05:43.295 INFO [localhost-startStop-1] org.apache.catalina.startup.HostConfig.deployDirectory Deploying web application directory [D:\Libary for programs\apache-tomcat-8.5.89-windows-x64\apache-tomcat-8.5.89\webapps\host-manager]
18-Jul-2023 08:05:43.317 INFO [localhost-startStop-1] org.apache.catalina.startup.HostConfig.deployDirectory Deployment of web application directory [D:\Libary for programs\apache-tomcat-8.5.89-windows-x64\apache-tomcat-8.5.89\webapps\host-manager] has finished in [22] ms
18-Jul-2023 08:05:43.317 INFO [localhost-startStop-1] org.apache.catalina.startup.HostConfig.deployDirectory Deploying web application directory [D:\Libary for programs\apache-tomcat-8.5.89-windows-x64\apache-tomcat-8.5.89\webapps\manager]
18-Jul-2023 08:05:43.338 INFO [localhost-startStop-1] org.apache.catalina.startup.HostConfig.deployDirectory Deployment of web application directory [D:\Libary for programs\apache-tomcat-8.5.89-windows-x64\apache-tomcat-8.5.89\webapps\manager] has finished in [20] ms
18-Jul-2023 08:05:43.338 INFO [localhost-startStop-1] org.apache.catalina.startup.HostConfig.deployDirectory Deploying web application directory [D:\Libary for programs\apache-tomcat-8.5.89-windows-x64\apache-tomcat-8.5.89\webapps\ROOT]
18-Jul-2023 08:05:43.349 INFO [localhost-startStop-1] org.apache.catalina.startup.HostConfig.deployDirectory Deployment of web application directory [D:\Libary for programs\apache-tomcat-8.5.89-windows-x64\apache-tomcat-8.5.89\webapps\ROOT] has finished in [11] ms
18-Jul-2023 08:05:43.351 INFO [main] org.apache.coyote.AbstractProtocol.start Starting ProtocolHandler ["http-nio-8080"]
18-Jul-2023 08:05:43.384 INFO [main] org.apache.catalina.startup.Catalina.start Server startup in 2878 ms
18-Jul-2023 08:06:37.463 INFO [http-nio-8080-exec-8] org.apache.catalina.core.StandardContext.reload Reloading Context with name [/FinalProjectPRJ301] has started
18-Jul-2023 08:06:37.470 WARNING [http-nio-8080-exec-8] org.apache.catalina.loader.WebappClassLoaderBase.clearReferencesJdbc The web application [FinalProjectPRJ301] registered the JDBC driver [com.microsoft.sqlserver.jdbc.SQLServerDriver] but failed to unregister it when the web application was stopped. To prevent a memory leak, the JDBC Driver has been forcibly unregistered.
18-Jul-2023 08:06:37.692 INFO [http-nio-8080-exec-8] org.apache.jasper.servlet.TldScanner.scanJars At least one JAR was scanned for TLDs yet contained no TLDs. Enable debug logging for this logger for a complete list of JARs that were scanned but no TLDs were found in them. Skipping unneeded JARs during scanning can improve startup time and JSP compilation time.
18-Jul-2023 08:06:37.708 INFO [http-nio-8080-exec-8] org.apache.catalina.core.StandardContext.reload Reloading Context with name [/FinalProjectPRJ301] is completed
18-Jul-2023 08:06:38.027 INFO [http-nio-8080-exec-6] org.apache.catalina.core.StandardContext.reload Reloading Context with name [/FinalProjectPRJ301] has started
18-Jul-2023 08:06:38.172 INFO [http-nio-8080-exec-6] org.apache.jasper.servlet.TldScanner.scanJars At least one JAR was scanned for TLDs yet contained no TLDs. Enable debug logging for this logger for a complete list of JARs that were scanned but no TLDs were found in them. Skipping unneeded JARs during scanning can improve startup time and JSP compilation time.
18-Jul-2023 08:06:38.180 INFO [http-nio-8080-exec-6] org.apache.catalina.core.StandardContext.reload Reloading Context with name [/FinalProjectPRJ301] is completed
18-Jul-2023 08:09:24.676 INFO [http-nio-8080-exec-11] org.apache.catalina.core.StandardContext.reload Reloading Context with name [/FinalProjectPRJ301] has started
18-Jul-2023 08:09:24.845 INFO [http-nio-8080-exec-11] org.apache.jasper.servlet.TldScanner.scanJars At least one JAR was scanned for TLDs yet contained no TLDs. Enable debug logging for this logger for a complete list of JARs that were scanned but no TLDs were found in them. Skipping unneeded JARs during scanning can improve startup time and JSP compilation time.
18-Jul-2023 08:09:24.856 INFO [http-nio-8080-exec-11] org.apache.catalina.core.StandardContext.reload Reloading Context with name [/FinalProjectPRJ301] is completed
18-Jul-2023 08:09:24.896 INFO [http-nio-8080-exec-12] org.apache.catalina.core.StandardContext.reload Reloading Context with name [/FinalProjectPRJ301] has started
18-Jul-2023 08:09:25.051 INFO [http-nio-8080-exec-12] org.apache.jasper.servlet.TldScanner.scanJars At least one JAR was scanned for TLDs yet contained no TLDs. Enable debug logging for this logger for a complete list of JARs that were scanned but no TLDs were found in them. Skipping unneeded JARs during scanning can improve startup time and JSP compilation time.
18-Jul-2023 08:09:25.058 INFO [http-nio-8080-exec-12] org.apache.catalina.core.StandardContext.reload Reloading Context with name [/FinalProjectPRJ301] is completed
18-Jul-2023 08:13:01.515 INFO [http-nio-8080-exec-18] org.apache.catalina.core.StandardContext.reload Reloading Context with name [/FinalProjectPRJ301] has started
18-Jul-2023 08:13:01.668 INFO [http-nio-8080-exec-18] org.apache.jasper.servlet.TldScanner.scanJars At least one JAR was scanned for TLDs yet contained no TLDs. Enable debug logging for this logger for a complete list of JARs that were scanned but no TLDs were found in them. Skipping unneeded JARs during scanning can improve startup time and JSP compilation time.
18-Jul-2023 08:13:01.676 INFO [http-nio-8080-exec-18] org.apache.catalina.core.StandardContext.reload Reloading Context with name [/FinalProjectPRJ301] is completed
18-Jul-2023 08:13:01.991 INFO [http-nio-8080-exec-12] org.apache.catalina.core.StandardContext.reload Reloading Context with name [/FinalProjectPRJ301] has started
18-Jul-2023 08:13:02.118 INFO [http-nio-8080-exec-12] org.apache.jasper.servlet.TldScanner.scanJars At least one JAR was scanned for TLDs yet contained no TLDs. Enable debug logging for this logger for a complete list of JARs that were scanned but no TLDs were found in them. Skipping unneeded JARs during scanning can improve startup time and JSP compilation time.
18-Jul-2023 08:13:02.126 INFO [http-nio-8080-exec-12] org.apache.catalina.core.StandardContext.reload Reloading Context with name [/FinalProjectPRJ301] is completed
18-Jul-2023 08:17:38.752 INFO [http-nio-8080-exec-23] org.apache.catalina.core.StandardContext.reload Reloading Context with name [/FinalProjectPRJ301] has started
18-Jul-2023 08:17:38.905 INFO [http-nio-8080-exec-23] org.apache.jasper.servlet.TldScanner.scanJars At least one JAR was scanned for TLDs yet contained no TLDs. Enable debug logging for this logger for a complete list of JARs that were scanned but no TLDs were found in them. Skipping unneeded JARs during scanning can improve startup time and JSP compilation time.
18-Jul-2023 08:17:38.914 INFO [http-nio-8080-exec-23] org.apache.catalina.core.StandardContext.reload Reloading Context with name [/FinalProjectPRJ301] is completed
18-Jul-2023 08:19:35.110 INFO [http-nio-8080-exec-9] org.apache.catalina.core.StandardContext.reload Reloading Context with name [/FinalProjectPRJ301] has started
18-Jul-2023 08:19:35.252 INFO [http-nio-8080-exec-9] org.apache.jasper.servlet.TldScanner.scanJars At least one JAR was scanned for TLDs yet contained no TLDs. Enable debug logging for this logger for a complete list of JARs that were scanned but no TLDs were found in them. Skipping unneeded JARs during scanning can improve startup time and JSP compilation time.
18-Jul-2023 08:19:35.260 INFO [http-nio-8080-exec-9] org.apache.catalina.core.StandardContext.reload Reloading Context with name [/FinalProjectPRJ301] is completed
18-Jul-2023 08:23:41.935 INFO [http-nio-8080-exec-30] org.apache.catalina.core.StandardContext.reload Reloading Context with name [/FinalProjectPRJ301] has started
18-Jul-2023 08:23:42.073 INFO [http-nio-8080-exec-30] org.apache.jasper.servlet.TldScanner.scanJars At least one JAR was scanned for TLDs yet contained no TLDs. Enable debug logging for this logger for a complete list of JARs that were scanned but no TLDs were found in them. Skipping unneeded JARs during scanning can improve startup time and JSP compilation time.
18-Jul-2023 08:23:42.080 INFO [http-nio-8080-exec-30] org.apache.catalina.core.StandardContext.reload Reloading Context with name [/FinalProjectPRJ301] is completed
18-Jul-2023 08:24:46.107 INFO [http-nio-8080-exec-26] org.apache.catalina.core.StandardContext.reload Reloading Context with name [/FinalProjectPRJ301] has started
18-Jul-2023 08:24:46.235 INFO [http-nio-8080-exec-26] org.apache.jasper.servlet.TldScanner.scanJars At least one JAR was scanned for TLDs yet contained no TLDs. Enable debug logging for this logger for a complete list of JARs that were scanned but no TLDs were found in them. Skipping unneeded JARs during scanning can improve startup time and JSP compilation time.
18-Jul-2023 08:24:46.242 INFO [http-nio-8080-exec-26] org.apache.catalina.core.StandardContext.reload Reloading Context with name [/FinalProjectPRJ301] is completed
18-Jul-2023 08:25:18.917 INFO [http-nio-8080-exec-31] org.apache.catalina.core.StandardContext.reload Reloading Context with name [/FinalProjectPRJ301] has started
18-Jul-2023 08:25:19.068 INFO [http-nio-8080-exec-31] org.apache.jasper.servlet.TldScanner.scanJars At least one JAR was scanned for TLDs yet contained no TLDs. Enable debug logging for this logger for a complete list of JARs that were scanned but no TLDs were found in them. Skipping unneeded JARs during scanning can improve startup time and JSP compilation time.
18-Jul-2023 08:25:19.077 INFO [http-nio-8080-exec-31] org.apache.catalina.core.StandardContext.reload Reloading Context with name [/FinalProjectPRJ301] is completed
18-Jul-2023 08:25:19.227 INFO [http-nio-8080-exec-32] org.apache.catalina.core.StandardContext.reload Reloading Context with name [/FinalProjectPRJ301] has started
18-Jul-2023 08:25:19.358 INFO [http-nio-8080-exec-32] org.apache.jasper.servlet.TldScanner.scanJars At least one JAR was scanned for TLDs yet contained no TLDs. Enable debug logging for this logger for a complete list of JARs that were scanned but no TLDs were found in them. Skipping unneeded JARs during scanning can improve startup time and JSP compilation time.
18-Jul-2023 08:25:19.365 INFO [http-nio-8080-exec-32] org.apache.catalina.core.StandardContext.reload Reloading Context with name [/FinalProjectPRJ301] is completed
18-Jul-2023 08:26:26.496 INFO [http-nio-8080-exec-31] org.apache.catalina.core.StandardContext.reload Reloading Context with name [/FinalProjectPRJ301] has started
18-Jul-2023 08:26:26.628 INFO [http-nio-8080-exec-31] org.apache.jasper.servlet.TldScanner.scanJars At least one JAR was scanned for TLDs yet contained no TLDs. Enable debug logging for this logger for a complete list of JARs that were scanned but no TLDs were found in them. Skipping unneeded JARs during scanning can improve startup time and JSP compilation time.
18-Jul-2023 08:26:26.634 INFO [http-nio-8080-exec-31] org.apache.catalina.core.StandardContext.reload Reloading Context with name [/FinalProjectPRJ301] is completed
18-Jul-2023 08:26:35.457 INFO [http-nio-8080-exec-20] org.apache.catalina.core.StandardContext.reload Reloading Context with name [/FinalProjectPRJ301] has started
18-Jul-2023 08:26:35.590 INFO [http-nio-8080-exec-20] org.apache.jasper.servlet.TldScanner.scanJars At least one JAR was scanned for TLDs yet contained no TLDs. Enable debug logging for this logger for a complete list of JARs that were scanned but no TLDs were found in them. Skipping unneeded JARs during scanning can improve startup time and JSP compilation time.
18-Jul-2023 08:26:35.600 INFO [http-nio-8080-exec-20] org.apache.catalina.core.StandardContext.reload Reloading Context with name [/FinalProjectPRJ301] is completed
18-Jul-2023 08:41:07.584 INFO [http-nio-8080-exec-37] org.apache.catalina.core.StandardContext.reload Reloading Context with name [/FinalProjectPRJ301] has started
18-Jul-2023 08:41:07.586 WARNING [http-nio-8080-exec-37] org.apache.catalina.loader.WebappClassLoaderBase.clearReferencesJdbc The web application [FinalProjectPRJ301] registered the JDBC driver [com.microsoft.sqlserver.jdbc.SQLServerDriver] but failed to unregister it when the web application was stopped. To prevent a memory leak, the JDBC Driver has been forcibly unregistered.
18-Jul-2023 08:41:07.732 INFO [http-nio-8080-exec-37] org.apache.jasper.servlet.TldScanner.scanJars At least one JAR was scanned for TLDs yet contained no TLDs. Enable debug logging for this logger for a complete list of JARs that were scanned but no TLDs were found in them. Skipping unneeded JARs during scanning can improve startup time and JSP compilation time.
18-Jul-2023 08:41:07.743 INFO [http-nio-8080-exec-37] org.apache.catalina.core.StandardContext.reload Reloading Context with name [/FinalProjectPRJ301] is completed
18-Jul-2023 08:41:08.073 INFO [http-nio-8080-exec-41] org.apache.catalina.core.StandardContext.reload Reloading Context with name [/FinalProjectPRJ301] has started
18-Jul-2023 08:41:08.190 INFO [http-nio-8080-exec-41] org.apache.jasper.servlet.TldScanner.scanJars At least one JAR was scanned for TLDs yet contained no TLDs. Enable debug logging for this logger for a complete list of JARs that were scanned but no TLDs were found in them. Skipping unneeded JARs during scanning can improve startup time and JSP compilation time.
18-Jul-2023 08:41:08.197 INFO [http-nio-8080-exec-41] org.apache.catalina.core.StandardContext.reload Reloading Context with name [/FinalProjectPRJ301] is completed
18-Jul-2023 08:43:39.793 INFO [http-nio-8080-exec-55] org.apache.catalina.core.StandardContext.reload Reloading Context with name [/FinalProjectPRJ301] has started
18-Jul-2023 08:43:39.795 WARNING [http-nio-8080-exec-55] org.apache.catalina.loader.WebappClassLoaderBase.clearReferencesJdbc The web application [FinalProjectPRJ301] registered the JDBC driver [com.microsoft.sqlserver.jdbc.SQLServerDriver] but failed to unregister it when the web application was stopped. To prevent a memory leak, the JDBC Driver has been forcibly unregistered.
18-Jul-2023 08:43:39.920 INFO [http-nio-8080-exec-55] org.apache.jasper.servlet.TldScanner.scanJars At least one JAR was scanned for TLDs yet contained no TLDs. Enable debug logging for this logger for a complete list of JARs that were scanned but no TLDs were found in them. Skipping unneeded JARs during scanning can improve startup time and JSP compilation time.
18-Jul-2023 08:43:39.930 INFO [http-nio-8080-exec-55] org.apache.catalina.core.StandardContext.reload Reloading Context with name [/FinalProjectPRJ301] is completed
18-Jul-2023 08:46:01.551 INFO [http-nio-8080-exec-61] org.apache.catalina.core.StandardContext.reload Reloading Context with name [/FinalProjectPRJ301] has started
18-Jul-2023 08:46:01.556 WARNING [http-nio-8080-exec-61] org.apache.catalina.loader.WebappClassLoaderBase.clearReferencesJdbc The web application [FinalProjectPRJ301] registered the JDBC driver [com.microsoft.sqlserver.jdbc.SQLServerDriver] but failed to unregister it when the web application was stopped. To prevent a memory leak, the JDBC Driver has been forcibly unregistered.
18-Jul-2023 08:46:01.675 INFO [http-nio-8080-exec-61] org.apache.jasper.servlet.TldScanner.scanJars At least one JAR was scanned for TLDs yet contained no TLDs. Enable debug logging for this logger for a complete list of JARs that were scanned but no TLDs were found in them. Skipping unneeded JARs during scanning can improve startup time and JSP compilation time.
18-Jul-2023 08:46:01.685 INFO [http-nio-8080-exec-61] org.apache.catalina.core.StandardContext.reload Reloading Context with name [/FinalProjectPRJ301] is completed
18-Jul-2023 08:47:00.685 INFO [http-nio-8080-exec-58] org.apache.catalina.core.StandardContext.reload Reloading Context with name [/FinalProjectPRJ301] has started
18-Jul-2023 08:47:00.686 WARNING [http-nio-8080-exec-58] org.apache.catalina.loader.WebappClassLoaderBase.clearReferencesJdbc The web application [FinalProjectPRJ301] registered the JDBC driver [com.microsoft.sqlserver.jdbc.SQLServerDriver] but failed to unregister it when the web application was stopped. To prevent a memory leak, the JDBC Driver has been forcibly unregistered.
18-Jul-2023 08:47:00.817 INFO [http-nio-8080-exec-58] org.apache.jasper.servlet.TldScanner.scanJars At least one JAR was scanned for TLDs yet contained no TLDs. Enable debug logging for this logger for a complete list of JARs that were scanned but no TLDs were found in them. Skipping unneeded JARs during scanning can improve startup time and JSP compilation time.
18-Jul-2023 08:47:00.829 INFO [http-nio-8080-exec-58] org.apache.catalina.core.StandardContext.reload Reloading Context with name [/FinalProjectPRJ301] is completed
18-Jul-2023 08:49:11.969 INFO [http-nio-8080-exec-65] org.apache.catalina.core.StandardContext.reload Reloading Context with name [/FinalProjectPRJ301] has started
18-Jul-2023 08:49:11.970 WARNING [http-nio-8080-exec-65] org.apache.catalina.loader.WebappClassLoaderBase.clearReferencesJdbc The web application [FinalProjectPRJ301] registered the JDBC driver [com.microsoft.sqlserver.jdbc.SQLServerDriver] but failed to unregister it when the web application was stopped. To prevent a memory leak, the JDBC Driver has been forcibly unregistered.
18-Jul-2023 08:49:12.093 INFO [http-nio-8080-exec-65] org.apache.jasper.servlet.TldScanner.scanJars At least one JAR was scanned for TLDs yet contained no TLDs. Enable debug logging for this logger for a complete list of JARs that were scanned but no TLDs were found in them. Skipping unneeded JARs during scanning can improve startup time and JSP compilation time.
18-Jul-2023 08:49:12.103 INFO [http-nio-8080-exec-65] org.apache.catalina.core.StandardContext.reload Reloading Context with name [/FinalProjectPRJ301] is completed
18-Jul-2023 08:59:52.336 INFO [http-nio-8080-exec-71] org.apache.catalina.core.StandardContext.reload Reloading Context with name [/FinalProjectPRJ301] has started
18-Jul-2023 08:59:52.340 WARNING [http-nio-8080-exec-71] org.apache.catalina.loader.WebappClassLoaderBase.clearReferencesJdbc The web application [FinalProjectPRJ301] registered the JDBC driver [com.microsoft.sqlserver.jdbc.SQLServerDriver] but failed to unregister it when the web application was stopped. To prevent a memory leak, the JDBC Driver has been forcibly unregistered.
18-Jul-2023 08:59:52.468 INFO [http-nio-8080-exec-71] org.apache.jasper.servlet.TldScanner.scanJars At least one JAR was scanned for TLDs yet contained no TLDs. Enable debug logging for this logger for a complete list of JARs that were scanned but no TLDs were found in them. Skipping unneeded JARs during scanning can improve startup time and JSP compilation time.
18-Jul-2023 08:59:52.479 INFO [http-nio-8080-exec-71] org.apache.catalina.core.StandardContext.reload Reloading Context with name [/FinalProjectPRJ301] is completed
18-Jul-2023 08:59:52.557 INFO [http-nio-8080-exec-76] org.apache.catalina.core.StandardContext.reload Reloading Context with name [/FinalProjectPRJ301] has started
18-Jul-2023 08:59:52.677 INFO [http-nio-8080-exec-76] org.apache.jasper.servlet.TldScanner.scanJars At least one JAR was scanned for TLDs yet contained no TLDs. Enable debug logging for this logger for a complete list of JARs that were scanned but no TLDs were found in them. Skipping unneeded JARs during scanning can improve startup time and JSP compilation time.
18-Jul-2023 08:59:52.684 INFO [http-nio-8080-exec-76] org.apache.catalina.core.StandardContext.reload Reloading Context with name [/FinalProjectPRJ301] is completed
18-Jul-2023 09:00:13.409 INFO [http-nio-8080-exec-70] org.apache.catalina.core.StandardContext.reload Reloading Context with name [/FinalProjectPRJ301] has started
18-Jul-2023 09:00:13.537 INFO [http-nio-8080-exec-70] org.apache.jasper.servlet.TldScanner.scanJars At least one JAR was scanned for TLDs yet contained no TLDs. Enable debug logging for this logger for a complete list of JARs that were scanned but no TLDs were found in them. Skipping unneeded JARs during scanning can improve startup time and JSP compilation time.
18-Jul-2023 09:00:13.543 INFO [http-nio-8080-exec-70] org.apache.catalina.core.StandardContext.reload Reloading Context with name [/FinalProjectPRJ301] is completed
18-Jul-2023 09:00:29.998 INFO [http-nio-8080-exec-77] org.apache.catalina.core.StandardContext.reload Reloading Context with name [/FinalProjectPRJ301] has started
18-Jul-2023 09:00:30.117 INFO [http-nio-8080-exec-77] org.apache.jasper.servlet.TldScanner.scanJars At least one JAR was scanned for TLDs yet contained no TLDs. Enable debug logging for this logger for a complete list of JARs that were scanned but no TLDs were found in them. Skipping unneeded JARs during scanning can improve startup time and JSP compilation time.
18-Jul-2023 09:00:30.126 INFO [http-nio-8080-exec-77] org.apache.catalina.core.StandardContext.reload Reloading Context with name [/FinalProjectPRJ301] is completed
18-Jul-2023 09:01:09.941 INFO [http-nio-8080-exec-83] org.apache.catalina.core.StandardContext.reload Reloading Context with name [/FinalProjectPRJ301] has started
18-Jul-2023 09:01:09.944 WARNING [http-nio-8080-exec-83] org.apache.catalina.loader.WebappClassLoaderBase.clearReferencesJdbc The web application [FinalProjectPRJ301] registered the JDBC driver [com.microsoft.sqlserver.jdbc.SQLServerDriver] but failed to unregister it when the web application was stopped. To prevent a memory leak, the JDBC Driver has been forcibly unregistered.
18-Jul-2023 09:01:10.069 INFO [http-nio-8080-exec-83] org.apache.jasper.servlet.TldScanner.scanJars At least one JAR was scanned for TLDs yet contained no TLDs. Enable debug logging for this logger for a complete list of JARs that were scanned but no TLDs were found in them. Skipping unneeded JARs during scanning can improve startup time and JSP compilation time.
18-Jul-2023 09:01:10.079 INFO [http-nio-8080-exec-83] org.apache.catalina.core.StandardContext.reload Reloading Context with name [/FinalProjectPRJ301] is completed
18-Jul-2023 09:01:19.395 INFO [http-nio-8080-exec-76] org.apache.catalina.core.StandardContext.reload Reloading Context with name [/FinalProjectPRJ301] has started
18-Jul-2023 09:01:19.526 INFO [http-nio-8080-exec-76] org.apache.jasper.servlet.TldScanner.scanJars At least one JAR was scanned for TLDs yet contained no TLDs. Enable debug logging for this logger for a complete list of JARs that were scanned but no TLDs were found in them. Skipping unneeded JARs during scanning can improve startup time and JSP compilation time.
18-Jul-2023 09:01:19.532 INFO [http-nio-8080-exec-76] org.apache.catalina.core.StandardContext.reload Reloading Context with name [/FinalProjectPRJ301] is completed
18-Jul-2023 09:01:26.553 INFO [http-nio-8080-exec-78] org.apache.catalina.core.StandardContext.reload Reloading Context with name [/FinalProjectPRJ301] has started
18-Jul-2023 09:01:26.686 INFO [http-nio-8080-exec-78] org.apache.jasper.servlet.TldScanner.scanJars At least one JAR was scanned for TLDs yet contained no TLDs. Enable debug logging for this logger for a complete list of JARs that were scanned but no TLDs were found in them. Skipping unneeded JARs during scanning can improve startup time and JSP compilation time.
18-Jul-2023 09:01:26.692 INFO [http-nio-8080-exec-78] org.apache.catalina.core.StandardContext.reload Reloading Context with name [/FinalProjectPRJ301] is completed
18-Jul-2023 09:04:53.303 INFO [http-nio-8080-exec-100] org.apache.catalina.core.StandardContext.reload Reloading Context with name [/FinalProjectPRJ301] has started
18-Jul-2023 09:04:53.306 WARNING [http-nio-8080-exec-100] org.apache.catalina.loader.WebappClassLoaderBase.clearReferencesJdbc The web application [FinalProjectPRJ301] registered the JDBC driver [com.microsoft.sqlserver.jdbc.SQLServerDriver] but failed to unregister it when the web application was stopped. To prevent a memory leak, the JDBC Driver has been forcibly unregistered.
18-Jul-2023 09:04:53.438 INFO [http-nio-8080-exec-100] org.apache.jasper.servlet.TldScanner.scanJars At least one JAR was scanned for TLDs yet contained no TLDs. Enable debug logging for this logger for a complete list of JARs that were scanned but no TLDs were found in them. Skipping unneeded JARs during scanning can improve startup time and JSP compilation time.
18-Jul-2023 09:04:53.449 INFO [http-nio-8080-exec-100] org.apache.catalina.core.StandardContext.reload Reloading Context with name [/FinalProjectPRJ301] is completed
18-Jul-2023 09:04:53.773 INFO [http-nio-8080-exec-94] org.apache.catalina.core.StandardContext.reload Reloading Context with name [/FinalProjectPRJ301] has started
18-Jul-2023 09:04:53.899 INFO [http-nio-8080-exec-94] org.apache.jasper.servlet.TldScanner.scanJars At least one JAR was scanned for TLDs yet contained no TLDs. Enable debug logging for this logger for a complete list of JARs that were scanned but no TLDs were found in them. Skipping unneeded JARs during scanning can improve startup time and JSP compilation time.
18-Jul-2023 09:04:53.905 INFO [http-nio-8080-exec-94] org.apache.catalina.core.StandardContext.reload Reloading Context with name [/FinalProjectPRJ301] is completed
18-Jul-2023 09:04:57.914 INFO [http-nio-8080-exec-99] org.apache.catalina.core.StandardContext.reload Reloading Context with name [/FinalProjectPRJ301] has started
18-Jul-2023 09:04:58.031 INFO [http-nio-8080-exec-99] org.apache.jasper.servlet.TldScanner.scanJars At least one JAR was scanned for TLDs yet contained no TLDs. Enable debug logging for this logger for a complete list of JARs that were scanned but no TLDs were found in them. Skipping unneeded JARs during scanning can improve startup time and JSP compilation time.
18-Jul-2023 09:04:58.037 INFO [http-nio-8080-exec-99] org.apache.catalina.core.StandardContext.reload Reloading Context with name [/FinalProjectPRJ301] is completed
18-Jul-2023 09:05:51.842 INFO [http-nio-8080-exec-91] org.apache.catalina.core.StandardContext.reload Reloading Context with name [/FinalProjectPRJ301] has started
18-Jul-2023 09:05:51.970 INFO [http-nio-8080-exec-91] org.apache.jasper.servlet.TldScanner.scanJars At least one JAR was scanned for TLDs yet contained no TLDs. Enable debug logging for this logger for a complete list of JARs that were scanned but no TLDs were found in them. Skipping unneeded JARs during scanning can improve startup time and JSP compilation time.
18-Jul-2023 09:05:51.976 INFO [http-nio-8080-exec-91] org.apache.catalina.core.StandardContext.reload Reloading Context with name [/FinalProjectPRJ301] is completed
18-Jul-2023 09:17:45.172 INFO [http-nio-8080-exec-107] org.apache.catalina.core.StandardContext.reload Reloading Context with name [/FinalProjectPRJ301] has started
18-Jul-2023 09:17:45.318 INFO [http-nio-8080-exec-107] org.apache.jasper.servlet.TldScanner.scanJars At least one JAR was scanned for TLDs yet contained no TLDs. Enable debug logging for this logger for a complete list of JARs that were scanned but no TLDs were found in them. Skipping unneeded JARs during scanning can improve startup time and JSP compilation time.
18-Jul-2023 09:17:45.326 INFO [http-nio-8080-exec-107] org.apache.catalina.core.StandardContext.reload Reloading Context with name [/FinalProjectPRJ301] is completed
18-Jul-2023 09:17:45.400 INFO [http-nio-8080-exec-111] org.apache.catalina.core.StandardContext.reload Reloading Context with name [/FinalProjectPRJ301] has started
18-Jul-2023 09:17:45.528 INFO [http-nio-8080-exec-111] org.apache.jasper.servlet.TldScanner.scanJars At least one JAR was scanned for TLDs yet contained no TLDs. Enable debug logging for this logger for a complete list of JARs that were scanned but no TLDs were found in them. Skipping unneeded JARs during scanning can improve startup time and JSP compilation time.
18-Jul-2023 09:17:45.536 INFO [http-nio-8080-exec-111] org.apache.catalina.core.StandardContext.reload Reloading Context with name [/FinalProjectPRJ301] is completed
18-Jul-2023 09:24:38.061 INFO [http-nio-8080-exec-118] org.apache.catalina.core.StandardContext.reload Reloading Context with name [/FinalProjectPRJ301] has started
18-Jul-2023 09:24:38.183 INFO [http-nio-8080-exec-118] org.apache.jasper.servlet.TldScanner.scanJars At least one JAR was scanned for TLDs yet contained no TLDs. Enable debug logging for this logger for a complete list of JARs that were scanned but no TLDs were found in them. Skipping unneeded JARs during scanning can improve startup time and JSP compilation time.
18-Jul-2023 09:24:38.188 INFO [http-nio-8080-exec-118] org.apache.catalina.core.StandardContext.reload Reloading Context with name [/FinalProjectPRJ301] is completed
18-Jul-2023 09:32:11.361 INFO [http-nio-8080-exec-125] org.apache.catalina.core.StandardContext.reload Reloading Context with name [/FinalProjectPRJ301] has started
18-Jul-2023 09:32:11.487 INFO [http-nio-8080-exec-125] org.apache.jasper.servlet.TldScanner.scanJars At least one JAR was scanned for TLDs yet contained no TLDs. Enable debug logging for this logger for a complete list of JARs that were scanned but no TLDs were found in them. Skipping unneeded JARs during scanning can improve startup time and JSP compilation time.
18-Jul-2023 09:32:11.495 INFO [http-nio-8080-exec-125] org.apache.catalina.core.StandardContext.reload Reloading Context with name [/FinalProjectPRJ301] is completed
18-Jul-2023 09:52:49.499 INFO [http-nio-8080-exec-134] org.apache.catalina.core.StandardContext.reload Reloading Context with name [/FinalProjectPRJ301] has started
18-Jul-2023 09:52:49.623 INFO [http-nio-8080-exec-134] org.apache.jasper.servlet.TldScanner.scanJars At least one JAR was scanned for TLDs yet contained no TLDs. Enable debug logging for this logger for a complete list of JARs that were scanned but no TLDs were found in them. Skipping unneeded JARs during scanning can improve startup time and JSP compilation time.
18-Jul-2023 09:52:49.633 INFO [http-nio-8080-exec-134] org.apache.catalina.core.StandardContext.reload Reloading Context with name [/FinalProjectPRJ301] is completed
18-Jul-2023 10:26:43.435 INFO [http-nio-8080-exec-142] org.apache.catalina.core.StandardContext.reload Reloading Context with name [/FinalProjectPRJ301] has started
18-Jul-2023 10:26:43.736 INFO [http-nio-8080-exec-142] org.apache.jasper.servlet.TldScanner.scanJars At least one JAR was scanned for TLDs yet contained no TLDs. Enable debug logging for this logger for a complete list of JARs that were scanned but no TLDs were found in them. Skipping unneeded JARs during scanning can improve startup time and JSP compilation time.
18-Jul-2023 10:26:43.742 INFO [http-nio-8080-exec-142] org.apache.catalina.core.StandardContext.reload Reloading Context with name [/FinalProjectPRJ301] is completed
18-Jul-2023 12:25:46.203 INFO [main] org.apache.catalina.core.StandardServer.await A valid shutdown command was received via the shutdown port. Stopping the Server instance.
18-Jul-2023 12:25:46.207 INFO [main] org.apache.coyote.AbstractProtocol.pause Pausing ProtocolHandler ["http-nio-8080"]
18-Jul-2023 12:25:46.213 INFO [main] org.apache.catalina.core.StandardService.stopInternal Stopping service [Catalina]
18-Jul-2023 12:25:46.748 WARNING [localhost-startStop-2] org.apache.catalina.loader.WebappClassLoaderBase.clearReferencesJdbc The web application [FinalProjectPRJ301] registered the JDBC driver [com.microsoft.sqlserver.jdbc.SQLServerDriver] but failed to unregister it when the web application was stopped. To prevent a memory leak, the JDBC Driver has been forcibly unregistered.
18-Jul-2023 12:25:46.754 INFO [main] org.apache.coyote.AbstractProtocol.stop Stopping ProtocolHandler ["http-nio-8080"]
18-Jul-2023 12:25:46.767 INFO [main] org.apache.coyote.AbstractProtocol.destroy Destroying ProtocolHandler ["http-nio-8080"]
