15-Jul-2023 22:19:34.964 INFO [main] org.apache.catalina.startup.VersionLoggerListener.log Server version name:   Apache Tomcat/8.5.89
15-Jul-2023 22:19:34.967 INFO [main] org.apache.catalina.startup.VersionLoggerListener.log Server built:          May 9 2023 16:21:47 UTC
15-Jul-2023 22:19:34.967 INFO [main] org.apache.catalina.startup.VersionLoggerListener.log Server version number: 8.5.89.0
15-Jul-2023 22:19:34.967 INFO [main] org.apache.catalina.startup.VersionLoggerListener.log OS Name:               Windows 11
15-Jul-2023 22:19:34.967 INFO [main] org.apache.catalina.startup.VersionLoggerListener.log OS Version:            10.0
15-Jul-2023 22:19:34.967 INFO [main] org.apache.catalina.startup.VersionLoggerListener.log Architecture:          amd64
15-Jul-2023 22:19:34.967 INFO [main] org.apache.catalina.startup.VersionLoggerListener.log Java Home:             C:\Program Files\Java\jdk-18.0.2.1
15-Jul-2023 22:19:34.967 INFO [main] org.apache.catalina.startup.VersionLoggerListener.log JVM Version:           18.0.2.1+1-1
15-Jul-2023 22:19:34.967 INFO [main] org.apache.catalina.startup.VersionLoggerListener.log JVM Vendor:            Oracle Corporation
15-Jul-2023 22:19:34.967 INFO [main] org.apache.catalina.startup.VersionLoggerListener.log CATALINA_BASE:         D:\Libary for programs\apache-tomcat-8.5.89-windows-x64\apache-tomcat-8.5.89
15-Jul-2023 22:19:34.968 INFO [main] org.apache.catalina.startup.VersionLoggerListener.log CATALINA_HOME:         D:\Libary for programs\apache-tomcat-8.5.89-windows-x64\apache-tomcat-8.5.89
15-Jul-2023 22:19:34.969 INFO [main] org.apache.catalina.startup.VersionLoggerListener.log Command line argument: --add-opens=java.base/java.lang=ALL-UNNAMED
15-Jul-2023 22:19:34.969 INFO [main] org.apache.catalina.startup.VersionLoggerListener.log Command line argument: --add-opens=java.base/java.io=ALL-UNNAMED
15-Jul-2023 22:19:34.969 INFO [main] org.apache.catalina.startup.VersionLoggerListener.log Command line argument: --add-opens=java.base/java.util=ALL-UNNAMED
15-Jul-2023 22:19:34.969 INFO [main] org.apache.catalina.startup.VersionLoggerListener.log Command line argument: --add-opens=java.base/java.util.concurrent=ALL-UNNAMED
15-Jul-2023 22:19:34.969 INFO [main] org.apache.catalina.startup.VersionLoggerListener.log Command line argument: --add-opens=java.rmi/sun.rmi.transport=ALL-UNNAMED
15-Jul-2023 22:19:34.969 INFO [main] org.apache.catalina.startup.VersionLoggerListener.log Command line argument: -Djava.util.logging.config.file=D:\Libary for programs\apache-tomcat-8.5.89-windows-x64\apache-tomcat-8.5.89\conf\logging.properties
15-Jul-2023 22:19:34.970 INFO [main] org.apache.catalina.startup.VersionLoggerListener.log Command line argument: -Djava.util.logging.manager=org.apache.juli.ClassLoaderLogManager
15-Jul-2023 22:19:34.970 INFO [main] org.apache.catalina.startup.VersionLoggerListener.log Command line argument: -Djdk.tls.ephemeralDHKeySize=2048
15-Jul-2023 22:19:34.970 INFO [main] org.apache.catalina.startup.VersionLoggerListener.log Command line argument: -Djava.protocol.handler.pkgs=org.apache.catalina.webresources
15-Jul-2023 22:19:34.970 INFO [main] org.apache.catalina.startup.VersionLoggerListener.log Command line argument: -Dignore.endorsed.dirs=
15-Jul-2023 22:19:34.970 INFO [main] org.apache.catalina.startup.VersionLoggerListener.log Command line argument: -Dcatalina.base=D:\Libary for programs\apache-tomcat-8.5.89-windows-x64\apache-tomcat-8.5.89
15-Jul-2023 22:19:34.970 INFO [main] org.apache.catalina.startup.VersionLoggerListener.log Command line argument: -Dcatalina.home=D:\Libary for programs\apache-tomcat-8.5.89-windows-x64\apache-tomcat-8.5.89
15-Jul-2023 22:19:34.970 INFO [main] org.apache.catalina.startup.VersionLoggerListener.log Command line argument: -Djava.io.tmpdir=D:\Libary for programs\apache-tomcat-8.5.89-windows-x64\apache-tomcat-8.5.89\temp
15-Jul-2023 22:19:34.970 INFO [main] org.apache.catalina.core.AprLifecycleListener.lifecycleEvent Loaded Apache Tomcat Native library [1.2.36] using APR version [1.7.2].
15-Jul-2023 22:19:34.970 INFO [main] org.apache.catalina.core.AprLifecycleListener.lifecycleEvent APR capabilities: IPv6 [true], sendfile [true], accept filters [false], random [true], UDS [{4}].
15-Jul-2023 22:19:34.970 INFO [main] org.apache.catalina.core.AprLifecycleListener.lifecycleEvent APR/OpenSSL configuration: useAprConnector [false], useOpenSSL [true]
15-Jul-2023 22:19:34.974 INFO [main] org.apache.catalina.core.AprLifecycleListener.initializeSSL OpenSSL successfully initialized [OpenSSL 1.1.1t  7 Feb 2023]
15-Jul-2023 22:19:35.015 INFO [main] org.apache.coyote.AbstractProtocol.init Initializing ProtocolHandler ["http-nio-8080"]
15-Jul-2023 22:19:35.037 INFO [main] org.apache.catalina.startup.Catalina.load Initialization processed in 643 ms
15-Jul-2023 22:19:35.076 INFO [main] org.apache.catalina.core.StandardService.startInternal Starting service [Catalina]
15-Jul-2023 22:19:35.076 INFO [main] org.apache.catalina.core.StandardEngine.startInternal Starting Servlet engine: [Apache Tomcat/8.5.89]
15-Jul-2023 22:19:35.086 INFO [localhost-startStop-1] org.apache.catalina.startup.HostConfig.deployDescriptor Deploying deployment descriptor [D:\Libary for programs\apache-tomcat-8.5.89-windows-x64\apache-tomcat-8.5.89\conf\Catalina\localhost\Bai14_BookStore_KetNoiDuLieu.xml]
15-Jul-2023 22:19:35.125 SEVERE [localhost-startStop-1] org.apache.catalina.core.ContainerBase.addChildInternal ContainerBase.addChild: start: 
	org.apache.catalina.LifecycleException: Failed to start component [org.apache.catalina.webresources.StandardRoot@6e757ebe]
		at org.apache.catalina.util.LifecycleBase.handleSubClassException(LifecycleBase.java:440)
		at org.apache.catalina.util.LifecycleBase.start(LifecycleBase.java:198)
		at org.apache.catalina.core.StandardContext.resourcesStart(StandardContext.java:4605)
		at org.apache.catalina.core.StandardContext.startInternal(StandardContext.java:4743)
		at org.apache.catalina.util.LifecycleBase.start(LifecycleBase.java:183)
		at org.apache.catalina.core.ContainerBase.addChildInternal(ContainerBase.java:711)
		at org.apache.catalina.core.ContainerBase.addChild(ContainerBase.java:688)
		at org.apache.catalina.core.StandardHost.addChild(StandardHost.java:661)
		at org.apache.catalina.startup.HostConfig.deployDescriptor(HostConfig.java:673)
		at org.apache.catalina.startup.HostConfig$DeployDescriptor.run(HostConfig.java:1881)
		at java.base/java.util.concurrent.Executors$RunnableAdapter.call(Executors.java:539)
		at java.base/java.util.concurrent.FutureTask.run(FutureTask.java:264)
		at java.base/java.util.concurrent.ThreadPoolExecutor.runWorker(ThreadPoolExecutor.java:1136)
		at java.base/java.util.concurrent.ThreadPoolExecutor$Worker.run(ThreadPoolExecutor.java:635)
		at java.base/java.lang.Thread.run(Thread.java:833)
	Caused by: java.lang.IllegalArgumentException: The main resource set specified [C:\Users\nhatp\OneDrive\Máy tính\Bai14_BookStore_KetNoiDuLieu\build\web] is not a directory or war file, or is not readable (it does not exist or permissions to access it are missing)
		at org.apache.catalina.webresources.StandardRoot.createMainResourceSet(StandardRoot.java:720)
		at org.apache.catalina.webresources.StandardRoot.startInternal(StandardRoot.java:678)
		at org.apache.catalina.util.LifecycleBase.start(LifecycleBase.java:183)
		... 13 more
15-Jul-2023 22:19:35.126 SEVERE [localhost-startStop-1] org.apache.catalina.startup.HostConfig.deployDescriptor Error deploying deployment descriptor [D:\Libary for programs\apache-tomcat-8.5.89-windows-x64\apache-tomcat-8.5.89\conf\Catalina\localhost\Bai14_BookStore_KetNoiDuLieu.xml]
	java.lang.IllegalStateException: Error starting child
		at org.apache.catalina.core.ContainerBase.addChildInternal(ContainerBase.java:715)
		at org.apache.catalina.core.ContainerBase.addChild(ContainerBase.java:688)
		at org.apache.catalina.core.StandardHost.addChild(StandardHost.java:661)
		at org.apache.catalina.startup.HostConfig.deployDescriptor(HostConfig.java:673)
		at org.apache.catalina.startup.HostConfig$DeployDescriptor.run(HostConfig.java:1881)
		at java.base/java.util.concurrent.Executors$RunnableAdapter.call(Executors.java:539)
		at java.base/java.util.concurrent.FutureTask.run(FutureTask.java:264)
		at java.base/java.util.concurrent.ThreadPoolExecutor.runWorker(ThreadPoolExecutor.java:1136)
		at java.base/java.util.concurrent.ThreadPoolExecutor$Worker.run(ThreadPoolExecutor.java:635)
		at java.base/java.lang.Thread.run(Thread.java:833)
	Caused by: org.apache.catalina.LifecycleException: Failed to start component [org.apache.catalina.webresources.StandardRoot@6e757ebe]
		at org.apache.catalina.util.LifecycleBase.handleSubClassException(LifecycleBase.java:440)
		at org.apache.catalina.util.LifecycleBase.start(LifecycleBase.java:198)
		at org.apache.catalina.core.StandardContext.resourcesStart(StandardContext.java:4605)
		at org.apache.catalina.core.StandardContext.startInternal(StandardContext.java:4743)
		at org.apache.catalina.util.LifecycleBase.start(LifecycleBase.java:183)
		at org.apache.catalina.core.ContainerBase.addChildInternal(ContainerBase.java:711)
		... 9 more
	Caused by: java.lang.IllegalArgumentException: The main resource set specified [C:\Users\nhatp\OneDrive\Máy tính\Bai14_BookStore_KetNoiDuLieu\build\web] is not a directory or war file, or is not readable (it does not exist or permissions to access it are missing)
		at org.apache.catalina.webresources.StandardRoot.createMainResourceSet(StandardRoot.java:720)
		at org.apache.catalina.webresources.StandardRoot.startInternal(StandardRoot.java:678)
		at org.apache.catalina.util.LifecycleBase.start(LifecycleBase.java:183)
		... 13 more
15-Jul-2023 22:19:35.126 INFO [localhost-startStop-1] org.apache.catalina.startup.HostConfig.deployDescriptor Deployment of deployment descriptor [D:\Libary for programs\apache-tomcat-8.5.89-windows-x64\apache-tomcat-8.5.89\conf\Catalina\localhost\Bai14_BookStore_KetNoiDuLieu.xml] has finished in [40] ms
15-Jul-2023 22:19:35.127 INFO [localhost-startStop-1] org.apache.catalina.startup.HostConfig.deployDescriptor Deploying deployment descriptor [D:\Libary for programs\apache-tomcat-8.5.89-windows-x64\apache-tomcat-8.5.89\conf\Catalina\localhost\ClassWork1.xml]
15-Jul-2023 22:19:35.390 INFO [localhost-startStop-1] org.apache.catalina.startup.HostConfig.deployDescriptor Deployment of deployment descriptor [D:\Libary for programs\apache-tomcat-8.5.89-windows-x64\apache-tomcat-8.5.89\conf\Catalina\localhost\ClassWork1.xml] has finished in [263] ms
15-Jul-2023 22:19:35.391 INFO [localhost-startStop-1] org.apache.catalina.startup.HostConfig.deployDescriptor Deploying deployment descriptor [D:\Libary for programs\apache-tomcat-8.5.89-windows-x64\apache-tomcat-8.5.89\conf\Catalina\localhost\Classwork2.1.xml]
15-Jul-2023 22:19:35.441 INFO [localhost-startStop-1] org.apache.catalina.startup.HostConfig.deployDescriptor Deployment of deployment descriptor [D:\Libary for programs\apache-tomcat-8.5.89-windows-x64\apache-tomcat-8.5.89\conf\Catalina\localhost\Classwork2.1.xml] has finished in [51] ms
15-Jul-2023 22:19:35.441 INFO [localhost-startStop-1] org.apache.catalina.startup.HostConfig.deployDescriptor Deploying deployment descriptor [D:\Libary for programs\apache-tomcat-8.5.89-windows-x64\apache-tomcat-8.5.89\conf\Catalina\localhost\ClassWork3.xml]
15-Jul-2023 22:19:35.466 INFO [localhost-startStop-1] org.apache.catalina.startup.HostConfig.deployDescriptor Deployment of deployment descriptor [D:\Libary for programs\apache-tomcat-8.5.89-windows-x64\apache-tomcat-8.5.89\conf\Catalina\localhost\ClassWork3.xml] has finished in [25] ms
15-Jul-2023 22:19:35.466 INFO [localhost-startStop-1] org.apache.catalina.startup.HostConfig.deployDescriptor Deploying deployment descriptor [D:\Libary for programs\apache-tomcat-8.5.89-windows-x64\apache-tomcat-8.5.89\conf\Catalina\localhost\Classwork4.xml]
15-Jul-2023 22:19:35.922 INFO [localhost-startStop-1] org.apache.jasper.servlet.TldScanner.scanJars At least one JAR was scanned for TLDs yet contained no TLDs. Enable debug logging for this logger for a complete list of JARs that were scanned but no TLDs were found in them. Skipping unneeded JARs during scanning can improve startup time and JSP compilation time.
15-Jul-2023 22:19:35.933 INFO [localhost-startStop-1] org.apache.catalina.startup.HostConfig.deployDescriptor Deployment of deployment descriptor [D:\Libary for programs\apache-tomcat-8.5.89-windows-x64\apache-tomcat-8.5.89\conf\Catalina\localhost\Classwork4.xml] has finished in [467] ms
15-Jul-2023 22:19:35.933 INFO [localhost-startStop-1] org.apache.catalina.startup.HostConfig.deployDescriptor Deploying deployment descriptor [D:\Libary for programs\apache-tomcat-8.5.89-windows-x64\apache-tomcat-8.5.89\conf\Catalina\localhost\Classwork5_1.xml]
15-Jul-2023 22:19:36.076 INFO [localhost-startStop-1] org.apache.catalina.startup.HostConfig.deployDescriptor Deployment of deployment descriptor [D:\Libary for programs\apache-tomcat-8.5.89-windows-x64\apache-tomcat-8.5.89\conf\Catalina\localhost\Classwork5_1.xml] has finished in [142] ms
15-Jul-2023 22:19:36.076 INFO [localhost-startStop-1] org.apache.catalina.startup.HostConfig.deployDescriptor Deploying deployment descriptor [D:\Libary for programs\apache-tomcat-8.5.89-windows-x64\apache-tomcat-8.5.89\conf\Catalina\localhost\Classwork6.xml]
15-Jul-2023 22:19:36.462 INFO [localhost-startStop-1] org.apache.jasper.servlet.TldScanner.scanJars At least one JAR was scanned for TLDs yet contained no TLDs. Enable debug logging for this logger for a complete list of JARs that were scanned but no TLDs were found in them. Skipping unneeded JARs during scanning can improve startup time and JSP compilation time.
15-Jul-2023 22:19:36.471 INFO [localhost-startStop-1] org.apache.catalina.startup.HostConfig.deployDescriptor Deployment of deployment descriptor [D:\Libary for programs\apache-tomcat-8.5.89-windows-x64\apache-tomcat-8.5.89\conf\Catalina\localhost\Classwork6.xml] has finished in [395] ms
15-Jul-2023 22:19:36.471 INFO [localhost-startStop-1] org.apache.catalina.startup.HostConfig.deployDescriptor Deploying deployment descriptor [D:\Libary for programs\apache-tomcat-8.5.89-windows-x64\apache-tomcat-8.5.89\conf\Catalina\localhost\CustomTag.xml]
15-Jul-2023 22:19:36.596 INFO [localhost-startStop-1] org.apache.jasper.servlet.TldScanner.scanJars At least one JAR was scanned for TLDs yet contained no TLDs. Enable debug logging for this logger for a complete list of JARs that were scanned but no TLDs were found in them. Skipping unneeded JARs during scanning can improve startup time and JSP compilation time.
15-Jul-2023 22:19:36.598 INFO [localhost-startStop-1] org.apache.catalina.startup.HostConfig.deployDescriptor Deployment of deployment descriptor [D:\Libary for programs\apache-tomcat-8.5.89-windows-x64\apache-tomcat-8.5.89\conf\Catalina\localhost\CustomTag.xml] has finished in [127] ms
15-Jul-2023 22:19:36.598 INFO [localhost-startStop-1] org.apache.catalina.startup.HostConfig.deployDescriptor Deploying deployment descriptor [D:\Libary for programs\apache-tomcat-8.5.89-windows-x64\apache-tomcat-8.5.89\conf\Catalina\localhost\Example.xml]
15-Jul-2023 22:19:36.612 INFO [localhost-startStop-1] org.apache.catalina.startup.HostConfig.deployDescriptor Deployment of deployment descriptor [D:\Libary for programs\apache-tomcat-8.5.89-windows-x64\apache-tomcat-8.5.89\conf\Catalina\localhost\Example.xml] has finished in [13] ms
15-Jul-2023 22:19:36.612 INFO [localhost-startStop-1] org.apache.catalina.startup.HostConfig.deployDescriptor Deploying deployment descriptor [D:\Libary for programs\apache-tomcat-8.5.89-windows-x64\apache-tomcat-8.5.89\conf\Catalina\localhost\PresonnalProject.xml]
15-Jul-2023 22:19:36.895 INFO [localhost-startStop-1] org.apache.jasper.servlet.TldScanner.scanJars At least one JAR was scanned for TLDs yet contained no TLDs. Enable debug logging for this logger for a complete list of JARs that were scanned but no TLDs were found in them. Skipping unneeded JARs during scanning can improve startup time and JSP compilation time.
15-Jul-2023 22:19:36.915 INFO [localhost-startStop-1] org.apache.catalina.startup.HostConfig.deployDescriptor Deployment of deployment descriptor [D:\Libary for programs\apache-tomcat-8.5.89-windows-x64\apache-tomcat-8.5.89\conf\Catalina\localhost\PresonnalProject.xml] has finished in [303] ms
15-Jul-2023 22:19:36.915 INFO [localhost-startStop-1] org.apache.catalina.startup.HostConfig.deployDescriptor Deploying deployment descriptor [D:\Libary for programs\apache-tomcat-8.5.89-windows-x64\apache-tomcat-8.5.89\conf\Catalina\localhost\ServletFilterExmaple.xml]
15-Jul-2023 22:19:36.945 INFO [localhost-startStop-1] org.apache.catalina.startup.HostConfig.deployDescriptor Deployment of deployment descriptor [D:\Libary for programs\apache-tomcat-8.5.89-windows-x64\apache-tomcat-8.5.89\conf\Catalina\localhost\ServletFilterExmaple.xml] has finished in [30] ms
15-Jul-2023 22:19:36.945 INFO [localhost-startStop-1] org.apache.catalina.startup.HostConfig.deployDescriptor Deploying deployment descriptor [D:\Libary for programs\apache-tomcat-8.5.89-windows-x64\apache-tomcat-8.5.89\conf\Catalina\localhost\Teamproject.xml]
15-Jul-2023 22:19:36.956 INFO [localhost-startStop-1] org.apache.catalina.startup.HostConfig.deployDescriptor Deployment of deployment descriptor [D:\Libary for programs\apache-tomcat-8.5.89-windows-x64\apache-tomcat-8.5.89\conf\Catalina\localhost\Teamproject.xml] has finished in [11] ms
15-Jul-2023 22:19:36.960 INFO [localhost-startStop-1] org.apache.catalina.startup.HostConfig.deployDescriptor Deploying deployment descriptor [D:\Libary for programs\apache-tomcat-8.5.89-windows-x64\apache-tomcat-8.5.89\conf\Catalina\localhost\test.xml]
15-Jul-2023 22:19:36.963 SEVERE [localhost-startStop-1] org.apache.catalina.core.ContainerBase.addChildInternal ContainerBase.addChild: start: 
	org.apache.catalina.LifecycleException: Failed to start component [org.apache.catalina.webresources.StandardRoot@3a4b59f6]
		at org.apache.catalina.util.LifecycleBase.handleSubClassException(LifecycleBase.java:440)
		at org.apache.catalina.util.LifecycleBase.start(LifecycleBase.java:198)
		at org.apache.catalina.core.StandardContext.resourcesStart(StandardContext.java:4605)
		at org.apache.catalina.core.StandardContext.startInternal(StandardContext.java:4743)
		at org.apache.catalina.util.LifecycleBase.start(LifecycleBase.java:183)
		at org.apache.catalina.core.ContainerBase.addChildInternal(ContainerBase.java:711)
		at org.apache.catalina.core.ContainerBase.addChild(ContainerBase.java:688)
		at org.apache.catalina.core.StandardHost.addChild(StandardHost.java:661)
		at org.apache.catalina.startup.HostConfig.deployDescriptor(HostConfig.java:673)
		at org.apache.catalina.startup.HostConfig$DeployDescriptor.run(HostConfig.java:1881)
		at java.base/java.util.concurrent.Executors$RunnableAdapter.call(Executors.java:539)
		at java.base/java.util.concurrent.FutureTask.run(FutureTask.java:264)
		at java.base/java.util.concurrent.ThreadPoolExecutor.runWorker(ThreadPoolExecutor.java:1136)
		at java.base/java.util.concurrent.ThreadPoolExecutor$Worker.run(ThreadPoolExecutor.java:635)
		at java.base/java.lang.Thread.run(Thread.java:833)
	Caused by: java.lang.IllegalArgumentException: The main resource set specified [D:\Java\test\build\web] is not a directory or war file, or is not readable (it does not exist or permissions to access it are missing)
		at org.apache.catalina.webresources.StandardRoot.createMainResourceSet(StandardRoot.java:720)
		at org.apache.catalina.webresources.StandardRoot.startInternal(StandardRoot.java:678)
		at org.apache.catalina.util.LifecycleBase.start(LifecycleBase.java:183)
		... 13 more
15-Jul-2023 22:19:36.963 SEVERE [localhost-startStop-1] org.apache.catalina.startup.HostConfig.deployDescriptor Error deploying deployment descriptor [D:\Libary for programs\apache-tomcat-8.5.89-windows-x64\apache-tomcat-8.5.89\conf\Catalina\localhost\test.xml]
	java.lang.IllegalStateException: Error starting child
		at org.apache.catalina.core.ContainerBase.addChildInternal(ContainerBase.java:715)
		at org.apache.catalina.core.ContainerBase.addChild(ContainerBase.java:688)
		at org.apache.catalina.core.StandardHost.addChild(StandardHost.java:661)
		at org.apache.catalina.startup.HostConfig.deployDescriptor(HostConfig.java:673)
		at org.apache.catalina.startup.HostConfig$DeployDescriptor.run(HostConfig.java:1881)
		at java.base/java.util.concurrent.Executors$RunnableAdapter.call(Executors.java:539)
		at java.base/java.util.concurrent.FutureTask.run(FutureTask.java:264)
		at java.base/java.util.concurrent.ThreadPoolExecutor.runWorker(ThreadPoolExecutor.java:1136)
		at java.base/java.util.concurrent.ThreadPoolExecutor$Worker.run(ThreadPoolExecutor.java:635)
		at java.base/java.lang.Thread.run(Thread.java:833)
	Caused by: org.apache.catalina.LifecycleException: Failed to start component [org.apache.catalina.webresources.StandardRoot@3a4b59f6]
		at org.apache.catalina.util.LifecycleBase.handleSubClassException(LifecycleBase.java:440)
		at org.apache.catalina.util.LifecycleBase.start(LifecycleBase.java:198)
		at org.apache.catalina.core.StandardContext.resourcesStart(StandardContext.java:4605)
		at org.apache.catalina.core.StandardContext.startInternal(StandardContext.java:4743)
		at org.apache.catalina.util.LifecycleBase.start(LifecycleBase.java:183)
		at org.apache.catalina.core.ContainerBase.addChildInternal(ContainerBase.java:711)
		... 9 more
	Caused by: java.lang.IllegalArgumentException: The main resource set specified [D:\Java\test\build\web] is not a directory or war file, or is not readable (it does not exist or permissions to access it are missing)
		at org.apache.catalina.webresources.StandardRoot.createMainResourceSet(StandardRoot.java:720)
		at org.apache.catalina.webresources.StandardRoot.startInternal(StandardRoot.java:678)
		at org.apache.catalina.util.LifecycleBase.start(LifecycleBase.java:183)
		... 13 more
15-Jul-2023 22:19:37.014 INFO [localhost-startStop-1] org.apache.catalina.startup.HostConfig.deployDescriptor Deployment of deployment descriptor [D:\Libary for programs\apache-tomcat-8.5.89-windows-x64\apache-tomcat-8.5.89\conf\Catalina\localhost\test.xml] has finished in [53] ms
15-Jul-2023 22:19:37.014 INFO [localhost-startStop-1] org.apache.catalina.startup.HostConfig.deployDescriptor Deploying deployment descriptor [D:\Libary for programs\apache-tomcat-8.5.89-windows-x64\apache-tomcat-8.5.89\conf\Catalina\localhost\WebappCustomTagDemo.xml]
15-Jul-2023 22:19:37.044 INFO [localhost-startStop-1] org.apache.catalina.startup.HostConfig.deployDescriptor Deployment of deployment descriptor [D:\Libary for programs\apache-tomcat-8.5.89-windows-x64\apache-tomcat-8.5.89\conf\Catalina\localhost\WebappCustomTagDemo.xml] has finished in [30] ms
15-Jul-2023 22:19:37.044 INFO [localhost-startStop-1] org.apache.catalina.startup.HostConfig.deployDescriptor Deploying deployment descriptor [D:\Libary for programs\apache-tomcat-8.5.89-windows-x64\apache-tomcat-8.5.89\conf\Catalina\localhost\Weblistener.xml]
15-Jul-2023 22:19:37.048 SEVERE [localhost-startStop-1] org.apache.catalina.core.ContainerBase.addChildInternal ContainerBase.addChild: start: 
	org.apache.catalina.LifecycleException: Failed to start component [org.apache.catalina.webresources.StandardRoot@14445018]
		at org.apache.catalina.util.LifecycleBase.handleSubClassException(LifecycleBase.java:440)
		at org.apache.catalina.util.LifecycleBase.start(LifecycleBase.java:198)
		at org.apache.catalina.core.StandardContext.resourcesStart(StandardContext.java:4605)
		at org.apache.catalina.core.StandardContext.startInternal(StandardContext.java:4743)
		at org.apache.catalina.util.LifecycleBase.start(LifecycleBase.java:183)
		at org.apache.catalina.core.ContainerBase.addChildInternal(ContainerBase.java:711)
		at org.apache.catalina.core.ContainerBase.addChild(ContainerBase.java:688)
		at org.apache.catalina.core.StandardHost.addChild(StandardHost.java:661)
		at org.apache.catalina.startup.HostConfig.deployDescriptor(HostConfig.java:673)
		at org.apache.catalina.startup.HostConfig$DeployDescriptor.run(HostConfig.java:1881)
		at java.base/java.util.concurrent.Executors$RunnableAdapter.call(Executors.java:539)
		at java.base/java.util.concurrent.FutureTask.run(FutureTask.java:264)
		at java.base/java.util.concurrent.ThreadPoolExecutor.runWorker(ThreadPoolExecutor.java:1136)
		at java.base/java.util.concurrent.ThreadPoolExecutor$Worker.run(ThreadPoolExecutor.java:635)
		at java.base/java.lang.Thread.run(Thread.java:833)
	Caused by: java.lang.IllegalArgumentException: The main resource set specified [D:\Java\Weblistener\build\web] is not a directory or war file, or is not readable (it does not exist or permissions to access it are missing)
		at org.apache.catalina.webresources.StandardRoot.createMainResourceSet(StandardRoot.java:720)
		at org.apache.catalina.webresources.StandardRoot.startInternal(StandardRoot.java:678)
		at org.apache.catalina.util.LifecycleBase.start(LifecycleBase.java:183)
		... 13 more
15-Jul-2023 22:19:37.048 SEVERE [localhost-startStop-1] org.apache.catalina.startup.HostConfig.deployDescriptor Error deploying deployment descriptor [D:\Libary for programs\apache-tomcat-8.5.89-windows-x64\apache-tomcat-8.5.89\conf\Catalina\localhost\Weblistener.xml]
	java.lang.IllegalStateException: Error starting child
		at org.apache.catalina.core.ContainerBase.addChildInternal(ContainerBase.java:715)
		at org.apache.catalina.core.ContainerBase.addChild(ContainerBase.java:688)
		at org.apache.catalina.core.StandardHost.addChild(StandardHost.java:661)
		at org.apache.catalina.startup.HostConfig.deployDescriptor(HostConfig.java:673)
		at org.apache.catalina.startup.HostConfig$DeployDescriptor.run(HostConfig.java:1881)
		at java.base/java.util.concurrent.Executors$RunnableAdapter.call(Executors.java:539)
		at java.base/java.util.concurrent.FutureTask.run(FutureTask.java:264)
		at java.base/java.util.concurrent.ThreadPoolExecutor.runWorker(ThreadPoolExecutor.java:1136)
		at java.base/java.util.concurrent.ThreadPoolExecutor$Worker.run(ThreadPoolExecutor.java:635)
		at java.base/java.lang.Thread.run(Thread.java:833)
	Caused by: org.apache.catalina.LifecycleException: Failed to start component [org.apache.catalina.webresources.StandardRoot@14445018]
		at org.apache.catalina.util.LifecycleBase.handleSubClassException(LifecycleBase.java:440)
		at org.apache.catalina.util.LifecycleBase.start(LifecycleBase.java:198)
		at org.apache.catalina.core.StandardContext.resourcesStart(StandardContext.java:4605)
		at org.apache.catalina.core.StandardContext.startInternal(StandardContext.java:4743)
		at org.apache.catalina.util.LifecycleBase.start(LifecycleBase.java:183)
		at org.apache.catalina.core.ContainerBase.addChildInternal(ContainerBase.java:711)
		... 9 more
	Caused by: java.lang.IllegalArgumentException: The main resource set specified [D:\Java\Weblistener\build\web] is not a directory or war file, or is not readable (it does not exist or permissions to access it are missing)
		at org.apache.catalina.webresources.StandardRoot.createMainResourceSet(StandardRoot.java:720)
		at org.apache.catalina.webresources.StandardRoot.startInternal(StandardRoot.java:678)
		at org.apache.catalina.util.LifecycleBase.start(LifecycleBase.java:183)
		... 13 more
15-Jul-2023 22:19:37.089 INFO [localhost-startStop-1] org.apache.catalina.startup.HostConfig.deployDescriptor Deployment of deployment descriptor [D:\Libary for programs\apache-tomcat-8.5.89-windows-x64\apache-tomcat-8.5.89\conf\Catalina\localhost\Weblistener.xml] has finished in [45] ms
15-Jul-2023 22:19:37.089 INFO [localhost-startStop-1] org.apache.catalina.startup.HostConfig.deployDirectory Deploying web application directory [D:\Libary for programs\apache-tomcat-8.5.89-windows-x64\apache-tomcat-8.5.89\webapps\docs]
15-Jul-2023 22:19:37.117 INFO [localhost-startStop-1] org.apache.catalina.startup.HostConfig.deployDirectory Deployment of web application directory [D:\Libary for programs\apache-tomcat-8.5.89-windows-x64\apache-tomcat-8.5.89\webapps\docs] has finished in [28] ms
15-Jul-2023 22:19:37.118 INFO [localhost-startStop-1] org.apache.catalina.startup.HostConfig.deployDirectory Deploying web application directory [D:\Libary for programs\apache-tomcat-8.5.89-windows-x64\apache-tomcat-8.5.89\webapps\examples]
15-Jul-2023 22:19:37.449 INFO [localhost-startStop-1] org.apache.catalina.startup.HostConfig.deployDirectory Deployment of web application directory [D:\Libary for programs\apache-tomcat-8.5.89-windows-x64\apache-tomcat-8.5.89\webapps\examples] has finished in [331] ms
15-Jul-2023 22:19:37.449 INFO [localhost-startStop-1] org.apache.catalina.startup.HostConfig.deployDirectory Deploying web application directory [D:\Libary for programs\apache-tomcat-8.5.89-windows-x64\apache-tomcat-8.5.89\webapps\host-manager]
15-Jul-2023 22:19:37.470 INFO [localhost-startStop-1] org.apache.catalina.startup.HostConfig.deployDirectory Deployment of web application directory [D:\Libary for programs\apache-tomcat-8.5.89-windows-x64\apache-tomcat-8.5.89\webapps\host-manager] has finished in [21] ms
15-Jul-2023 22:19:37.470 INFO [localhost-startStop-1] org.apache.catalina.startup.HostConfig.deployDirectory Deploying web application directory [D:\Libary for programs\apache-tomcat-8.5.89-windows-x64\apache-tomcat-8.5.89\webapps\manager]
15-Jul-2023 22:19:37.490 INFO [localhost-startStop-1] org.apache.catalina.startup.HostConfig.deployDirectory Deployment of web application directory [D:\Libary for programs\apache-tomcat-8.5.89-windows-x64\apache-tomcat-8.5.89\webapps\manager] has finished in [20] ms
15-Jul-2023 22:19:37.491 INFO [localhost-startStop-1] org.apache.catalina.startup.HostConfig.deployDirectory Deploying web application directory [D:\Libary for programs\apache-tomcat-8.5.89-windows-x64\apache-tomcat-8.5.89\webapps\ROOT]
15-Jul-2023 22:19:37.504 INFO [localhost-startStop-1] org.apache.catalina.startup.HostConfig.deployDirectory Deployment of web application directory [D:\Libary for programs\apache-tomcat-8.5.89-windows-x64\apache-tomcat-8.5.89\webapps\ROOT] has finished in [12] ms
15-Jul-2023 22:19:37.506 INFO [main] org.apache.coyote.AbstractProtocol.start Starting ProtocolHandler ["http-nio-8080"]
15-Jul-2023 22:19:37.543 INFO [main] org.apache.catalina.startup.Catalina.start Server startup in 2508 ms
15-Jul-2023 22:19:39.453 INFO [http-nio-8080-exec-8] org.apache.catalina.startup.HostConfig.deployDescriptor Deploying deployment descriptor [D:\Libary for programs\apache-tomcat-8.5.89-windows-x64\apache-tomcat-8.5.89\conf\Catalina\localhost\ProjectPRJ_main.xml]
15-Jul-2023 22:19:39.551 INFO [http-nio-8080-exec-8] org.apache.jasper.servlet.TldScanner.scanJars At least one JAR was scanned for TLDs yet contained no TLDs. Enable debug logging for this logger for a complete list of JARs that were scanned but no TLDs were found in them. Skipping unneeded JARs during scanning can improve startup time and JSP compilation time.
15-Jul-2023 22:19:39.558 INFO [http-nio-8080-exec-8] org.apache.catalina.startup.HostConfig.deployDescriptor Deployment of deployment descriptor [D:\Libary for programs\apache-tomcat-8.5.89-windows-x64\apache-tomcat-8.5.89\conf\Catalina\localhost\ProjectPRJ_main.xml] has finished in [105] ms
15-Jul-2023 22:19:39.562 INFO [http-nio-8080-exec-10] org.apache.catalina.util.LifecycleBase.start The start() method was called on component [StandardEngine[Catalina].StandardHost[localhost].StandardContext[/ProjectPRJ_main]] after start() had already been called. The second call will be ignored.
15-Jul-2023 22:27:44.710 INFO [main] org.apache.catalina.core.StandardServer.await A valid shutdown command was received via the shutdown port. Stopping the Server instance.
15-Jul-2023 22:27:44.710 INFO [main] org.apache.coyote.AbstractProtocol.pause Pausing ProtocolHandler ["http-nio-8080"]
15-Jul-2023 22:27:44.711 INFO [main] org.apache.catalina.core.StandardService.stopInternal Stopping service [Catalina]
15-Jul-2023 22:27:44.779 INFO [main] org.apache.coyote.AbstractProtocol.stop Stopping ProtocolHandler ["http-nio-8080"]
15-Jul-2023 22:27:44.791 INFO [main] org.apache.coyote.AbstractProtocol.destroy Destroying ProtocolHandler ["http-nio-8080"]
