30-Jun-2023 11:49:36.694 INFO [localhost-startStop-1] org.apache.catalina.core.ApplicationContext.log AuthenticationFilter initialized
30-Jun-2023 11:49:36.694 INFO [localhost-startStop-1] org.apache.catalina.core.ApplicationContext.log AuthenticationFilter initialized
30-Jun-2023 11:49:36.694 INFO [localhost-startStop-1] org.apache.catalina.core.ApplicationContext.log RequestLoggingFilter initialized
30-Jun-2023 11:49:36.694 INFO [localhost-startStop-1] org.apache.catalina.core.ApplicationContext.log RequestLoggingFilter initialized
30-Jun-2023 11:49:37.297 INFO [localhost-startStop-1] org.apache.catalina.core.ApplicationContext.log ContextListener: contextInitialized()
30-Jun-2023 11:49:37.297 INFO [localhost-startStop-1] org.apache.catalina.core.ApplicationContext.log SessionListener: contextInitialized()
30-Jun-2023 11:49:37.298 INFO [localhost-startStop-1] org.apache.catalina.core.ApplicationContext.log ContextListener: attributeAdded('StockTicker', 'async.Stockticker@23ad3c7e')
30-Jun-2023 11:49:39.059 INFO [http-nio-8080-exec-3] org.apache.catalina.core.ApplicationContext.log AuthenticationFilter initialized
30-Jun-2023 11:49:39.060 INFO [http-nio-8080-exec-3] org.apache.catalina.core.ApplicationContext.log AuthenticationFilter initialized
30-Jun-2023 11:49:39.060 INFO [http-nio-8080-exec-3] org.apache.catalina.core.ApplicationContext.log RequestLoggingFilter initialized
30-Jun-2023 11:49:39.060 INFO [http-nio-8080-exec-3] org.apache.catalina.core.ApplicationContext.log RequestLoggingFilter initialized
30-Jun-2023 11:49:40.322 INFO [http-nio-8080-exec-5] org.apache.catalina.core.ApplicationContext.log Requested Resource::/ServletFilterExmaple/
30-Jun-2023 11:49:40.322 INFO [http-nio-8080-exec-5] org.apache.catalina.core.ApplicationContext.log Unauthorized access request
30-Jun-2023 11:49:40.325 INFO [http-nio-8080-exec-7] org.apache.catalina.core.ApplicationContext.log Requested Resource::/ServletFilterExmaple/login.html
30-Jun-2023 11:51:24.374 INFO [http-nio-8080-exec-13] org.apache.catalina.core.ApplicationContext.log AuthenticationFilter initialized
30-Jun-2023 11:51:24.374 INFO [http-nio-8080-exec-13] org.apache.catalina.core.ApplicationContext.log AuthenticationFilter initialized
30-Jun-2023 11:51:24.374 INFO [http-nio-8080-exec-13] org.apache.catalina.core.ApplicationContext.log RequestLoggingFilter initialized
30-Jun-2023 11:51:24.375 INFO [http-nio-8080-exec-13] org.apache.catalina.core.ApplicationContext.log RequestLoggingFilter initialized
30-Jun-2023 11:51:27.398 INFO [http-nio-8080-exec-17] org.apache.catalina.core.ApplicationContext.log AuthenticationFilter initialized
30-Jun-2023 11:51:27.398 INFO [http-nio-8080-exec-17] org.apache.catalina.core.ApplicationContext.log AuthenticationFilter initialized
30-Jun-2023 11:51:27.399 INFO [http-nio-8080-exec-17] org.apache.catalina.core.ApplicationContext.log RequestLoggingFilter initialized
30-Jun-2023 11:51:27.399 INFO [http-nio-8080-exec-17] org.apache.catalina.core.ApplicationContext.log RequestLoggingFilter initialized
30-Jun-2023 11:51:27.651 INFO [http-nio-8080-exec-15] org.apache.catalina.core.ApplicationContext.log Requested Resource::/ServletFilterExmaple/
30-Jun-2023 11:51:27.651 INFO [http-nio-8080-exec-15] org.apache.catalina.core.ApplicationContext.log Unauthorized access request
30-Jun-2023 11:51:27.659 INFO [http-nio-8080-exec-13] org.apache.catalina.core.ApplicationContext.log Requested Resource::/ServletFilterExmaple/login.html
30-Jun-2023 11:51:37.733 INFO [http-nio-8080-exec-11] org.apache.catalina.core.ApplicationContext.log AuthenticationFilter initialized
30-Jun-2023 11:51:37.733 INFO [http-nio-8080-exec-11] org.apache.catalina.core.ApplicationContext.log AuthenticationFilter initialized
30-Jun-2023 11:51:37.733 INFO [http-nio-8080-exec-11] org.apache.catalina.core.ApplicationContext.log RequestLoggingFilter initialized
30-Jun-2023 11:51:37.733 INFO [http-nio-8080-exec-11] org.apache.catalina.core.ApplicationContext.log RequestLoggingFilter initialized
30-Jun-2023 11:51:43.317 INFO [http-nio-8080-exec-13] org.apache.catalina.core.ApplicationContext.log AuthenticationFilter initialized
30-Jun-2023 11:51:43.317 INFO [http-nio-8080-exec-13] org.apache.catalina.core.ApplicationContext.log AuthenticationFilter initialized
30-Jun-2023 11:51:43.319 INFO [http-nio-8080-exec-13] org.apache.catalina.core.ApplicationContext.log RequestLoggingFilter initialized
30-Jun-2023 11:51:43.319 INFO [http-nio-8080-exec-13] org.apache.catalina.core.ApplicationContext.log RequestLoggingFilter initialized
30-Jun-2023 11:51:47.508 INFO [ContainerBackgroundProcessor[StandardEngine[Catalina]]] org.apache.catalina.core.ApplicationContext.log AuthenticationFilter initialized
30-Jun-2023 11:51:47.509 INFO [ContainerBackgroundProcessor[StandardEngine[Catalina]]] org.apache.catalina.core.ApplicationContext.log AuthenticationFilter initialized
30-Jun-2023 11:51:47.509 INFO [ContainerBackgroundProcessor[StandardEngine[Catalina]]] org.apache.catalina.core.ApplicationContext.log RequestLoggingFilter initialized
30-Jun-2023 11:51:47.509 INFO [ContainerBackgroundProcessor[StandardEngine[Catalina]]] org.apache.catalina.core.ApplicationContext.log RequestLoggingFilter initialized
30-Jun-2023 11:52:04.805 INFO [http-nio-8080-exec-25] org.apache.catalina.core.ApplicationContext.log AuthenticationFilter initialized
30-Jun-2023 11:52:04.805 INFO [http-nio-8080-exec-25] org.apache.catalina.core.ApplicationContext.log AuthenticationFilter initialized
30-Jun-2023 11:52:04.805 INFO [http-nio-8080-exec-25] org.apache.catalina.core.ApplicationContext.log RequestLoggingFilter initialized
30-Jun-2023 11:52:04.805 INFO [http-nio-8080-exec-25] org.apache.catalina.core.ApplicationContext.log RequestLoggingFilter initialized
30-Jun-2023 11:52:05.282 INFO [http-nio-8080-exec-19] org.apache.catalina.core.ApplicationContext.log Requested Resource::/ServletFilterExmaple/
30-Jun-2023 11:52:05.282 INFO [http-nio-8080-exec-19] org.apache.catalina.core.ApplicationContext.log Unauthorized access request
30-Jun-2023 11:52:05.313 INFO [http-nio-8080-exec-23] org.apache.catalina.core.ApplicationContext.log Requested Resource::/ServletFilterExmaple/login.html
30-Jun-2023 11:52:32.099 INFO [http-nio-8080-exec-27] org.apache.catalina.core.ApplicationContext.log Requested Resource::/ServletFilterExmaple/
30-Jun-2023 11:52:32.100 INFO [http-nio-8080-exec-27] org.apache.catalina.core.ApplicationContext.log Unauthorized access request
30-Jun-2023 11:52:32.131 INFO [http-nio-8080-exec-28] org.apache.catalina.core.ApplicationContext.log Requested Resource::/ServletFilterExmaple/login.html
30-Jun-2023 11:56:07.871 INFO [http-nio-8080-exec-26] org.apache.catalina.core.ApplicationContext.log Requested Resource::/ServletFilterExmaple/
30-Jun-2023 11:56:07.871 INFO [http-nio-8080-exec-26] org.apache.catalina.core.ApplicationContext.log Unauthorized access request
30-Jun-2023 11:56:07.999 INFO [http-nio-8080-exec-28] org.apache.catalina.core.ApplicationContext.log Requested Resource::/ServletFilterExmaple/login.html
30-Jun-2023 11:58:15.319 INFO [http-nio-8080-exec-27] org.apache.catalina.core.ApplicationContext.log Requested Resource::/ServletFilterExmaple/
30-Jun-2023 11:58:15.319 INFO [http-nio-8080-exec-27] org.apache.catalina.core.ApplicationContext.log Unauthorized access request
30-Jun-2023 11:58:15.448 INFO [http-nio-8080-exec-29] org.apache.catalina.core.ApplicationContext.log Requested Resource::/ServletFilterExmaple/login.html
30-Jun-2023 11:58:32.750 INFO [http-nio-8080-exec-32] org.apache.catalina.core.ApplicationContext.log Requested Resource::/ServletFilterExmaple/
30-Jun-2023 11:58:32.750 INFO [http-nio-8080-exec-32] org.apache.catalina.core.ApplicationContext.log Unauthorized access request
30-Jun-2023 11:58:32.754 INFO [http-nio-8080-exec-31] org.apache.catalina.core.ApplicationContext.log Requested Resource::/ServletFilterExmaple/login.html
30-Jun-2023 12:03:09.347 INFO [http-nio-8080-exec-26] org.apache.catalina.core.ApplicationContext.log Requested Resource::/ServletFilterExmaple/
30-Jun-2023 12:03:09.347 INFO [http-nio-8080-exec-26] org.apache.catalina.core.ApplicationContext.log Unauthorized access request
30-Jun-2023 12:03:09.404 INFO [http-nio-8080-exec-35] org.apache.catalina.core.ApplicationContext.log Requested Resource::/ServletFilterExmaple/login.html
30-Jun-2023 12:06:36.993 INFO [http-nio-8080-exec-29] org.apache.catalina.core.ApplicationContext.log Requested Resource::/ServletFilterExmaple/
30-Jun-2023 12:06:36.993 INFO [http-nio-8080-exec-29] org.apache.catalina.core.ApplicationContext.log Unauthorized access request
30-Jun-2023 12:06:36.999 INFO [http-nio-8080-exec-32] org.apache.catalina.core.ApplicationContext.log Requested Resource::/ServletFilterExmaple/login.html
30-Jun-2023 12:07:35.426 INFO [http-nio-8080-exec-33] org.apache.catalina.core.ApplicationContext.log Requested Resource::/ServletFilterExmaple/
30-Jun-2023 12:07:35.426 INFO [http-nio-8080-exec-33] org.apache.catalina.core.ApplicationContext.log Unauthorized access request
30-Jun-2023 12:07:35.460 INFO [http-nio-8080-exec-26] org.apache.catalina.core.ApplicationContext.log Requested Resource::/ServletFilterExmaple/login.html
30-Jun-2023 12:08:32.833 INFO [http-nio-8080-exec-28] org.apache.catalina.core.ApplicationContext.log AuthenticationFilter initialized
30-Jun-2023 12:08:32.833 INFO [http-nio-8080-exec-28] org.apache.catalina.core.ApplicationContext.log AuthenticationFilter initialized
30-Jun-2023 12:08:32.833 INFO [http-nio-8080-exec-28] org.apache.catalina.core.ApplicationContext.log RequestLoggingFilter initialized
30-Jun-2023 12:08:32.833 INFO [http-nio-8080-exec-28] org.apache.catalina.core.ApplicationContext.log RequestLoggingFilter initialized
30-Jun-2023 12:08:50.245 INFO [http-nio-8080-exec-29] org.apache.catalina.core.ApplicationContext.log AuthenticationFilter initialized
30-Jun-2023 12:08:50.245 INFO [http-nio-8080-exec-29] org.apache.catalina.core.ApplicationContext.log AuthenticationFilter initialized
30-Jun-2023 12:08:50.245 INFO [http-nio-8080-exec-29] org.apache.catalina.core.ApplicationContext.log RequestLoggingFilter initialized
30-Jun-2023 12:08:50.245 INFO [http-nio-8080-exec-29] org.apache.catalina.core.ApplicationContext.log RequestLoggingFilter initialized
30-Jun-2023 12:09:04.942 INFO [http-nio-8080-exec-33] org.apache.catalina.core.ApplicationContext.log AuthenticationFilter initialized
30-Jun-2023 12:09:04.942 INFO [http-nio-8080-exec-33] org.apache.catalina.core.ApplicationContext.log AuthenticationFilter initialized
30-Jun-2023 12:09:04.942 INFO [http-nio-8080-exec-33] org.apache.catalina.core.ApplicationContext.log RequestLoggingFilter initialized
30-Jun-2023 12:09:04.942 INFO [http-nio-8080-exec-33] org.apache.catalina.core.ApplicationContext.log RequestLoggingFilter initialized
30-Jun-2023 12:10:16.733 INFO [http-nio-8080-exec-40] org.apache.catalina.core.ApplicationContext.log AuthenticationFilter initialized
30-Jun-2023 12:10:16.734 INFO [http-nio-8080-exec-40] org.apache.catalina.core.ApplicationContext.log AuthenticationFilter initialized
30-Jun-2023 12:10:16.734 INFO [http-nio-8080-exec-40] org.apache.catalina.core.ApplicationContext.log RequestLoggingFilter initialized
30-Jun-2023 12:10:16.734 INFO [http-nio-8080-exec-40] org.apache.catalina.core.ApplicationContext.log RequestLoggingFilter initialized
30-Jun-2023 12:10:41.916 INFO [http-nio-8080-exec-33] org.apache.catalina.core.ApplicationContext.log AuthenticationFilter initialized
30-Jun-2023 12:10:41.916 INFO [http-nio-8080-exec-33] org.apache.catalina.core.ApplicationContext.log AuthenticationFilter initialized
30-Jun-2023 12:10:41.917 INFO [http-nio-8080-exec-33] org.apache.catalina.core.ApplicationContext.log RequestLoggingFilter initialized
30-Jun-2023 12:10:41.917 INFO [http-nio-8080-exec-33] org.apache.catalina.core.ApplicationContext.log RequestLoggingFilter initialized
30-Jun-2023 12:11:01.149 INFO [http-nio-8080-exec-26] org.apache.catalina.core.ApplicationContext.log AuthenticationFilter initialized
30-Jun-2023 12:11:01.149 INFO [http-nio-8080-exec-26] org.apache.catalina.core.ApplicationContext.log AuthenticationFilter initialized
30-Jun-2023 12:11:01.149 INFO [http-nio-8080-exec-26] org.apache.catalina.core.ApplicationContext.log RequestLoggingFilter initialized
30-Jun-2023 12:11:01.149 INFO [http-nio-8080-exec-26] org.apache.catalina.core.ApplicationContext.log RequestLoggingFilter initialized
30-Jun-2023 12:11:01.356 INFO [http-nio-8080-exec-41] org.apache.catalina.core.ApplicationContext.log Requested Resource::/ServletFilterExmaple/
30-Jun-2023 12:11:01.356 INFO [http-nio-8080-exec-41] org.apache.catalina.core.ApplicationContext.log Unauthorized access request
30-Jun-2023 12:11:01.361 INFO [http-nio-8080-exec-44] org.apache.catalina.core.ApplicationContext.log Requested Resource::/ServletFilterExmaple/login.html
30-Jun-2023 12:11:13.819 INFO [http-nio-8080-exec-42] org.apache.catalina.core.ApplicationContext.log Requested Resource::/ServletFilterExmaple/
30-Jun-2023 12:11:13.819 INFO [http-nio-8080-exec-42] org.apache.catalina.core.ApplicationContext.log Unauthorized access request
30-Jun-2023 12:11:13.855 INFO [http-nio-8080-exec-45] org.apache.catalina.core.ApplicationContext.log Requested Resource::/ServletFilterExmaple/login.html
30-Jun-2023 12:11:17.180 INFO [http-nio-8080-exec-46] org.apache.catalina.core.ApplicationContext.log 0:0:0:0:0:0:0:1::Request Params::{user=baopg}
30-Jun-2023 12:11:17.180 INFO [http-nio-8080-exec-46] org.apache.catalina.core.ApplicationContext.log 0:0:0:0:0:0:0:1::Request Params::{pwd=12345}
30-Jun-2023 12:11:17.180 INFO [http-nio-8080-exec-46] org.apache.catalina.core.ApplicationContext.log Requested Resource::/ServletFilterExmaple/LoginServlet
30-Jun-2023 12:11:22.697 INFO [localhost-startStop-2] org.apache.catalina.core.ApplicationContext.log SessionListener: contextDestroyed()
30-Jun-2023 12:11:22.697 INFO [localhost-startStop-2] org.apache.catalina.core.ApplicationContext.log ContextListener: contextDestroyed()
30-Jun-2023 12:33:29.724 INFO [localhost-startStop-1] org.apache.catalina.core.ApplicationContext.log AuthenticationFilter initialized
30-Jun-2023 12:33:29.725 INFO [localhost-startStop-1] org.apache.catalina.core.ApplicationContext.log AuthenticationFilter initialized
30-Jun-2023 12:33:29.725 INFO [localhost-startStop-1] org.apache.catalina.core.ApplicationContext.log RequestLoggingFilter initialized
30-Jun-2023 12:33:29.725 INFO [localhost-startStop-1] org.apache.catalina.core.ApplicationContext.log RequestLoggingFilter initialized
30-Jun-2023 12:33:30.823 INFO [localhost-startStop-1] org.apache.catalina.core.ApplicationContext.log ContextListener: contextInitialized()
30-Jun-2023 12:33:30.823 INFO [localhost-startStop-1] org.apache.catalina.core.ApplicationContext.log SessionListener: contextInitialized()
30-Jun-2023 12:33:30.826 INFO [localhost-startStop-1] org.apache.catalina.core.ApplicationContext.log ContextListener: attributeAdded('StockTicker', 'async.Stockticker@11cffb4e')
30-Jun-2023 12:33:35.645 INFO [http-nio-8080-exec-2] org.apache.catalina.core.ApplicationContext.log Requested Resource::/ServletFilterExmaple/
30-Jun-2023 12:33:35.645 INFO [http-nio-8080-exec-2] org.apache.catalina.core.ApplicationContext.log Unauthorized access request
30-Jun-2023 12:33:35.699 INFO [http-nio-8080-exec-1] org.apache.catalina.core.ApplicationContext.log Requested Resource::/ServletFilterExmaple/login.html
30-Jun-2023 12:33:51.030 INFO [http-nio-8080-exec-5] org.apache.catalina.core.ApplicationContext.log 0:0:0:0:0:0:0:1::Request Params::{user=admin}
30-Jun-2023 12:33:51.030 INFO [http-nio-8080-exec-5] org.apache.catalina.core.ApplicationContext.log 0:0:0:0:0:0:0:1::Request Params::{pwd=password}
30-Jun-2023 12:33:51.030 INFO [http-nio-8080-exec-5] org.apache.catalina.core.ApplicationContext.log Requested Resource::/ServletFilterExmaple/LoginServlet
30-Jun-2023 12:33:51.061 INFO [http-nio-8080-exec-6] org.apache.catalina.core.ApplicationContext.log 0:0:0:0:0:0:0:1::Cookie::{JSESSIONID,FE798172EB50E204AC106086FD5D4758}
30-Jun-2023 12:33:51.061 INFO [http-nio-8080-exec-6] org.apache.catalina.core.ApplicationContext.log 0:0:0:0:0:0:0:1::Cookie::{user,admin}
30-Jun-2023 12:33:51.061 INFO [http-nio-8080-exec-6] org.apache.catalina.core.ApplicationContext.log Requested Resource::/ServletFilterExmaple/LoginSuccess.jsp
30-Jun-2023 12:34:09.612 INFO [http-nio-8080-exec-4] org.apache.catalina.core.ApplicationContext.log 0:0:0:0:0:0:0:1::Cookie::{JSESSIONID,FE798172EB50E204AC106086FD5D4758}
30-Jun-2023 12:34:09.612 INFO [http-nio-8080-exec-4] org.apache.catalina.core.ApplicationContext.log 0:0:0:0:0:0:0:1::Cookie::{user,admin}
30-Jun-2023 12:34:09.612 INFO [http-nio-8080-exec-4] org.apache.catalina.core.ApplicationContext.log Requested Resource::/ServletFilterExmaple/
30-Jun-2023 12:34:19.886 INFO [http-nio-8080-exec-5] org.apache.catalina.core.ApplicationContext.log 0:0:0:0:0:0:0:1::Request Params::{user=admin}
30-Jun-2023 12:34:19.886 INFO [http-nio-8080-exec-5] org.apache.catalina.core.ApplicationContext.log 0:0:0:0:0:0:0:1::Request Params::{pwd=password}
30-Jun-2023 12:34:19.886 INFO [http-nio-8080-exec-5] org.apache.catalina.core.ApplicationContext.log 0:0:0:0:0:0:0:1::Cookie::{JSESSIONID,FE798172EB50E204AC106086FD5D4758}
30-Jun-2023 12:34:19.886 INFO [http-nio-8080-exec-5] org.apache.catalina.core.ApplicationContext.log 0:0:0:0:0:0:0:1::Cookie::{user,admin}
30-Jun-2023 12:34:19.886 INFO [http-nio-8080-exec-5] org.apache.catalina.core.ApplicationContext.log Requested Resource::/ServletFilterExmaple/LoginServlet
30-Jun-2023 12:34:19.897 INFO [http-nio-8080-exec-10] org.apache.catalina.core.ApplicationContext.log 0:0:0:0:0:0:0:1::Cookie::{JSESSIONID,FE798172EB50E204AC106086FD5D4758}
30-Jun-2023 12:34:19.897 INFO [http-nio-8080-exec-10] org.apache.catalina.core.ApplicationContext.log 0:0:0:0:0:0:0:1::Cookie::{user,admin}
30-Jun-2023 12:34:19.897 INFO [http-nio-8080-exec-10] org.apache.catalina.core.ApplicationContext.log Requested Resource::/ServletFilterExmaple/LoginSuccess.jsp
30-Jun-2023 12:34:52.466 INFO [http-nio-8080-exec-10] org.apache.catalina.core.ApplicationContext.log 0:0:0:0:0:0:0:1::Request Params::{user=admin}
30-Jun-2023 12:34:52.466 INFO [http-nio-8080-exec-10] org.apache.catalina.core.ApplicationContext.log 0:0:0:0:0:0:0:1::Request Params::{pwd=password}
30-Jun-2023 12:34:52.466 INFO [http-nio-8080-exec-10] org.apache.catalina.core.ApplicationContext.log 0:0:0:0:0:0:0:1::Cookie::{JSESSIONID,FE798172EB50E204AC106086FD5D4758}
30-Jun-2023 12:34:52.466 INFO [http-nio-8080-exec-10] org.apache.catalina.core.ApplicationContext.log 0:0:0:0:0:0:0:1::Cookie::{user,admin}
30-Jun-2023 12:34:52.470 INFO [http-nio-8080-exec-10] org.apache.catalina.core.ApplicationContext.log Requested Resource::/ServletFilterExmaple/LoginServlet
30-Jun-2023 12:34:52.478 INFO [http-nio-8080-exec-8] org.apache.catalina.core.ApplicationContext.log 0:0:0:0:0:0:0:1::Cookie::{JSESSIONID,FE798172EB50E204AC106086FD5D4758}
30-Jun-2023 12:34:52.478 INFO [http-nio-8080-exec-8] org.apache.catalina.core.ApplicationContext.log 0:0:0:0:0:0:0:1::Cookie::{user,admin}
30-Jun-2023 12:34:52.478 INFO [http-nio-8080-exec-8] org.apache.catalina.core.ApplicationContext.log Requested Resource::/ServletFilterExmaple/LoginSuccess.jsp
30-Jun-2023 12:35:51.302 INFO [ContainerBackgroundProcessor[StandardEngine[Catalina]]] org.apache.catalina.core.ApplicationContext.log AuthenticationFilter initialized
30-Jun-2023 12:35:51.303 INFO [ContainerBackgroundProcessor[StandardEngine[Catalina]]] org.apache.catalina.core.ApplicationContext.log RequestLoggingFilter initialized
30-Jun-2023 12:38:17.754 INFO [http-nio-8080-exec-21] org.apache.catalina.core.ApplicationContext.log AuthenticationFilter initialized
30-Jun-2023 12:38:17.754 INFO [http-nio-8080-exec-21] org.apache.catalina.core.ApplicationContext.log AuthenticationFilter initialized
30-Jun-2023 12:38:17.755 INFO [http-nio-8080-exec-21] org.apache.catalina.core.ApplicationContext.log RequestLoggingFilter initialized
30-Jun-2023 12:38:17.755 INFO [http-nio-8080-exec-21] org.apache.catalina.core.ApplicationContext.log RequestLoggingFilter initialized
30-Jun-2023 12:38:18.137 INFO [http-nio-8080-exec-21] org.apache.catalina.core.ApplicationContext.log AuthenticationFilter initialized
30-Jun-2023 12:38:18.137 INFO [http-nio-8080-exec-21] org.apache.catalina.core.ApplicationContext.log AuthenticationFilter initialized
30-Jun-2023 12:38:18.138 INFO [http-nio-8080-exec-21] org.apache.catalina.core.ApplicationContext.log RequestLoggingFilter initialized
30-Jun-2023 12:38:18.138 INFO [http-nio-8080-exec-21] org.apache.catalina.core.ApplicationContext.log RequestLoggingFilter initialized
30-Jun-2023 12:38:20.285 INFO [http-nio-8080-exec-11] org.apache.catalina.core.ApplicationContext.log AuthenticationFilter initialized
30-Jun-2023 12:38:20.285 INFO [http-nio-8080-exec-11] org.apache.catalina.core.ApplicationContext.log AuthenticationFilter initialized
30-Jun-2023 12:38:20.286 INFO [http-nio-8080-exec-11] org.apache.catalina.core.ApplicationContext.log RequestLoggingFilter initialized
30-Jun-2023 12:38:20.286 INFO [http-nio-8080-exec-11] org.apache.catalina.core.ApplicationContext.log RequestLoggingFilter initialized
30-Jun-2023 12:38:20.734 INFO [http-nio-8080-exec-15] org.apache.catalina.core.ApplicationContext.log 0:0:0:0:0:0:0:1::Cookie::{JSESSIONID,FE798172EB50E204AC106086FD5D4758}
30-Jun-2023 12:38:20.734 INFO [http-nio-8080-exec-15] org.apache.catalina.core.ApplicationContext.log 0:0:0:0:0:0:0:1::Cookie::{user,admin}
30-Jun-2023 12:38:20.735 INFO [http-nio-8080-exec-15] org.apache.catalina.core.ApplicationContext.log Requested Resource::/ServletFilterExmaple/
30-Jun-2023 12:38:21.577 INFO [ContainerBackgroundProcessor[StandardEngine[Catalina]]] org.apache.catalina.core.ApplicationContext.log AuthenticationFilter initialized
30-Jun-2023 12:38:21.577 INFO [ContainerBackgroundProcessor[StandardEngine[Catalina]]] org.apache.catalina.core.ApplicationContext.log AuthenticationFilter initialized
30-Jun-2023 12:38:21.578 INFO [ContainerBackgroundProcessor[StandardEngine[Catalina]]] org.apache.catalina.core.ApplicationContext.log RequestLoggingFilter initialized
30-Jun-2023 12:38:21.578 INFO [ContainerBackgroundProcessor[StandardEngine[Catalina]]] org.apache.catalina.core.ApplicationContext.log RequestLoggingFilter initialized
30-Jun-2023 12:38:41.647 INFO [ContainerBackgroundProcessor[StandardEngine[Catalina]]] org.apache.catalina.core.ApplicationContext.log AuthenticationFilter initialized
30-Jun-2023 12:38:41.649 INFO [ContainerBackgroundProcessor[StandardEngine[Catalina]]] org.apache.catalina.core.ApplicationContext.log RequestLoggingFilter initialized
30-Jun-2023 13:19:25.058 INFO [http-nio-8080-exec-44] org.apache.catalina.core.ApplicationContext.log AuthenticationFilter initialized
30-Jun-2023 13:19:25.059 INFO [http-nio-8080-exec-44] org.apache.catalina.core.ApplicationContext.log RequestLoggingFilter initialized
30-Jun-2023 13:19:25.372 INFO [http-nio-8080-exec-43] org.apache.catalina.core.ApplicationContext.log AuthenticationFilter initialized
30-Jun-2023 13:19:25.373 INFO [http-nio-8080-exec-43] org.apache.catalina.core.ApplicationContext.log RequestLoggingFilter initialized
30-Jun-2023 13:19:49.116 INFO [http-nio-8080-exec-48] org.apache.catalina.core.ApplicationContext.log AuthenticationFilter initialized
30-Jun-2023 13:19:49.116 INFO [http-nio-8080-exec-48] org.apache.catalina.core.ApplicationContext.log RequestLoggingFilter initialized
30-Jun-2023 13:19:52.445 INFO [http-nio-8080-exec-37] org.apache.catalina.core.ApplicationContext.log AuthenticationFilter initialized
30-Jun-2023 13:19:52.446 INFO [http-nio-8080-exec-37] org.apache.catalina.core.ApplicationContext.log RequestLoggingFilter initialized
30-Jun-2023 13:20:01.594 INFO [http-nio-8080-exec-45] org.apache.catalina.core.ApplicationContext.log AuthenticationFilter initialized
30-Jun-2023 13:20:01.594 INFO [http-nio-8080-exec-45] org.apache.catalina.core.ApplicationContext.log AuthenticationFilter initialized
30-Jun-2023 13:20:01.595 INFO [http-nio-8080-exec-45] org.apache.catalina.core.ApplicationContext.log RequestLoggingFilter initialized
30-Jun-2023 13:20:01.595 INFO [http-nio-8080-exec-45] org.apache.catalina.core.ApplicationContext.log RequestLoggingFilter initialized
30-Jun-2023 13:20:02.215 INFO [http-nio-8080-exec-52] org.apache.catalina.core.ApplicationContext.log AuthenticationFilter initialized
30-Jun-2023 13:20:02.215 INFO [http-nio-8080-exec-52] org.apache.catalina.core.ApplicationContext.log AuthenticationFilter initialized
30-Jun-2023 13:20:02.215 INFO [http-nio-8080-exec-52] org.apache.catalina.core.ApplicationContext.log RequestLoggingFilter initialized
30-Jun-2023 13:20:02.215 INFO [http-nio-8080-exec-52] org.apache.catalina.core.ApplicationContext.log RequestLoggingFilter initialized
30-Jun-2023 13:20:03.533 INFO [http-nio-8080-exec-54] org.apache.catalina.core.ApplicationContext.log AuthenticationFilter initialized
30-Jun-2023 13:20:03.534 INFO [http-nio-8080-exec-54] org.apache.catalina.core.ApplicationContext.log AuthenticationFilter initialized
30-Jun-2023 13:20:03.534 INFO [http-nio-8080-exec-54] org.apache.catalina.core.ApplicationContext.log RequestLoggingFilter initialized
30-Jun-2023 13:20:03.534 INFO [http-nio-8080-exec-54] org.apache.catalina.core.ApplicationContext.log RequestLoggingFilter initialized
30-Jun-2023 13:20:03.921 INFO [http-nio-8080-exec-52] org.apache.catalina.core.ApplicationContext.log 0:0:0:0:0:0:0:1::Cookie::{JSESSIONID,FE798172EB50E204AC106086FD5D4758}
30-Jun-2023 13:20:03.922 INFO [http-nio-8080-exec-52] org.apache.catalina.core.ApplicationContext.log Requested Resource::/ServletFilterExmaple/
30-Jun-2023 13:20:03.922 INFO [http-nio-8080-exec-52] org.apache.catalina.core.ApplicationContext.log Unauthorized access request
30-Jun-2023 13:20:03.930 INFO [http-nio-8080-exec-40] org.apache.catalina.core.ApplicationContext.log 0:0:0:0:0:0:0:1::Cookie::{JSESSIONID,FE798172EB50E204AC106086FD5D4758}
30-Jun-2023 13:20:03.930 INFO [http-nio-8080-exec-40] org.apache.catalina.core.ApplicationContext.log Requested Resource::/ServletFilterExmaple/login.html
30-Jun-2023 13:20:05.121 INFO [ContainerBackgroundProcessor[StandardEngine[Catalina]]] org.apache.catalina.core.ApplicationContext.log AuthenticationFilter initialized
30-Jun-2023 13:20:05.122 INFO [ContainerBackgroundProcessor[StandardEngine[Catalina]]] org.apache.catalina.core.ApplicationContext.log AuthenticationFilter initialized
30-Jun-2023 13:20:05.122 INFO [ContainerBackgroundProcessor[StandardEngine[Catalina]]] org.apache.catalina.core.ApplicationContext.log RequestLoggingFilter initialized
30-Jun-2023 13:20:05.122 INFO [ContainerBackgroundProcessor[StandardEngine[Catalina]]] org.apache.catalina.core.ApplicationContext.log RequestLoggingFilter initialized
30-Jun-2023 13:20:20.876 INFO [http-nio-8080-exec-55] org.apache.catalina.core.ApplicationContext.log 0:0:0:0:0:0:0:1::Cookie::{JSESSIONID,FE798172EB50E204AC106086FD5D4758}
30-Jun-2023 13:20:20.876 INFO [http-nio-8080-exec-55] org.apache.catalina.core.ApplicationContext.log Requested Resource::/ServletFilterExmaple/
30-Jun-2023 13:20:20.877 INFO [http-nio-8080-exec-55] org.apache.catalina.core.ApplicationContext.log Unauthorized access request
30-Jun-2023 13:20:20.885 INFO [http-nio-8080-exec-40] org.apache.catalina.core.ApplicationContext.log 0:0:0:0:0:0:0:1::Cookie::{JSESSIONID,FE798172EB50E204AC106086FD5D4758}
30-Jun-2023 13:20:20.885 INFO [http-nio-8080-exec-40] org.apache.catalina.core.ApplicationContext.log Requested Resource::/ServletFilterExmaple/login.html
30-Jun-2023 13:20:25.385 INFO [ContainerBackgroundProcessor[StandardEngine[Catalina]]] org.apache.catalina.core.ApplicationContext.log AuthenticationFilter initialized
30-Jun-2023 13:20:25.386 INFO [ContainerBackgroundProcessor[StandardEngine[Catalina]]] org.apache.catalina.core.ApplicationContext.log RequestLoggingFilter initialized
30-Jun-2023 14:45:43.749 INFO [localhost-startStop-2] org.apache.catalina.core.ApplicationContext.log SessionListener: contextDestroyed()
30-Jun-2023 14:45:43.749 INFO [localhost-startStop-2] org.apache.catalina.core.ApplicationContext.log ContextListener: contextDestroyed()
