17-Jul-2023 00:05:10.379 INFO [http-nio-8080-exec-216] org.apache.catalina.core.ApplicationContext.log Manager: list: Listing contexts for virtual host 'localhost'
17-Jul-2023 00:05:10.382 INFO [http-nio-8080-exec-218] org.apache.catalina.core.ApplicationContext.log Manager: restart: Reloading web application '/ProjectPRJ_main'
17-Jul-2023 00:05:10.812 INFO [http-nio-8080-exec-216] org.apache.catalina.core.ApplicationContext.log Manager: list: Listing contexts for virtual host 'localhost'
17-Jul-2023 00:05:10.815 INFO [http-nio-8080-exec-219] org.apache.catalina.core.ApplicationContext.log Manager: restart: Reloading web application '/ProjectPRJ_main'
17-Jul-2023 00:05:49.124 INFO [http-nio-8080-exec-203] org.apache.catalina.core.ApplicationContext.log Manager: list: Listing contexts for virtual host 'localhost'
17-Jul-2023 00:05:49.127 INFO [http-nio-8080-exec-218] org.apache.catalina.core.ApplicationContext.log Manager: restart: Reloading web application '/ProjectPRJ_main'
17-Jul-2023 00:07:38.644 INFO [http-nio-8080-exec-226] org.apache.catalina.core.ApplicationContext.log Manager: list: Listing contexts for virtual host 'localhost'
17-Jul-2023 00:07:38.646 INFO [http-nio-8080-exec-227] org.apache.catalina.core.ApplicationContext.log Manager: restart: Reloading web application '/ProjectPRJ_main'
17-Jul-2023 00:09:30.096 INFO [http-nio-8080-exec-225] org.apache.catalina.core.ApplicationContext.log Manager: list: Listing contexts for virtual host 'localhost'
17-Jul-2023 00:09:30.098 INFO [http-nio-8080-exec-215] org.apache.catalina.core.ApplicationContext.log Manager: restart: Reloading web application '/ProjectPRJ_main'
17-Jul-2023 00:13:56.336 INFO [http-nio-8080-exec-235] org.apache.catalina.core.ApplicationContext.log Manager: list: Listing contexts for virtual host 'localhost'
17-Jul-2023 00:13:56.341 INFO [http-nio-8080-exec-234] org.apache.catalina.core.ApplicationContext.log Manager: restart: Reloading web application '/ProjectPRJ_main'
17-Jul-2023 00:14:10.455 INFO [http-nio-8080-exec-240] org.apache.catalina.core.ApplicationContext.log Manager: list: Listing contexts for virtual host 'localhost'
17-Jul-2023 00:14:10.459 INFO [http-nio-8080-exec-235] org.apache.catalina.core.ApplicationContext.log Manager: list: Listing contexts for virtual host 'localhost'
17-Jul-2023 00:14:10.514 INFO [http-nio-8080-exec-243] org.apache.catalina.core.ApplicationContext.log Manager: restart: Reloading web application '/ProjectPRJ_main'
17-Jul-2023 00:19:10.921 INFO [http-nio-8080-exec-250] org.apache.catalina.core.ApplicationContext.log Manager: list: Listing contexts for virtual host 'localhost'
17-Jul-2023 00:19:10.927 INFO [http-nio-8080-exec-249] org.apache.catalina.core.ApplicationContext.log Manager: restart: Reloading web application '/ProjectPRJ_main'
17-Jul-2023 00:21:01.779 INFO [http-nio-8080-exec-246] org.apache.catalina.core.ApplicationContext.log Manager: list: Listing contexts for virtual host 'localhost'
17-Jul-2023 00:21:01.785 INFO [http-nio-8080-exec-257] org.apache.catalina.core.ApplicationContext.log Manager: restart: Reloading web application '/ProjectPRJ_main'
17-Jul-2023 00:21:03.466 INFO [http-nio-8080-exec-245] org.apache.catalina.core.ApplicationContext.log Manager: list: Listing contexts for virtual host 'localhost'
17-Jul-2023 00:21:03.472 INFO [http-nio-8080-exec-254] org.apache.catalina.core.ApplicationContext.log Manager: restart: Reloading web application '/ProjectPRJ_main'
17-Jul-2023 00:22:48.861 INFO [http-nio-8080-exec-246] org.apache.catalina.core.ApplicationContext.log Manager: list: Listing contexts for virtual host 'localhost'
17-Jul-2023 00:22:48.865 INFO [http-nio-8080-exec-247] org.apache.catalina.core.ApplicationContext.log Manager: restart: Reloading web application '/ProjectPRJ_main'
17-Jul-2023 00:22:54.015 INFO [http-nio-8080-exec-260] org.apache.catalina.core.ApplicationContext.log Manager: list: Listing contexts for virtual host 'localhost'
17-Jul-2023 00:22:54.019 INFO [http-nio-8080-exec-246] org.apache.catalina.core.ApplicationContext.log Manager: restart: Reloading web application '/ProjectPRJ_main'
17-Jul-2023 00:25:07.648 INFO [http-nio-8080-exec-251] org.apache.catalina.core.ApplicationContext.log Manager: list: Listing contexts for virtual host 'localhost'
17-Jul-2023 00:25:07.654 INFO [http-nio-8080-exec-264] org.apache.catalina.core.ApplicationContext.log Manager: restart: Reloading web application '/ProjectPRJ_main'
17-Jul-2023 00:25:11.543 INFO [http-nio-8080-exec-257] org.apache.catalina.core.ApplicationContext.log Manager: list: Listing contexts for virtual host 'localhost'
17-Jul-2023 00:25:11.548 INFO [http-nio-8080-exec-251] org.apache.catalina.core.ApplicationContext.log Manager: restart: Reloading web application '/ProjectPRJ_main'
17-Jul-2023 00:44:11.353 INFO [http-nio-8080-exec-268] org.apache.catalina.core.ApplicationContext.log Manager: list: Listing contexts for virtual host 'localhost'
17-Jul-2023 00:44:11.356 INFO [http-nio-8080-exec-269] org.apache.catalina.core.ApplicationContext.log Manager: restart: Reloading web application '/ProjectPRJ_main'
17-Jul-2023 00:44:12.999 INFO [http-nio-8080-exec-268] org.apache.catalina.core.ApplicationContext.log Manager: list: Listing contexts for virtual host 'localhost'
17-Jul-2023 00:44:13.001 INFO [http-nio-8080-exec-267] org.apache.catalina.core.ApplicationContext.log Manager: list: Listing contexts for virtual host 'localhost'
17-Jul-2023 00:44:13.022 INFO [http-nio-8080-exec-273] org.apache.catalina.core.ApplicationContext.log Manager: restart: Reloading web application '/ProjectPRJ_main'
17-Jul-2023 01:18:04.280 INFO [http-nio-8080-exec-284] org.apache.catalina.core.ApplicationContext.log Manager: list: Listing contexts for virtual host 'localhost'
17-Jul-2023 01:18:04.284 INFO [http-nio-8080-exec-280] org.apache.catalina.core.ApplicationContext.log Manager: restart: Reloading web application '/ProjectPRJ_main'
17-Jul-2023 01:19:31.735 INFO [http-nio-8080-exec-278] org.apache.catalina.core.ApplicationContext.log Manager: list: Listing contexts for virtual host 'localhost'
17-Jul-2023 01:19:31.742 INFO [http-nio-8080-exec-290] org.apache.catalina.core.ApplicationContext.log Manager: restart: Reloading web application '/ProjectPRJ_main'
17-Jul-2023 01:19:32.973 INFO [http-nio-8080-exec-289] org.apache.catalina.core.ApplicationContext.log Manager: list: Listing contexts for virtual host 'localhost'
17-Jul-2023 01:19:32.978 INFO [http-nio-8080-exec-282] org.apache.catalina.core.ApplicationContext.log Manager: restart: Reloading web application '/ProjectPRJ_main'
17-Jul-2023 01:22:41.529 INFO [http-nio-8080-exec-279] org.apache.catalina.core.ApplicationContext.log Manager: list: Listing contexts for virtual host 'localhost'
17-Jul-2023 01:22:41.536 INFO [http-nio-8080-exec-295] org.apache.catalina.core.ApplicationContext.log Manager: restart: Reloading web application '/ProjectPRJ_main'
17-Jul-2023 01:30:04.508 INFO [http-nio-8080-exec-284] org.apache.catalina.core.ApplicationContext.log Manager: list: Listing contexts for virtual host 'localhost'
17-Jul-2023 01:30:04.517 INFO [http-nio-8080-exec-304] org.apache.catalina.core.ApplicationContext.log Manager: undeploy: Undeploying web application at '/ProjectPRJ_main'
17-Jul-2023 01:40:27.920 INFO [http-nio-8080-exec-306] org.apache.catalina.core.ApplicationContext.log Manager: list: Listing contexts for virtual host 'localhost'
17-Jul-2023 01:40:27.941 INFO [http-nio-8080-exec-308] org.apache.catalina.core.ApplicationContext.log Manager: list: Listing contexts for virtual host 'localhost'
17-Jul-2023 01:40:27.952 INFO [http-nio-8080-exec-312] org.apache.catalina.core.ApplicationContext.log Manager: install: Installing context configuration at 'file:/C:/Users/nhatp/AppData/Local/Temp/context7364435769270911786.xml'
17-Jul-2023 01:40:28.833 INFO [http-nio-8080-exec-311] org.apache.catalina.core.ApplicationContext.log Manager: start: Starting web application '/FinalProjectPRJ301'
17-Jul-2023 01:40:41.503 INFO [http-nio-8080-exec-307] org.apache.catalina.core.ApplicationContext.log Manager: list: Listing contexts for virtual host 'localhost'
17-Jul-2023 01:45:31.463 INFO [http-nio-8080-exec-311] org.apache.catalina.core.ApplicationContext.log Manager: list: Listing contexts for virtual host 'localhost'
17-Jul-2023 01:45:31.470 INFO [http-nio-8080-exec-312] org.apache.catalina.core.ApplicationContext.log Manager: restart: Reloading web application '/FinalProjectPRJ301'
17-Jul-2023 01:45:32.999 INFO [http-nio-8080-exec-313] org.apache.catalina.core.ApplicationContext.log Manager: list: Listing contexts for virtual host 'localhost'
17-Jul-2023 01:45:33.036 INFO [http-nio-8080-exec-317] org.apache.catalina.core.ApplicationContext.log Manager: list: Listing contexts for virtual host 'localhost'
17-Jul-2023 01:45:33.345 INFO [http-nio-8080-exec-314] org.apache.catalina.core.ApplicationContext.log Manager: list: Listing contexts for virtual host 'localhost'
17-Jul-2023 01:45:33.350 INFO [http-nio-8080-exec-316] org.apache.catalina.core.ApplicationContext.log Manager: restart: Reloading web application '/FinalProjectPRJ301'
17-Jul-2023 01:45:44.653 INFO [http-nio-8080-exec-310] org.apache.catalina.core.ApplicationContext.log Manager: list: Listing contexts for virtual host 'localhost'
17-Jul-2023 01:45:44.658 INFO [http-nio-8080-exec-307] org.apache.catalina.core.ApplicationContext.log Manager: restart: Reloading web application '/FinalProjectPRJ301'
17-Jul-2023 01:45:45.307 INFO [http-nio-8080-exec-314] org.apache.catalina.core.ApplicationContext.log Manager: list: Listing contexts for virtual host 'localhost'
17-Jul-2023 01:45:47.883 INFO [http-nio-8080-exec-307] org.apache.catalina.core.ApplicationContext.log Manager: list: Listing contexts for virtual host 'localhost'
17-Jul-2023 01:45:47.890 INFO [http-nio-8080-exec-306] org.apache.catalina.core.ApplicationContext.log Manager: restart: Reloading web application '/FinalProjectPRJ301'
17-Jul-2023 01:45:48.585 INFO [http-nio-8080-exec-313] org.apache.catalina.core.ApplicationContext.log Manager: list: Listing contexts for virtual host 'localhost'
17-Jul-2023 01:46:31.776 INFO [http-nio-8080-exec-306] org.apache.catalina.core.ApplicationContext.log Manager: list: Listing contexts for virtual host 'localhost'
17-Jul-2023 01:46:31.784 INFO [http-nio-8080-exec-308] org.apache.catalina.core.ApplicationContext.log Manager: restart: Reloading web application '/FinalProjectPRJ301'
17-Jul-2023 01:47:17.037 INFO [http-nio-8080-exec-306] org.apache.catalina.core.ApplicationContext.log Manager: list: Listing contexts for virtual host 'localhost'
17-Jul-2023 01:47:17.042 INFO [http-nio-8080-exec-320] org.apache.catalina.core.ApplicationContext.log Manager: restart: Reloading web application '/FinalProjectPRJ301'
17-Jul-2023 01:50:22.425 INFO [http-nio-8080-exec-306] org.apache.catalina.core.ApplicationContext.log Manager: list: Listing contexts for virtual host 'localhost'
17-Jul-2023 01:50:22.432 INFO [http-nio-8080-exec-325] org.apache.catalina.core.ApplicationContext.log Manager: restart: Reloading web application '/FinalProjectPRJ301'
17-Jul-2023 01:55:18.232 INFO [http-nio-8080-exec-330] org.apache.catalina.core.ApplicationContext.log Manager: list: Listing contexts for virtual host 'localhost'
17-Jul-2023 01:55:18.236 INFO [http-nio-8080-exec-306] org.apache.catalina.core.ApplicationContext.log Manager: list: Listing contexts for virtual host 'localhost'
17-Jul-2023 01:55:18.295 INFO [http-nio-8080-exec-325] org.apache.catalina.core.ApplicationContext.log Manager: restart: Reloading web application '/FinalProjectPRJ301'
17-Jul-2023 09:10:56.324 INFO [http-nio-8080-exec-335] org.apache.catalina.core.ApplicationContext.log Manager: list: Listing contexts for virtual host 'localhost'
17-Jul-2023 09:10:56.329 INFO [http-nio-8080-exec-334] org.apache.catalina.core.ApplicationContext.log Manager: stop: Stopping web application '/FinalProjectPRJ301'
17-Jul-2023 09:10:56.358 INFO [http-nio-8080-exec-331] org.apache.catalina.core.ApplicationContext.log Manager: start: Starting web application '/FinalProjectPRJ301'
17-Jul-2023 09:10:56.822 INFO [http-nio-8080-exec-333] org.apache.catalina.core.ApplicationContext.log Manager: list: Listing contexts for virtual host 'localhost'
17-Jul-2023 09:10:56.825 INFO [http-nio-8080-exec-340] org.apache.catalina.core.ApplicationContext.log Manager: stop: Stopping web application '/FinalProjectPRJ301'
17-Jul-2023 09:10:56.843 INFO [http-nio-8080-exec-338] org.apache.catalina.core.ApplicationContext.log Manager: start: Starting web application '/FinalProjectPRJ301'
17-Jul-2023 09:11:26.736 INFO [http-nio-8080-exec-333] org.apache.catalina.core.ApplicationContext.log Manager: list: Listing contexts for virtual host 'localhost'
17-Jul-2023 09:11:26.748 INFO [http-nio-8080-exec-332] org.apache.catalina.core.ApplicationContext.log Manager: list: Listing contexts for virtual host 'localhost'
17-Jul-2023 09:11:38.138 INFO [http-nio-8080-exec-333] org.apache.catalina.core.ApplicationContext.log Manager: list: Listing contexts for virtual host 'localhost'
17-Jul-2023 09:11:38.141 INFO [http-nio-8080-exec-339] org.apache.catalina.core.ApplicationContext.log Manager: restart: Reloading web application '/FinalProjectPRJ301'
17-Jul-2023 09:11:38.352 INFO [http-nio-8080-exec-343] org.apache.catalina.core.ApplicationContext.log Manager: list: Listing contexts for virtual host 'localhost'
17-Jul-2023 09:11:38.354 INFO [http-nio-8080-exec-333] org.apache.catalina.core.ApplicationContext.log Manager: restart: Reloading web application '/FinalProjectPRJ301'
17-Jul-2023 09:20:13.442 INFO [http-nio-8080-exec-346] org.apache.catalina.core.ApplicationContext.log Manager: list: Listing contexts for virtual host 'localhost'
17-Jul-2023 09:20:13.445 INFO [http-nio-8080-exec-347] org.apache.catalina.core.ApplicationContext.log Manager: restart: Reloading web application '/FinalProjectPRJ301'
17-Jul-2023 09:21:05.895 INFO [http-nio-8080-exec-350] org.apache.catalina.core.ApplicationContext.log Manager: list: Listing contexts for virtual host 'localhost'
17-Jul-2023 09:21:05.898 INFO [http-nio-8080-exec-346] org.apache.catalina.core.ApplicationContext.log Manager: restart: Reloading web application '/FinalProjectPRJ301'
17-Jul-2023 09:22:00.385 INFO [http-nio-8080-exec-350] org.apache.catalina.core.ApplicationContext.log Manager: list: Listing contexts for virtual host 'localhost'
17-Jul-2023 09:22:00.389 INFO [http-nio-8080-exec-353] org.apache.catalina.core.ApplicationContext.log Manager: stop: Stopping web application '/FinalProjectPRJ301'
17-Jul-2023 09:22:00.410 INFO [http-nio-8080-exec-344] org.apache.catalina.core.ApplicationContext.log Manager: start: Starting web application '/FinalProjectPRJ301'
17-Jul-2023 09:22:00.846 INFO [http-nio-8080-exec-349] org.apache.catalina.core.ApplicationContext.log Manager: list: Listing contexts for virtual host 'localhost'
17-Jul-2023 09:22:00.848 INFO [http-nio-8080-exec-345] org.apache.catalina.core.ApplicationContext.log Manager: restart: Reloading web application '/FinalProjectPRJ301'
17-Jul-2023 09:22:56.866 INFO [http-nio-8080-exec-331] org.apache.catalina.core.ApplicationContext.log Manager: list: Listing contexts for virtual host 'localhost'
17-Jul-2023 09:22:56.880 INFO [http-nio-8080-exec-345] org.apache.catalina.core.ApplicationContext.log Manager: list: Listing contexts for virtual host 'localhost'
17-Jul-2023 09:23:14.652 INFO [http-nio-8080-exec-331] org.apache.catalina.core.ApplicationContext.log Manager: list: Listing contexts for virtual host 'localhost'
17-Jul-2023 09:23:14.655 INFO [http-nio-8080-exec-356] org.apache.catalina.core.ApplicationContext.log Manager: restart: Reloading web application '/FinalProjectPRJ301'
17-Jul-2023 09:23:15.113 INFO [http-nio-8080-exec-355] org.apache.catalina.core.ApplicationContext.log Manager: list: Listing contexts for virtual host 'localhost'
17-Jul-2023 09:23:15.115 INFO [http-nio-8080-exec-345] org.apache.catalina.core.ApplicationContext.log Manager: restart: Reloading web application '/FinalProjectPRJ301'
17-Jul-2023 09:41:22.025 INFO [http-nio-8080-exec-359] org.apache.catalina.core.ApplicationContext.log Manager: list: Listing contexts for virtual host 'localhost'
17-Jul-2023 09:41:22.028 INFO [http-nio-8080-exec-360] org.apache.catalina.core.ApplicationContext.log Manager: restart: Reloading web application '/FinalProjectPRJ301'
17-Jul-2023 09:41:23.321 INFO [http-nio-8080-exec-363] org.apache.catalina.core.ApplicationContext.log Manager: list: Listing contexts for virtual host 'localhost'
17-Jul-2023 09:41:23.335 INFO [http-nio-8080-exec-366] org.apache.catalina.core.ApplicationContext.log Manager: list: Listing contexts for virtual host 'localhost'
17-Jul-2023 09:41:23.467 INFO [http-nio-8080-exec-357] org.apache.catalina.core.ApplicationContext.log Manager: list: Listing contexts for virtual host 'localhost'
17-Jul-2023 09:41:23.469 INFO [http-nio-8080-exec-367] org.apache.catalina.core.ApplicationContext.log Manager: restart: Reloading web application '/FinalProjectPRJ301'
17-Jul-2023 09:42:09.370 INFO [http-nio-8080-exec-362] org.apache.catalina.core.ApplicationContext.log Manager: list: Listing contexts for virtual host 'localhost'
17-Jul-2023 09:42:09.373 INFO [http-nio-8080-exec-357] org.apache.catalina.core.ApplicationContext.log Manager: restart: Reloading web application '/FinalProjectPRJ301'
17-Jul-2023 09:42:09.530 INFO [http-nio-8080-exec-366] org.apache.catalina.core.ApplicationContext.log Manager: list: Listing contexts for virtual host 'localhost'
17-Jul-2023 09:42:09.534 INFO [http-nio-8080-exec-365] org.apache.catalina.core.ApplicationContext.log Manager: restart: Reloading web application '/FinalProjectPRJ301'
17-Jul-2023 09:42:09.990 INFO [http-nio-8080-exec-357] org.apache.catalina.core.ApplicationContext.log Manager: list: Listing contexts for virtual host 'localhost'
17-Jul-2023 09:42:09.993 INFO [http-nio-8080-exec-368] org.apache.catalina.core.ApplicationContext.log Manager: restart: Reloading web application '/FinalProjectPRJ301'
17-Jul-2023 09:42:23.456 INFO [http-nio-8080-exec-361] org.apache.catalina.core.ApplicationContext.log Manager: list: Listing contexts for virtual host 'localhost'
17-Jul-2023 09:42:23.458 INFO [http-nio-8080-exec-357] org.apache.catalina.core.ApplicationContext.log Manager: restart: Reloading web application '/FinalProjectPRJ301'
17-Jul-2023 09:42:23.902 INFO [http-nio-8080-exec-362] org.apache.catalina.core.ApplicationContext.log Manager: list: Listing contexts for virtual host 'localhost'
17-Jul-2023 09:42:23.904 INFO [http-nio-8080-exec-368] org.apache.catalina.core.ApplicationContext.log Manager: restart: Reloading web application '/FinalProjectPRJ301'
17-Jul-2023 09:52:16.463 INFO [http-nio-8080-exec-373] org.apache.catalina.core.ApplicationContext.log Manager: list: Listing contexts for virtual host 'localhost'
17-Jul-2023 09:52:16.465 INFO [http-nio-8080-exec-374] org.apache.catalina.core.ApplicationContext.log Manager: restart: Reloading web application '/FinalProjectPRJ301'
17-Jul-2023 09:53:08.945 INFO [http-nio-8080-exec-377] org.apache.catalina.core.ApplicationContext.log Manager: list: Listing contexts for virtual host 'localhost'
17-Jul-2023 09:53:08.949 INFO [http-nio-8080-exec-380] org.apache.catalina.core.ApplicationContext.log Manager: stop: Stopping web application '/FinalProjectPRJ301'
17-Jul-2023 09:53:08.974 INFO [http-nio-8080-exec-378] org.apache.catalina.core.ApplicationContext.log Manager: start: Starting web application '/FinalProjectPRJ301'
17-Jul-2023 09:53:09.422 INFO [http-nio-8080-exec-379] org.apache.catalina.core.ApplicationContext.log Manager: list: Listing contexts for virtual host 'localhost'
17-Jul-2023 09:53:09.425 INFO [http-nio-8080-exec-373] org.apache.catalina.core.ApplicationContext.log Manager: restart: Reloading web application '/FinalProjectPRJ301'
17-Jul-2023 09:54:28.684 INFO [http-nio-8080-exec-377] org.apache.catalina.core.ApplicationContext.log Manager: list: Listing contexts for virtual host 'localhost'
17-Jul-2023 09:54:28.686 INFO [http-nio-8080-exec-374] org.apache.catalina.core.ApplicationContext.log Manager: restart: Reloading web application '/FinalProjectPRJ301'
17-Jul-2023 09:55:02.474 INFO [http-nio-8080-exec-372] org.apache.catalina.core.ApplicationContext.log Manager: list: Listing contexts for virtual host 'localhost'
17-Jul-2023 09:55:02.477 INFO [http-nio-8080-exec-376] org.apache.catalina.core.ApplicationContext.log Manager: restart: Reloading web application '/FinalProjectPRJ301'
17-Jul-2023 09:55:02.643 INFO [http-nio-8080-exec-377] org.apache.catalina.core.ApplicationContext.log Manager: list: Listing contexts for virtual host 'localhost'
17-Jul-2023 09:55:02.645 INFO [http-nio-8080-exec-379] org.apache.catalina.core.ApplicationContext.log Manager: restart: Reloading web application '/FinalProjectPRJ301'
17-Jul-2023 09:56:42.659 INFO [http-nio-8080-exec-383] org.apache.catalina.core.ApplicationContext.log Manager: list: Listing contexts for virtual host 'localhost'
17-Jul-2023 09:56:42.662 INFO [http-nio-8080-exec-372] org.apache.catalina.core.ApplicationContext.log Manager: restart: Reloading web application '/FinalProjectPRJ301'
17-Jul-2023 09:56:53.987 INFO [http-nio-8080-exec-383] org.apache.catalina.core.ApplicationContext.log Manager: list: Listing contexts for virtual host 'localhost'
17-Jul-2023 09:56:53.989 INFO [http-nio-8080-exec-385] org.apache.catalina.core.ApplicationContext.log Manager: restart: Reloading web application '/FinalProjectPRJ301'
17-Jul-2023 09:56:59.274 INFO [http-nio-8080-exec-377] org.apache.catalina.core.ApplicationContext.log Manager: list: Listing contexts for virtual host 'localhost'
17-Jul-2023 09:56:59.275 INFO [http-nio-8080-exec-386] org.apache.catalina.core.ApplicationContext.log Manager: list: Listing contexts for virtual host 'localhost'
17-Jul-2023 09:56:59.294 INFO [http-nio-8080-exec-384] org.apache.catalina.core.ApplicationContext.log Manager: stop: Stopping web application '/FinalProjectPRJ301'
17-Jul-2023 09:56:59.309 INFO [http-nio-8080-exec-381] org.apache.catalina.core.ApplicationContext.log Manager: start: Starting web application '/FinalProjectPRJ301'
17-Jul-2023 09:58:57.874 INFO [http-nio-8080-exec-392] org.apache.catalina.core.ApplicationContext.log Manager: list: Listing contexts for virtual host 'localhost'
17-Jul-2023 09:59:34.913 INFO [http-nio-8080-exec-390] org.apache.catalina.core.ApplicationContext.log Manager: list: Listing contexts for virtual host 'localhost'
17-Jul-2023 09:59:34.914 INFO [http-nio-8080-exec-391] org.apache.catalina.core.ApplicationContext.log Manager: list: Listing contexts for virtual host 'localhost'
17-Jul-2023 10:00:34.392 INFO [http-nio-8080-exec-392] org.apache.catalina.core.ApplicationContext.log Manager: list: Listing contexts for virtual host 'localhost'
17-Jul-2023 10:01:10.080 INFO [http-nio-8080-exec-392] org.apache.catalina.core.ApplicationContext.log Manager: list: Listing contexts for virtual host 'localhost'
17-Jul-2023 10:01:56.790 INFO [http-nio-8080-exec-396] org.apache.catalina.core.ApplicationContext.log Manager: list: Listing contexts for virtual host 'localhost'
17-Jul-2023 10:01:56.793 INFO [http-nio-8080-exec-391] org.apache.catalina.core.ApplicationContext.log Manager: restart: Reloading web application '/Classwork4'
17-Jul-2023 10:01:56.955 INFO [http-nio-8080-exec-393] org.apache.catalina.core.ApplicationContext.log Manager: list: Listing contexts for virtual host 'localhost'
17-Jul-2023 10:01:56.958 INFO [http-nio-8080-exec-398] org.apache.catalina.core.ApplicationContext.log Manager: restart: Reloading web application '/Classwork4'
17-Jul-2023 10:04:26.663 INFO [http-nio-8080-exec-390] org.apache.catalina.core.ApplicationContext.log Manager: list: Listing contexts for virtual host 'localhost'
17-Jul-2023 10:04:26.665 INFO [http-nio-8080-exec-393] org.apache.catalina.core.ApplicationContext.log Manager: restart: Reloading web application '/Classwork4'
17-Jul-2023 10:04:31.249 INFO [http-nio-8080-exec-402] org.apache.catalina.core.ApplicationContext.log Manager: list: Listing contexts for virtual host 'localhost'
17-Jul-2023 10:04:31.279 INFO [http-nio-8080-exec-393] org.apache.catalina.core.ApplicationContext.log Manager: list: Listing contexts for virtual host 'localhost'
17-Jul-2023 10:04:31.468 INFO [http-nio-8080-exec-401] org.apache.catalina.core.ApplicationContext.log Manager: list: Listing contexts for virtual host 'localhost'
17-Jul-2023 10:04:31.470 INFO [http-nio-8080-exec-398] org.apache.catalina.core.ApplicationContext.log Manager: restart: Reloading web application '/FinalProjectPRJ301'
17-Jul-2023 10:06:21.947 INFO [http-nio-8080-exec-397] org.apache.catalina.core.ApplicationContext.log Manager: list: Listing contexts for virtual host 'localhost'
17-Jul-2023 10:06:21.949 INFO [http-nio-8080-exec-403] org.apache.catalina.core.ApplicationContext.log Manager: restart: Reloading web application '/FinalProjectPRJ301'
17-Jul-2023 10:06:26.138 INFO [http-nio-8080-exec-401] org.apache.catalina.core.ApplicationContext.log Manager: list: Listing contexts for virtual host 'localhost'
17-Jul-2023 10:06:26.139 INFO [http-nio-8080-exec-394] org.apache.catalina.core.ApplicationContext.log Manager: list: Listing contexts for virtual host 'localhost'
17-Jul-2023 10:06:26.159 INFO [http-nio-8080-exec-393] org.apache.catalina.core.ApplicationContext.log Manager: restart: Reloading web application '/FinalProjectPRJ301'
17-Jul-2023 10:06:33.367 INFO [http-nio-8080-exec-405] org.apache.catalina.core.ApplicationContext.log Manager: list: Listing contexts for virtual host 'localhost'
17-Jul-2023 10:06:33.368 INFO [http-nio-8080-exec-394] org.apache.catalina.core.ApplicationContext.log Manager: list: Listing contexts for virtual host 'localhost'
17-Jul-2023 10:07:42.975 INFO [http-nio-8080-exec-409] org.apache.catalina.core.ApplicationContext.log Manager: list: Listing contexts for virtual host 'localhost'
17-Jul-2023 10:07:42.994 INFO [http-nio-8080-exec-403] org.apache.catalina.core.ApplicationContext.log Manager: list: Listing contexts for virtual host 'localhost'
17-Jul-2023 12:13:33.944 INFO [http-nio-8080-exec-9] org.apache.catalina.core.ApplicationContext.log Manager: init: Associated with Deployer 'Catalina:type=Deployer,host=localhost'
17-Jul-2023 12:13:33.944 INFO [http-nio-8080-exec-9] org.apache.catalina.core.ApplicationContext.log Manager: init: Global resources are available
17-Jul-2023 12:13:34.022 INFO [http-nio-8080-exec-3] org.apache.catalina.core.ApplicationContext.log Manager: list: Listing contexts for virtual host 'localhost'
17-Jul-2023 12:13:34.030 INFO [http-nio-8080-exec-1] org.apache.catalina.core.ApplicationContext.log Manager: list: Listing contexts for virtual host 'localhost'
17-Jul-2023 19:48:51.464 INFO [http-nio-8080-exec-1] org.apache.catalina.core.ApplicationContext.log Manager: list: Listing contexts for virtual host 'localhost'
17-Jul-2023 19:48:51.468 INFO [http-nio-8080-exec-5] org.apache.catalina.core.ApplicationContext.log Manager: list: Listing contexts for virtual host 'localhost'
17-Jul-2023 19:54:35.855 INFO [http-nio-8080-exec-8] org.apache.catalina.core.ApplicationContext.log Manager: list: Listing contexts for virtual host 'localhost'
17-Jul-2023 19:55:03.091 INFO [http-nio-8080-exec-8] org.apache.catalina.core.ApplicationContext.log Manager: list: Listing contexts for virtual host 'localhost'
17-Jul-2023 19:55:03.093 INFO [http-nio-8080-exec-6] org.apache.catalina.core.ApplicationContext.log Manager: list: Listing contexts for virtual host 'localhost'
17-Jul-2023 19:56:12.696 INFO [http-nio-8080-exec-1] org.apache.catalina.core.ApplicationContext.log Manager: list: Listing contexts for virtual host 'localhost'
17-Jul-2023 19:56:12.705 INFO [http-nio-8080-exec-7] org.apache.catalina.core.ApplicationContext.log Manager: restart: Reloading web application '/FinalProjectPRJ301'
17-Jul-2023 19:58:00.787 INFO [http-nio-8080-exec-13] org.apache.catalina.core.ApplicationContext.log Manager: list: Listing contexts for virtual host 'localhost'
17-Jul-2023 19:58:00.795 INFO [http-nio-8080-exec-16] org.apache.catalina.core.ApplicationContext.log Manager: restart: Reloading web application '/FinalProjectPRJ301'
17-Jul-2023 19:59:50.583 INFO [http-nio-8080-exec-14] org.apache.catalina.core.ApplicationContext.log Manager: list: Listing contexts for virtual host 'localhost'
17-Jul-2023 19:59:50.589 INFO [http-nio-8080-exec-21] org.apache.catalina.core.ApplicationContext.log Manager: restart: Reloading web application '/FinalProjectPRJ301'
17-Jul-2023 20:09:16.131 INFO [http-nio-8080-exec-23] org.apache.catalina.core.ApplicationContext.log Manager: list: Listing contexts for virtual host 'localhost'
17-Jul-2023 20:09:16.138 INFO [http-nio-8080-exec-24] org.apache.catalina.core.ApplicationContext.log Manager: restart: Reloading web application '/FinalProjectPRJ301'
17-Jul-2023 20:09:16.851 INFO [http-nio-8080-exec-26] org.apache.catalina.core.ApplicationContext.log Manager: list: Listing contexts for virtual host 'localhost'
17-Jul-2023 20:09:16.857 INFO [http-nio-8080-exec-25] org.apache.catalina.core.ApplicationContext.log Manager: restart: Reloading web application '/FinalProjectPRJ301'
17-Jul-2023 20:25:04.971 INFO [http-nio-8080-exec-35] org.apache.catalina.core.ApplicationContext.log Manager: list: Listing contexts for virtual host 'localhost'
17-Jul-2023 20:25:04.979 INFO [http-nio-8080-exec-36] org.apache.catalina.core.ApplicationContext.log Manager: restart: Reloading web application '/FinalProjectPRJ301'
17-Jul-2023 20:27:38.119 INFO [http-nio-8080-exec-34] org.apache.catalina.core.ApplicationContext.log Manager: list: Listing contexts for virtual host 'localhost'
17-Jul-2023 20:29:50.454 INFO [http-nio-8080-exec-45] org.apache.catalina.core.ApplicationContext.log Manager: list: Listing contexts for virtual host 'localhost'
17-Jul-2023 20:29:50.460 INFO [http-nio-8080-exec-47] org.apache.catalina.core.ApplicationContext.log Manager: restart: Reloading web application '/FinalProjectPRJ301'
17-Jul-2023 20:31:47.858 INFO [http-nio-8080-exec-56] org.apache.catalina.core.ApplicationContext.log Manager: list: Listing contexts for virtual host 'localhost'
17-Jul-2023 20:31:47.866 INFO [http-nio-8080-exec-55] org.apache.catalina.core.ApplicationContext.log Manager: restart: Reloading web application '/FinalProjectPRJ301'
17-Jul-2023 20:32:33.168 INFO [http-nio-8080-exec-56] org.apache.catalina.core.ApplicationContext.log Manager: list: Listing contexts for virtual host 'localhost'
17-Jul-2023 20:32:33.175 INFO [http-nio-8080-exec-55] org.apache.catalina.core.ApplicationContext.log Manager: restart: Reloading web application '/FinalProjectPRJ301'
17-Jul-2023 20:33:51.575 INFO [http-nio-8080-exec-65] org.apache.catalina.core.ApplicationContext.log Manager: list: Listing contexts for virtual host 'localhost'
17-Jul-2023 20:33:51.584 INFO [http-nio-8080-exec-67] org.apache.catalina.core.ApplicationContext.log Manager: restart: Reloading web application '/FinalProjectPRJ301'
17-Jul-2023 20:34:11.096 INFO [http-nio-8080-exec-64] org.apache.catalina.core.ApplicationContext.log Manager: list: Listing contexts for virtual host 'localhost'
17-Jul-2023 20:34:11.103 INFO [http-nio-8080-exec-55] org.apache.catalina.core.ApplicationContext.log Manager: restart: Reloading web application '/FinalProjectPRJ301'
17-Jul-2023 20:35:54.970 INFO [http-nio-8080-exec-70] org.apache.catalina.core.ApplicationContext.log Manager: list: Listing contexts for virtual host 'localhost'
17-Jul-2023 20:35:54.979 INFO [http-nio-8080-exec-72] org.apache.catalina.core.ApplicationContext.log Manager: restart: Reloading web application '/FinalProjectPRJ301'
17-Jul-2023 20:36:51.672 INFO [http-nio-8080-exec-55] org.apache.catalina.core.ApplicationContext.log Manager: list: Listing contexts for virtual host 'localhost'
17-Jul-2023 20:36:51.680 INFO [http-nio-8080-exec-70] org.apache.catalina.core.ApplicationContext.log Manager: restart: Reloading web application '/FinalProjectPRJ301'
17-Jul-2023 20:37:15.489 INFO [http-nio-8080-exec-55] org.apache.catalina.core.ApplicationContext.log Manager: list: Listing contexts for virtual host 'localhost'
17-Jul-2023 20:39:17.514 INFO [http-nio-8080-exec-76] org.apache.catalina.core.ApplicationContext.log Manager: list: Listing contexts for virtual host 'localhost'
17-Jul-2023 20:50:59.658 INFO [http-nio-8080-exec-74] org.apache.catalina.core.ApplicationContext.log Manager: list: Listing contexts for virtual host 'localhost'
17-Jul-2023 20:50:59.723 INFO [http-nio-8080-exec-75] org.apache.catalina.core.ApplicationContext.log Manager: list: Listing contexts for virtual host 'localhost'
17-Jul-2023 20:51:36.658 INFO [http-nio-8080-exec-79] org.apache.catalina.core.ApplicationContext.log Manager: list: Listing contexts for virtual host 'localhost'
17-Jul-2023 20:51:36.989 INFO [http-nio-8080-exec-81] org.apache.catalina.core.ApplicationContext.log Manager: list: Listing contexts for virtual host 'localhost'
17-Jul-2023 20:52:05.813 INFO [http-nio-8080-exec-77] org.apache.catalina.core.ApplicationContext.log Manager: list: Listing contexts for virtual host 'localhost'
17-Jul-2023 20:52:43.111 INFO [http-nio-8080-exec-77] org.apache.catalina.core.ApplicationContext.log Manager: list: Listing contexts for virtual host 'localhost'
17-Jul-2023 20:52:55.506 INFO [http-nio-8080-exec-75] org.apache.catalina.core.ApplicationContext.log Manager: list: Listing contexts for virtual host 'localhost'
17-Jul-2023 20:52:55.511 INFO [http-nio-8080-exec-79] org.apache.catalina.core.ApplicationContext.log Manager: list: Listing contexts for virtual host 'localhost'
17-Jul-2023 20:52:55.570 INFO [http-nio-8080-exec-74] org.apache.catalina.core.ApplicationContext.log Manager: restart: Reloading web application '/FinalProjectPRJ301'
17-Jul-2023 20:55:13.660 INFO [http-nio-8080-exec-84] org.apache.catalina.core.ApplicationContext.log Manager: list: Listing contexts for virtual host 'localhost'
17-Jul-2023 20:56:10.333 INFO [http-nio-8080-exec-89] org.apache.catalina.core.ApplicationContext.log Manager: list: Listing contexts for virtual host 'localhost'
17-Jul-2023 20:56:10.344 INFO [http-nio-8080-exec-93] org.apache.catalina.core.ApplicationContext.log Manager: restart: Reloading web application '/FinalProjectPRJ301'
17-Jul-2023 20:56:10.907 INFO [http-nio-8080-exec-86] org.apache.catalina.core.ApplicationContext.log Manager: list: Listing contexts for virtual host 'localhost'
17-Jul-2023 20:56:10.915 INFO [http-nio-8080-exec-90] org.apache.catalina.core.ApplicationContext.log Manager: restart: Reloading web application '/FinalProjectPRJ301'
17-Jul-2023 21:23:08.115 INFO [http-nio-8080-exec-100] org.apache.catalina.core.ApplicationContext.log Manager: list: Listing contexts for virtual host 'localhost'
17-Jul-2023 21:23:08.118 INFO [http-nio-8080-exec-101] org.apache.catalina.core.ApplicationContext.log Manager: restart: Reloading web application '/FinalProjectPRJ301'
17-Jul-2023 21:29:11.195 INFO [http-nio-8080-exec-110] org.apache.catalina.core.ApplicationContext.log Manager: list: Listing contexts for virtual host 'localhost'
17-Jul-2023 21:29:11.203 INFO [http-nio-8080-exec-109] org.apache.catalina.core.ApplicationContext.log Manager: restart: Reloading web application '/FinalProjectPRJ301'
17-Jul-2023 21:29:11.859 INFO [http-nio-8080-exec-108] org.apache.catalina.core.ApplicationContext.log Manager: list: Listing contexts for virtual host 'localhost'
17-Jul-2023 21:29:11.865 INFO [http-nio-8080-exec-106] org.apache.catalina.core.ApplicationContext.log Manager: restart: Reloading web application '/FinalProjectPRJ301'
17-Jul-2023 21:29:54.728 INFO [http-nio-8080-exec-111] org.apache.catalina.core.ApplicationContext.log Manager: list: Listing contexts for virtual host 'localhost'
17-Jul-2023 21:29:54.736 INFO [http-nio-8080-exec-110] org.apache.catalina.core.ApplicationContext.log Manager: restart: Reloading web application '/FinalProjectPRJ301'
17-Jul-2023 21:29:57.138 INFO [http-nio-8080-exec-103] org.apache.catalina.core.ApplicationContext.log Manager: list: Listing contexts for virtual host 'localhost'
17-Jul-2023 21:29:57.140 INFO [http-nio-8080-exec-114] org.apache.catalina.core.ApplicationContext.log Manager: list: Listing contexts for virtual host 'localhost'
17-Jul-2023 21:29:57.496 INFO [http-nio-8080-exec-112] org.apache.catalina.core.ApplicationContext.log Manager: restart: Reloading web application '/FinalProjectPRJ301'
17-Jul-2023 21:32:34.389 INFO [http-nio-8080-exec-117] org.apache.catalina.core.ApplicationContext.log Manager: list: Listing contexts for virtual host 'localhost'
17-Jul-2023 21:32:34.393 INFO [http-nio-8080-exec-119] org.apache.catalina.core.ApplicationContext.log Manager: restart: Reloading web application '/FinalProjectPRJ301'
17-Jul-2023 21:32:34.561 INFO [http-nio-8080-exec-122] org.apache.catalina.core.ApplicationContext.log Manager: list: Listing contexts for virtual host 'localhost'
17-Jul-2023 21:32:34.564 INFO [http-nio-8080-exec-123] org.apache.catalina.core.ApplicationContext.log Manager: restart: Reloading web application '/FinalProjectPRJ301'
17-Jul-2023 21:32:35.014 INFO [http-nio-8080-exec-119] org.apache.catalina.core.ApplicationContext.log Manager: list: Listing contexts for virtual host 'localhost'
17-Jul-2023 21:32:35.016 INFO [http-nio-8080-exec-117] org.apache.catalina.core.ApplicationContext.log Manager: restart: Reloading web application '/FinalProjectPRJ301'
17-Jul-2023 21:34:47.404 INFO [http-nio-8080-exec-122] org.apache.catalina.core.ApplicationContext.log Manager: list: Listing contexts for virtual host 'localhost'
17-Jul-2023 21:34:47.407 INFO [http-nio-8080-exec-120] org.apache.catalina.core.ApplicationContext.log Manager: restart: Reloading web application '/FinalProjectPRJ301'
17-Jul-2023 21:34:47.863 INFO [http-nio-8080-exec-119] org.apache.catalina.core.ApplicationContext.log Manager: list: Listing contexts for virtual host 'localhost'
17-Jul-2023 21:34:47.864 INFO [http-nio-8080-exec-117] org.apache.catalina.core.ApplicationContext.log Manager: restart: Reloading web application '/FinalProjectPRJ301'
17-Jul-2023 21:35:05.601 INFO [http-nio-8080-exec-125] org.apache.catalina.core.ApplicationContext.log Manager: list: Listing contexts for virtual host 'localhost'
17-Jul-2023 21:35:05.604 INFO [http-nio-8080-exec-124] org.apache.catalina.core.ApplicationContext.log Manager: restart: Reloading web application '/FinalProjectPRJ301'
17-Jul-2023 21:35:56.856 INFO [http-nio-8080-exec-113] org.apache.catalina.core.ApplicationContext.log Manager: list: Listing contexts for virtual host 'localhost'
17-Jul-2023 21:35:56.857 INFO [http-nio-8080-exec-127] org.apache.catalina.core.ApplicationContext.log Manager: restart: Reloading web application '/FinalProjectPRJ301'
17-Jul-2023 21:37:11.766 INFO [http-nio-8080-exec-124] org.apache.catalina.core.ApplicationContext.log Manager: list: Listing contexts for virtual host 'localhost'
17-Jul-2023 21:37:25.535 INFO [http-nio-8080-exec-117] org.apache.catalina.core.ApplicationContext.log Manager: list: Listing contexts for virtual host 'localhost'
17-Jul-2023 21:37:25.539 INFO [http-nio-8080-exec-122] org.apache.catalina.core.ApplicationContext.log Manager: restart: Reloading web application '/FinalProjectPRJ301'
17-Jul-2023 21:39:43.274 INFO [http-nio-8080-exec-138] org.apache.catalina.core.ApplicationContext.log Manager: list: Listing contexts for virtual host 'localhost'
17-Jul-2023 21:39:47.188 INFO [http-nio-8080-exec-133] org.apache.catalina.core.ApplicationContext.log Manager: list: Listing contexts for virtual host 'localhost'
17-Jul-2023 21:40:08.521 INFO [http-nio-8080-exec-140] org.apache.catalina.core.ApplicationContext.log Manager: list: Listing contexts for virtual host 'localhost'
17-Jul-2023 21:42:48.926 INFO [http-nio-8080-exec-140] org.apache.catalina.core.ApplicationContext.log Manager: list: Listing contexts for virtual host 'localhost'
17-Jul-2023 21:43:34.215 INFO [http-nio-8080-exec-135] org.apache.catalina.core.ApplicationContext.log Manager: list: Listing contexts for virtual host 'localhost'
17-Jul-2023 21:46:57.912 INFO [http-nio-8080-exec-135] org.apache.catalina.core.ApplicationContext.log Manager: list: Listing contexts for virtual host 'localhost'
17-Jul-2023 21:47:15.879 INFO [http-nio-8080-exec-139] org.apache.catalina.core.ApplicationContext.log Manager: list: Listing contexts for virtual host 'localhost'
17-Jul-2023 21:50:01.541 INFO [http-nio-8080-exec-139] org.apache.catalina.core.ApplicationContext.log Manager: list: Listing contexts for virtual host 'localhost'
17-Jul-2023 21:50:01.547 INFO [http-nio-8080-exec-137] org.apache.catalina.core.ApplicationContext.log Manager: restart: Reloading web application '/FinalProjectPRJ301'
17-Jul-2023 21:51:19.030 INFO [http-nio-8080-exec-144] org.apache.catalina.core.ApplicationContext.log Manager: list: Listing contexts for virtual host 'localhost'
17-Jul-2023 21:51:19.040 INFO [http-nio-8080-exec-146] org.apache.catalina.core.ApplicationContext.log Manager: restart: Reloading web application '/FinalProjectPRJ301'
17-Jul-2023 21:52:11.947 INFO [http-nio-8080-exec-133] org.apache.catalina.core.ApplicationContext.log Manager: list: Listing contexts for virtual host 'localhost'
17-Jul-2023 21:52:11.953 INFO [http-nio-8080-exec-146] org.apache.catalina.core.ApplicationContext.log Manager: restart: Reloading web application '/FinalProjectPRJ301'
17-Jul-2023 21:53:37.750 INFO [http-nio-8080-exec-153] org.apache.catalina.core.ApplicationContext.log Manager: list: Listing contexts for virtual host 'localhost'
17-Jul-2023 21:58:31.092 INFO [http-nio-8080-exec-153] org.apache.catalina.core.ApplicationContext.log Manager: list: Listing contexts for virtual host 'localhost'
17-Jul-2023 22:02:54.750 INFO [http-nio-8080-exec-158] org.apache.catalina.core.ApplicationContext.log Manager: list: Listing contexts for virtual host 'localhost'
17-Jul-2023 22:04:14.347 INFO [http-nio-8080-exec-156] org.apache.catalina.core.ApplicationContext.log Manager: list: Listing contexts for virtual host 'localhost'
17-Jul-2023 22:07:11.121 INFO [http-nio-8080-exec-152] org.apache.catalina.core.ApplicationContext.log Manager: list: Listing contexts for virtual host 'localhost'
17-Jul-2023 22:11:20.383 INFO [http-nio-8080-exec-158] org.apache.catalina.core.ApplicationContext.log Manager: list: Listing contexts for virtual host 'localhost'
17-Jul-2023 22:11:44.785 INFO [http-nio-8080-exec-150] org.apache.catalina.core.ApplicationContext.log Manager: list: Listing contexts for virtual host 'localhost'
17-Jul-2023 22:11:59.968 INFO [http-nio-8080-exec-154] org.apache.catalina.core.ApplicationContext.log Manager: list: Listing contexts for virtual host 'localhost'
17-Jul-2023 22:12:30.692 INFO [http-nio-8080-exec-153] org.apache.catalina.core.ApplicationContext.log Manager: list: Listing contexts for virtual host 'localhost'
17-Jul-2023 22:13:16.945 INFO [http-nio-8080-exec-153] org.apache.catalina.core.ApplicationContext.log Manager: list: Listing contexts for virtual host 'localhost'
17-Jul-2023 22:13:32.621 INFO [http-nio-8080-exec-159] org.apache.catalina.core.ApplicationContext.log Manager: list: Listing contexts for virtual host 'localhost'
17-Jul-2023 22:30:14.996 INFO [http-nio-8080-exec-159] org.apache.catalina.core.ApplicationContext.log Manager: list: Listing contexts for virtual host 'localhost'
17-Jul-2023 22:31:49.096 INFO [http-nio-8080-exec-156] org.apache.catalina.core.ApplicationContext.log Manager: list: Listing contexts for virtual host 'localhost'
17-Jul-2023 22:36:16.019 INFO [http-nio-8080-exec-152] org.apache.catalina.core.ApplicationContext.log Manager: list: Listing contexts for virtual host 'localhost'
17-Jul-2023 22:36:44.785 INFO [http-nio-8080-exec-158] org.apache.catalina.core.ApplicationContext.log Manager: list: Listing contexts for virtual host 'localhost'
17-Jul-2023 22:43:12.623 INFO [http-nio-8080-exec-151] org.apache.catalina.core.ApplicationContext.log Manager: list: Listing contexts for virtual host 'localhost'
17-Jul-2023 22:43:41.135 INFO [http-nio-8080-exec-151] org.apache.catalina.core.ApplicationContext.log Manager: list: Listing contexts for virtual host 'localhost'
17-Jul-2023 22:44:51.493 INFO [http-nio-8080-exec-151] org.apache.catalina.core.ApplicationContext.log Manager: list: Listing contexts for virtual host 'localhost'
17-Jul-2023 22:45:25.251 INFO [http-nio-8080-exec-153] org.apache.catalina.core.ApplicationContext.log Manager: list: Listing contexts for virtual host 'localhost'
17-Jul-2023 22:46:22.195 INFO [http-nio-8080-exec-155] org.apache.catalina.core.ApplicationContext.log Manager: list: Listing contexts for virtual host 'localhost'
17-Jul-2023 22:46:53.668 INFO [http-nio-8080-exec-154] org.apache.catalina.core.ApplicationContext.log Manager: list: Listing contexts for virtual host 'localhost'
17-Jul-2023 22:47:10.550 INFO [http-nio-8080-exec-153] org.apache.catalina.core.ApplicationContext.log Manager: list: Listing contexts for virtual host 'localhost'
17-Jul-2023 22:48:42.727 INFO [http-nio-8080-exec-151] org.apache.catalina.core.ApplicationContext.log Manager: list: Listing contexts for virtual host 'localhost'
17-Jul-2023 22:50:28.440 INFO [http-nio-8080-exec-153] org.apache.catalina.core.ApplicationContext.log Manager: list: Listing contexts for virtual host 'localhost'
17-Jul-2023 22:51:29.229 INFO [http-nio-8080-exec-155] org.apache.catalina.core.ApplicationContext.log Manager: list: Listing contexts for virtual host 'localhost'
17-Jul-2023 22:51:56.623 INFO [http-nio-8080-exec-159] org.apache.catalina.core.ApplicationContext.log Manager: list: Listing contexts for virtual host 'localhost'
17-Jul-2023 22:54:42.385 INFO [http-nio-8080-exec-151] org.apache.catalina.core.ApplicationContext.log Manager: list: Listing contexts for virtual host 'localhost'
17-Jul-2023 22:54:42.387 INFO [http-nio-8080-exec-153] org.apache.catalina.core.ApplicationContext.log Manager: restart: Reloading web application '/FinalProjectPRJ301'
17-Jul-2023 22:56:26.862 INFO [http-nio-8080-exec-151] org.apache.catalina.core.ApplicationContext.log Manager: list: Listing contexts for virtual host 'localhost'
17-Jul-2023 22:56:26.865 INFO [http-nio-8080-exec-150] org.apache.catalina.core.ApplicationContext.log Manager: restart: Reloading web application '/FinalProjectPRJ301'
17-Jul-2023 22:57:12.818 INFO [http-nio-8080-exec-158] org.apache.catalina.core.ApplicationContext.log Manager: list: Listing contexts for virtual host 'localhost'
17-Jul-2023 22:57:12.820 INFO [http-nio-8080-exec-154] org.apache.catalina.core.ApplicationContext.log Manager: restart: Reloading web application '/FinalProjectPRJ301'
17-Jul-2023 22:57:25.027 INFO [http-nio-8080-exec-150] org.apache.catalina.core.ApplicationContext.log Manager: list: Listing contexts for virtual host 'localhost'
17-Jul-2023 22:57:25.028 INFO [http-nio-8080-exec-160] org.apache.catalina.core.ApplicationContext.log Manager: restart: Reloading web application '/FinalProjectPRJ301'
17-Jul-2023 22:58:05.000 INFO [http-nio-8080-exec-162] org.apache.catalina.core.ApplicationContext.log Manager: list: Listing contexts for virtual host 'localhost'
17-Jul-2023 22:58:05.002 INFO [http-nio-8080-exec-164] org.apache.catalina.core.ApplicationContext.log Manager: restart: Reloading web application '/FinalProjectPRJ301'
17-Jul-2023 22:58:28.765 INFO [http-nio-8080-exec-154] org.apache.catalina.core.ApplicationContext.log Manager: list: Listing contexts for virtual host 'localhost'
17-Jul-2023 22:58:28.767 INFO [http-nio-8080-exec-163] org.apache.catalina.core.ApplicationContext.log Manager: restart: Reloading web application '/FinalProjectPRJ301'
17-Jul-2023 22:58:58.048 INFO [http-nio-8080-exec-160] org.apache.catalina.core.ApplicationContext.log Manager: list: Listing contexts for virtual host 'localhost'
17-Jul-2023 22:58:58.050 INFO [http-nio-8080-exec-165] org.apache.catalina.core.ApplicationContext.log Manager: restart: Reloading web application '/FinalProjectPRJ301'
17-Jul-2023 22:59:54.003 INFO [http-nio-8080-exec-165] org.apache.catalina.core.ApplicationContext.log Manager: list: Listing contexts for virtual host 'localhost'
17-Jul-2023 23:01:54.795 INFO [http-nio-8080-exec-169] org.apache.catalina.core.ApplicationContext.log Manager: list: Listing contexts for virtual host 'localhost'
17-Jul-2023 23:02:51.013 INFO [http-nio-8080-exec-172] org.apache.catalina.core.ApplicationContext.log Manager: list: Listing contexts for virtual host 'localhost'
17-Jul-2023 23:02:51.016 INFO [http-nio-8080-exec-170] org.apache.catalina.core.ApplicationContext.log Manager: restart: Reloading web application '/FinalProjectPRJ301'
17-Jul-2023 23:02:51.459 INFO [http-nio-8080-exec-175] org.apache.catalina.core.ApplicationContext.log Manager: list: Listing contexts for virtual host 'localhost'
17-Jul-2023 23:02:51.462 INFO [http-nio-8080-exec-172] org.apache.catalina.core.ApplicationContext.log Manager: restart: Reloading web application '/FinalProjectPRJ301'
17-Jul-2023 23:04:03.968 INFO [http-nio-8080-exec-175] org.apache.catalina.core.ApplicationContext.log Manager: list: Listing contexts for virtual host 'localhost'
17-Jul-2023 23:04:03.999 INFO [http-nio-8080-exec-168] org.apache.catalina.core.ApplicationContext.log Manager: list: Listing contexts for virtual host 'localhost'
17-Jul-2023 23:04:21.860 INFO [http-nio-8080-exec-169] org.apache.catalina.core.ApplicationContext.log Manager: list: Listing contexts for virtual host 'localhost'
17-Jul-2023 23:04:22.173 INFO [http-nio-8080-exec-168] org.apache.catalina.core.ApplicationContext.log Manager: list: Listing contexts for virtual host 'localhost'
17-Jul-2023 23:04:41.924 INFO [http-nio-8080-exec-175] org.apache.catalina.core.ApplicationContext.log Manager: list: Listing contexts for virtual host 'localhost'
17-Jul-2023 23:04:41.926 INFO [http-nio-8080-exec-182] org.apache.catalina.core.ApplicationContext.log Manager: restart: Reloading web application '/FinalProjectPRJ301'
17-Jul-2023 23:04:51.819 INFO [http-nio-8080-exec-177] org.apache.catalina.core.ApplicationContext.log Manager: list: Listing contexts for virtual host 'localhost'
17-Jul-2023 23:04:51.822 INFO [http-nio-8080-exec-175] org.apache.catalina.core.ApplicationContext.log Manager: restart: Reloading web application '/FinalProjectPRJ301'
17-Jul-2023 23:06:20.565 INFO [http-nio-8080-exec-176] org.apache.catalina.core.ApplicationContext.log Manager: list: Listing contexts for virtual host 'localhost'
17-Jul-2023 23:06:50.931 INFO [http-nio-8080-exec-183] org.apache.catalina.core.ApplicationContext.log Manager: list: Listing contexts for virtual host 'localhost'
17-Jul-2023 23:07:36.162 INFO [http-nio-8080-exec-176] org.apache.catalina.core.ApplicationContext.log Manager: list: Listing contexts for virtual host 'localhost'
17-Jul-2023 23:07:36.166 INFO [http-nio-8080-exec-190] org.apache.catalina.core.ApplicationContext.log Manager: restart: Reloading web application '/FinalProjectPRJ301'
17-Jul-2023 23:08:57.771 INFO [http-nio-8080-exec-185] org.apache.catalina.core.ApplicationContext.log Manager: list: Listing contexts for virtual host 'localhost'
17-Jul-2023 23:09:19.952 INFO [http-nio-8080-exec-192] org.apache.catalina.core.ApplicationContext.log Manager: list: Listing contexts for virtual host 'localhost'
17-Jul-2023 23:09:59.291 INFO [http-nio-8080-exec-193] org.apache.catalina.core.ApplicationContext.log Manager: list: Listing contexts for virtual host 'localhost'
17-Jul-2023 23:10:57.990 INFO [http-nio-8080-exec-198] org.apache.catalina.core.ApplicationContext.log Manager: list: Listing contexts for virtual host 'localhost'
17-Jul-2023 23:13:01.559 INFO [http-nio-8080-exec-191] org.apache.catalina.core.ApplicationContext.log Manager: list: Listing contexts for virtual host 'localhost'
17-Jul-2023 23:13:03.164 INFO [http-nio-8080-exec-195] org.apache.catalina.core.ApplicationContext.log Manager: list: Listing contexts for virtual host 'localhost'
17-Jul-2023 23:13:03.190 INFO [http-nio-8080-exec-196] org.apache.catalina.core.ApplicationContext.log Manager: list: Listing contexts for virtual host 'localhost'
17-Jul-2023 23:13:25.645 INFO [http-nio-8080-exec-197] org.apache.catalina.core.ApplicationContext.log Manager: list: Listing contexts for virtual host 'localhost'
17-Jul-2023 23:13:25.651 INFO [http-nio-8080-exec-195] org.apache.catalina.core.ApplicationContext.log Manager: restart: Reloading web application '/FinalProjectPRJ301'
17-Jul-2023 23:13:25.819 INFO [http-nio-8080-exec-194] org.apache.catalina.core.ApplicationContext.log Manager: list: Listing contexts for virtual host 'localhost'
17-Jul-2023 23:13:25.821 INFO [http-nio-8080-exec-193] org.apache.catalina.core.ApplicationContext.log Manager: restart: Reloading web application '/FinalProjectPRJ301'
17-Jul-2023 23:13:32.567 INFO [http-nio-8080-exec-197] org.apache.catalina.core.ApplicationContext.log Manager: list: Listing contexts for virtual host 'localhost'
17-Jul-2023 23:13:32.569 INFO [http-nio-8080-exec-200] org.apache.catalina.core.ApplicationContext.log Manager: restart: Reloading web application '/FinalProjectPRJ301'
17-Jul-2023 23:13:38.792 INFO [http-nio-8080-exec-193] org.apache.catalina.core.ApplicationContext.log Manager: list: Listing contexts for virtual host 'localhost'
17-Jul-2023 23:13:38.795 INFO [http-nio-8080-exec-191] org.apache.catalina.core.ApplicationContext.log Manager: restart: Reloading web application '/FinalProjectPRJ301'
17-Jul-2023 23:14:08.633 INFO [http-nio-8080-exec-192] org.apache.catalina.core.ApplicationContext.log Manager: list: Listing contexts for virtual host 'localhost'
17-Jul-2023 23:15:01.925 INFO [http-nio-8080-exec-201] org.apache.catalina.core.ApplicationContext.log Manager: list: Listing contexts for virtual host 'localhost'
17-Jul-2023 23:15:53.771 INFO [http-nio-8080-exec-212] org.apache.catalina.core.ApplicationContext.log Manager: list: Listing contexts for virtual host 'localhost'
17-Jul-2023 23:15:53.773 INFO [http-nio-8080-exec-211] org.apache.catalina.core.ApplicationContext.log Manager: restart: Reloading web application '/FinalProjectPRJ301'
17-Jul-2023 23:16:25.119 INFO [http-nio-8080-exec-204] org.apache.catalina.core.ApplicationContext.log Manager: list: Listing contexts for virtual host 'localhost'
17-Jul-2023 23:16:25.121 INFO [http-nio-8080-exec-206] org.apache.catalina.core.ApplicationContext.log Manager: restart: Reloading web application '/FinalProjectPRJ301'
17-Jul-2023 23:18:09.154 INFO [http-nio-8080-exec-216] org.apache.catalina.core.ApplicationContext.log Manager: list: Listing contexts for virtual host 'localhost'
17-Jul-2023 23:20:36.517 INFO [http-nio-8080-exec-219] org.apache.catalina.core.ApplicationContext.log Manager: list: Listing contexts for virtual host 'localhost'
17-Jul-2023 23:21:22.015 INFO [http-nio-8080-exec-219] org.apache.catalina.core.ApplicationContext.log Manager: list: Listing contexts for virtual host 'localhost'
17-Jul-2023 23:21:34.449 INFO [http-nio-8080-exec-218] org.apache.catalina.core.ApplicationContext.log Manager: list: Listing contexts for virtual host 'localhost'
17-Jul-2023 23:22:57.034 INFO [http-nio-8080-exec-217] org.apache.catalina.core.ApplicationContext.log Manager: list: Listing contexts for virtual host 'localhost'
17-Jul-2023 23:24:24.162 INFO [http-nio-8080-exec-223] org.apache.catalina.core.ApplicationContext.log Manager: list: Listing contexts for virtual host 'localhost'
17-Jul-2023 23:24:46.191 INFO [http-nio-8080-exec-222] org.apache.catalina.core.ApplicationContext.log Manager: list: Listing contexts for virtual host 'localhost'
