27-Jun-2023 08:46:27.003 INFO [http-nio-8080-exec-3] org.apache.catalina.core.ApplicationContext.log Manager: init: Associated with Deployer 'Catalina:type=Deployer,host=localhost'
27-Jun-2023 08:46:27.003 INFO [http-nio-8080-exec-3] org.apache.catalina.core.ApplicationContext.log Manager: init: Global resources are available
27-Jun-2023 08:46:27.019 INFO [http-nio-8080-exec-7] org.apache.catalina.core.ApplicationContext.log Manager: list: Listing contexts for virtual host 'localhost'
27-Jun-2023 08:46:27.063 INFO [http-nio-8080-exec-9] org.apache.catalina.core.ApplicationContext.log Manager: list: Listing contexts for virtual host 'localhost'
27-Jun-2023 08:46:27.073 INFO [http-nio-8080-exec-8] org.apache.catalina.core.ApplicationContext.log Manager: install: Installing context configuration at 'file:/C:/Users/nhatp/AppData/Local/Temp/context5263174517443711024.xml'
27-Jun-2023 08:46:27.100 INFO [http-nio-8080-exec-10] org.apache.catalina.core.ApplicationContext.log Manager: start: Starting web application '/WebappCustomTagDemo'
27-Jun-2023 08:57:01.673 INFO [http-nio-8080-exec-7] org.apache.catalina.core.ApplicationContext.log Manager: list: Listing contexts for virtual host 'localhost'
27-Jun-2023 08:57:01.840 INFO [http-nio-8080-exec-3] org.apache.catalina.core.ApplicationContext.log Manager: list: Listing contexts for virtual host 'localhost'
27-Jun-2023 08:57:01.843 INFO [http-nio-8080-exec-6] org.apache.catalina.core.ApplicationContext.log Manager: list: Listing contexts for virtual host 'localhost'
27-Jun-2023 08:59:22.497 INFO [http-nio-8080-exec-6] org.apache.catalina.core.ApplicationContext.log Manager: list: Listing contexts for virtual host 'localhost'
27-Jun-2023 09:00:27.960 INFO [http-nio-8080-exec-4] org.apache.catalina.core.ApplicationContext.log Manager: list: Listing contexts for virtual host 'localhost'
27-Jun-2023 09:04:00.071 INFO [http-nio-8080-exec-8] org.apache.catalina.core.ApplicationContext.log Manager: list: Listing contexts for virtual host 'localhost'
27-Jun-2023 09:04:00.513 INFO [http-nio-8080-exec-5] org.apache.catalina.core.ApplicationContext.log Manager: list: Listing contexts for virtual host 'localhost'
27-Jun-2023 09:04:00.518 INFO [http-nio-8080-exec-4] org.apache.catalina.core.ApplicationContext.log Manager: stop: Stopping web application '/WebappCustomTagDemo'
27-Jun-2023 09:04:00.532 INFO [http-nio-8080-exec-6] org.apache.catalina.core.ApplicationContext.log Manager: start: Starting web application '/WebappCustomTagDemo'
27-Jun-2023 09:04:00.875 INFO [http-nio-8080-exec-10] org.apache.catalina.core.ApplicationContext.log Manager: list: Listing contexts for virtual host 'localhost'
27-Jun-2023 09:04:00.879 INFO [http-nio-8080-exec-3] org.apache.catalina.core.ApplicationContext.log Manager: stop: Stopping web application '/WebappCustomTagDemo'
27-Jun-2023 09:04:00.883 INFO [http-nio-8080-exec-1] org.apache.catalina.core.ApplicationContext.log Manager: start: Starting web application '/WebappCustomTagDemo'
27-Jun-2023 09:04:39.572 INFO [http-nio-8080-exec-11] org.apache.catalina.core.ApplicationContext.log Manager: list: Listing contexts for virtual host 'localhost'
27-Jun-2023 09:04:39.577 INFO [http-nio-8080-exec-7] org.apache.catalina.core.ApplicationContext.log Manager: stop: Stopping web application '/WebappCustomTagDemo'
27-Jun-2023 09:04:39.594 INFO [http-nio-8080-exec-1] org.apache.catalina.core.ApplicationContext.log Manager: start: Starting web application '/WebappCustomTagDemo'
27-Jun-2023 09:05:14.527 INFO [http-nio-8080-exec-14] org.apache.catalina.core.ApplicationContext.log Manager: list: Listing contexts for virtual host 'localhost'
27-Jun-2023 09:05:14.530 INFO [http-nio-8080-exec-10] org.apache.catalina.core.ApplicationContext.log Manager: list: Listing contexts for virtual host 'localhost'
27-Jun-2023 09:05:14.539 INFO [http-nio-8080-exec-7] org.apache.catalina.core.ApplicationContext.log Manager: stop: Stopping web application '/WebappCustomTagDemo'
27-Jun-2023 09:05:14.541 INFO [http-nio-8080-exec-1] org.apache.catalina.core.ApplicationContext.log Manager: start: Starting web application '/WebappCustomTagDemo'
27-Jun-2023 09:05:17.899 INFO [http-nio-8080-exec-15] org.apache.catalina.core.ApplicationContext.log Manager: list: Listing contexts for virtual host 'localhost'
27-Jun-2023 09:05:17.900 INFO [http-nio-8080-exec-10] org.apache.catalina.core.ApplicationContext.log Manager: list: Listing contexts for virtual host 'localhost'
27-Jun-2023 09:05:17.909 INFO [http-nio-8080-exec-13] org.apache.catalina.core.ApplicationContext.log Manager: stop: Stopping web application '/WebappCustomTagDemo'
27-Jun-2023 09:05:17.910 INFO [http-nio-8080-exec-1] org.apache.catalina.core.ApplicationContext.log Manager: start: Starting web application '/WebappCustomTagDemo'
27-Jun-2023 09:05:25.800 INFO [http-nio-8080-exec-13] org.apache.catalina.core.ApplicationContext.log Manager: list: Listing contexts for virtual host 'localhost'
27-Jun-2023 09:05:25.801 INFO [http-nio-8080-exec-6] org.apache.catalina.core.ApplicationContext.log Manager: list: Listing contexts for virtual host 'localhost'
27-Jun-2023 09:05:25.810 INFO [http-nio-8080-exec-7] org.apache.catalina.core.ApplicationContext.log Manager: stop: Stopping web application '/WebappCustomTagDemo'
27-Jun-2023 09:05:25.813 INFO [http-nio-8080-exec-1] org.apache.catalina.core.ApplicationContext.log Manager: start: Starting web application '/WebappCustomTagDemo'
27-Jun-2023 09:06:08.921 INFO [http-nio-8080-exec-17] org.apache.catalina.core.ApplicationContext.log Manager: list: Listing contexts for virtual host 'localhost'
27-Jun-2023 09:06:08.924 INFO [http-nio-8080-exec-14] org.apache.catalina.core.ApplicationContext.log Manager: list: Listing contexts for virtual host 'localhost'
27-Jun-2023 09:06:08.933 INFO [http-nio-8080-exec-1] org.apache.catalina.core.ApplicationContext.log Manager: undeploy: Undeploying web application at '/WebappCustomTagDemo'
27-Jun-2023 09:06:09.450 INFO [http-nio-8080-exec-18] org.apache.catalina.core.ApplicationContext.log Manager: install: Installing context configuration at 'file:/C:/Users/nhatp/AppData/Local/Temp/context1359341338190059153.xml'
27-Jun-2023 09:06:12.366 INFO [http-nio-8080-exec-17] org.apache.catalina.core.ApplicationContext.log Manager: list: Listing contexts for virtual host 'localhost'
27-Jun-2023 09:06:12.367 INFO [http-nio-8080-exec-14] org.apache.catalina.core.ApplicationContext.log Manager: list: Listing contexts for virtual host 'localhost'
27-Jun-2023 09:06:12.376 INFO [http-nio-8080-exec-1] org.apache.catalina.core.ApplicationContext.log Manager: stop: Stopping web application '/WebappCustomTagDemo'
27-Jun-2023 09:06:12.378 INFO [http-nio-8080-exec-18] org.apache.catalina.core.ApplicationContext.log Manager: start: Starting web application '/WebappCustomTagDemo'
27-Jun-2023 09:07:03.326 INFO [http-nio-8080-exec-21] org.apache.catalina.core.ApplicationContext.log Manager: list: Listing contexts for virtual host 'localhost'
27-Jun-2023 09:07:03.329 INFO [http-nio-8080-exec-19] org.apache.catalina.core.ApplicationContext.log Manager: list: Listing contexts for virtual host 'localhost'
27-Jun-2023 09:07:03.339 INFO [http-nio-8080-exec-18] org.apache.catalina.core.ApplicationContext.log Manager: undeploy: Undeploying web application at '/WebappCustomTagDemo'
27-Jun-2023 09:07:03.848 INFO [http-nio-8080-exec-20] org.apache.catalina.core.ApplicationContext.log Manager: install: Installing context configuration at 'file:/C:/Users/nhatp/AppData/Local/Temp/context6886807572223568176.xml'
27-Jun-2023 09:07:10.745 INFO [http-nio-8080-exec-20] org.apache.catalina.core.ApplicationContext.log Manager: list: Listing contexts for virtual host 'localhost'
27-Jun-2023 09:07:10.748 INFO [http-nio-8080-exec-6] org.apache.catalina.core.ApplicationContext.log Manager: list: Listing contexts for virtual host 'localhost'
27-Jun-2023 09:07:10.758 INFO [http-nio-8080-exec-19] org.apache.catalina.core.ApplicationContext.log Manager: undeploy: Undeploying web application at '/WebappCustomTagDemo'
27-Jun-2023 09:07:11.273 INFO [http-nio-8080-exec-18] org.apache.catalina.core.ApplicationContext.log Manager: install: Installing context configuration at 'file:/C:/Users/nhatp/AppData/Local/Temp/context17732118332874936076.xml'
27-Jun-2023 09:07:23.586 INFO [http-nio-8080-exec-23] org.apache.catalina.core.ApplicationContext.log Manager: list: Listing contexts for virtual host 'localhost'
27-Jun-2023 09:07:23.589 INFO [http-nio-8080-exec-6] org.apache.catalina.core.ApplicationContext.log Manager: list: Listing contexts for virtual host 'localhost'
27-Jun-2023 09:07:23.601 INFO [http-nio-8080-exec-8] org.apache.catalina.core.ApplicationContext.log Manager: undeploy: Undeploying web application at '/WebappCustomTagDemo'
27-Jun-2023 09:07:24.112 INFO [http-nio-8080-exec-19] org.apache.catalina.core.ApplicationContext.log Manager: install: Installing context configuration at 'file:/C:/Users/nhatp/AppData/Local/Temp/context797930540739634617.xml'
27-Jun-2023 09:07:27.110 INFO [http-nio-8080-exec-19] org.apache.catalina.core.ApplicationContext.log Manager: list: Listing contexts for virtual host 'localhost'
27-Jun-2023 09:07:27.113 INFO [http-nio-8080-exec-23] org.apache.catalina.core.ApplicationContext.log Manager: list: Listing contexts for virtual host 'localhost'
27-Jun-2023 09:07:27.122 INFO [http-nio-8080-exec-8] org.apache.catalina.core.ApplicationContext.log Manager: undeploy: Undeploying web application at '/WebappCustomTagDemo'
27-Jun-2023 09:07:27.636 INFO [http-nio-8080-exec-24] org.apache.catalina.core.ApplicationContext.log Manager: install: Installing context configuration at 'file:/C:/Users/nhatp/AppData/Local/Temp/context7971772306258779325.xml'
27-Jun-2023 09:07:31.041 INFO [http-nio-8080-exec-22] org.apache.catalina.core.ApplicationContext.log Manager: list: Listing contexts for virtual host 'localhost'
27-Jun-2023 09:07:31.044 INFO [http-nio-8080-exec-14] org.apache.catalina.core.ApplicationContext.log Manager: list: Listing contexts for virtual host 'localhost'
27-Jun-2023 09:07:31.052 INFO [http-nio-8080-exec-8] org.apache.catalina.core.ApplicationContext.log Manager: undeploy: Undeploying web application at '/WebappCustomTagDemo'
27-Jun-2023 09:07:31.566 INFO [http-nio-8080-exec-24] org.apache.catalina.core.ApplicationContext.log Manager: install: Installing context configuration at 'file:/C:/Users/nhatp/AppData/Local/Temp/context10519423228452563566.xml'
27-Jun-2023 09:07:31.987 INFO [http-nio-8080-exec-24] org.apache.catalina.core.ApplicationContext.log Manager: list: Listing contexts for virtual host 'localhost'
27-Jun-2023 09:07:31.988 INFO [http-nio-8080-exec-23] org.apache.catalina.core.ApplicationContext.log Manager: list: Listing contexts for virtual host 'localhost'
27-Jun-2023 09:07:31.995 INFO [http-nio-8080-exec-14] org.apache.catalina.core.ApplicationContext.log Manager: undeploy: Undeploying web application at '/WebappCustomTagDemo'
27-Jun-2023 09:07:32.503 INFO [http-nio-8080-exec-8] org.apache.catalina.core.ApplicationContext.log Manager: install: Installing context configuration at 'file:/C:/Users/nhatp/AppData/Local/Temp/context7394476211735775280.xml'
27-Jun-2023 09:07:34.624 INFO [http-nio-8080-exec-20] org.apache.catalina.core.ApplicationContext.log Manager: list: Listing contexts for virtual host 'localhost'
27-Jun-2023 09:07:34.626 INFO [http-nio-8080-exec-21] org.apache.catalina.core.ApplicationContext.log Manager: list: Listing contexts for virtual host 'localhost'
27-Jun-2023 09:07:34.634 INFO [http-nio-8080-exec-26] org.apache.catalina.core.ApplicationContext.log Manager: stop: Stopping web application '/WebappCustomTagDemo'
27-Jun-2023 09:07:34.635 INFO [http-nio-8080-exec-8] org.apache.catalina.core.ApplicationContext.log Manager: start: Starting web application '/WebappCustomTagDemo'
27-Jun-2023 09:08:41.639 INFO [http-nio-8080-exec-28] org.apache.catalina.core.ApplicationContext.log Manager: list: Listing contexts for virtual host 'localhost'
27-Jun-2023 09:08:41.642 INFO [http-nio-8080-exec-25] org.apache.catalina.core.ApplicationContext.log Manager: list: Listing contexts for virtual host 'localhost'
27-Jun-2023 09:08:41.649 INFO [http-nio-8080-exec-23] org.apache.catalina.core.ApplicationContext.log Manager: undeploy: Undeploying web application at '/WebappCustomTagDemo'
27-Jun-2023 09:08:42.159 INFO [http-nio-8080-exec-28] org.apache.catalina.core.ApplicationContext.log Manager: install: Installing context configuration at 'file:/C:/Users/nhatp/AppData/Local/Temp/context5511860896326607915.xml'
27-Jun-2023 09:08:59.802 INFO [http-nio-8080-exec-26] org.apache.catalina.core.ApplicationContext.log Manager: list: Listing contexts for virtual host 'localhost'
27-Jun-2023 09:08:59.806 INFO [http-nio-8080-exec-27] org.apache.catalina.core.ApplicationContext.log Manager: list: Listing contexts for virtual host 'localhost'
27-Jun-2023 09:08:59.813 INFO [http-nio-8080-exec-23] org.apache.catalina.core.ApplicationContext.log Manager: undeploy: Undeploying web application at '/WebappCustomTagDemo'
27-Jun-2023 09:09:00.324 INFO [http-nio-8080-exec-28] org.apache.catalina.core.ApplicationContext.log Manager: install: Installing context configuration at 'file:/C:/Users/nhatp/AppData/Local/Temp/context9345217943934276819.xml'
27-Jun-2023 09:09:00.343 INFO [http-nio-8080-exec-29] org.apache.catalina.core.ApplicationContext.log Manager: start: Starting web application '/WebappCustomTagDemo'
27-Jun-2023 09:09:03.937 INFO [http-nio-8080-exec-20] org.apache.catalina.core.ApplicationContext.log Manager: list: Listing contexts for virtual host 'localhost'
27-Jun-2023 09:09:03.939 INFO [http-nio-8080-exec-30] org.apache.catalina.core.ApplicationContext.log Manager: list: Listing contexts for virtual host 'localhost'
27-Jun-2023 09:09:03.946 INFO [http-nio-8080-exec-26] org.apache.catalina.core.ApplicationContext.log Manager: stop: Stopping web application '/WebappCustomTagDemo'
27-Jun-2023 09:09:03.950 INFO [http-nio-8080-exec-32] org.apache.catalina.core.ApplicationContext.log Manager: start: Starting web application '/WebappCustomTagDemo'
27-Jun-2023 09:09:16.814 INFO [http-nio-8080-exec-34] org.apache.catalina.core.ApplicationContext.log Manager: list: Listing contexts for virtual host 'localhost'
27-Jun-2023 09:09:16.817 INFO [http-nio-8080-exec-23] org.apache.catalina.core.ApplicationContext.log Manager: list: Listing contexts for virtual host 'localhost'
27-Jun-2023 09:14:05.129 INFO [http-nio-8080-exec-33] org.apache.catalina.core.ApplicationContext.log Manager: list: Listing contexts for virtual host 'localhost'
27-Jun-2023 09:14:05.131 INFO [http-nio-8080-exec-34] org.apache.catalina.core.ApplicationContext.log Manager: restart: Reloading web application '/WebappCustomTagDemo'
27-Jun-2023 09:15:39.635 INFO [http-nio-8080-exec-45] org.apache.catalina.core.ApplicationContext.log Manager: list: Listing contexts for virtual host 'localhost'
27-Jun-2023 09:15:39.637 INFO [http-nio-8080-exec-36] org.apache.catalina.core.ApplicationContext.log Manager: stop: Stopping web application '/WebappCustomTagDemo'
27-Jun-2023 09:15:39.641 INFO [http-nio-8080-exec-39] org.apache.catalina.core.ApplicationContext.log Manager: start: Starting web application '/WebappCustomTagDemo'
27-Jun-2023 09:16:55.913 INFO [http-nio-8080-exec-37] org.apache.catalina.core.ApplicationContext.log Manager: list: Listing contexts for virtual host 'localhost'
27-Jun-2023 09:16:56.227 INFO [http-nio-8080-exec-39] org.apache.catalina.core.ApplicationContext.log Manager: list: Listing contexts for virtual host 'localhost'
27-Jun-2023 09:17:09.183 INFO [http-nio-8080-exec-37] org.apache.catalina.core.ApplicationContext.log Manager: list: Listing contexts for virtual host 'localhost'
27-Jun-2023 09:17:13.282 INFO [http-nio-8080-exec-44] org.apache.catalina.core.ApplicationContext.log Manager: list: Listing contexts for virtual host 'localhost'
27-Jun-2023 09:17:13.285 INFO [http-nio-8080-exec-46] org.apache.catalina.core.ApplicationContext.log Manager: list: Listing contexts for virtual host 'localhost'
27-Jun-2023 09:17:13.292 INFO [http-nio-8080-exec-39] org.apache.catalina.core.ApplicationContext.log Manager: stop: Stopping web application '/WebappCustomTagDemo'
27-Jun-2023 09:17:13.295 INFO [http-nio-8080-exec-49] org.apache.catalina.core.ApplicationContext.log Manager: start: Starting web application '/WebappCustomTagDemo'
27-Jun-2023 09:17:45.469 INFO [http-nio-8080-exec-37] org.apache.catalina.core.ApplicationContext.log Manager: list: Listing contexts for virtual host 'localhost'
27-Jun-2023 09:18:22.291 INFO [http-nio-8080-exec-52] org.apache.catalina.core.ApplicationContext.log Manager: list: Listing contexts for virtual host 'localhost'
27-Jun-2023 09:18:22.294 INFO [http-nio-8080-exec-53] org.apache.catalina.core.ApplicationContext.log Manager: stop: Stopping web application '/WebappCustomTagDemo'
27-Jun-2023 09:18:22.298 INFO [http-nio-8080-exec-37] org.apache.catalina.core.ApplicationContext.log Manager: start: Starting web application '/WebappCustomTagDemo'
27-Jun-2023 09:18:34.126 INFO [http-nio-8080-exec-55] org.apache.catalina.core.ApplicationContext.log Manager: list: Listing contexts for virtual host 'localhost'
27-Jun-2023 09:18:34.126 INFO [http-nio-8080-exec-48] org.apache.catalina.core.ApplicationContext.log Manager: list: Listing contexts for virtual host 'localhost'
27-Jun-2023 09:18:34.134 INFO [http-nio-8080-exec-49] org.apache.catalina.core.ApplicationContext.log Manager: stop: Stopping web application '/WebappCustomTagDemo'
27-Jun-2023 09:18:34.137 INFO [http-nio-8080-exec-44] org.apache.catalina.core.ApplicationContext.log Manager: start: Starting web application '/WebappCustomTagDemo'
27-Jun-2023 09:19:17.191 INFO [http-nio-8080-exec-56] org.apache.catalina.core.ApplicationContext.log Manager: list: Listing contexts for virtual host 'localhost'
27-Jun-2023 09:19:17.506 INFO [http-nio-8080-exec-44] org.apache.catalina.core.ApplicationContext.log Manager: list: Listing contexts for virtual host 'localhost'
27-Jun-2023 09:19:32.499 INFO [http-nio-8080-exec-59] org.apache.catalina.core.ApplicationContext.log Manager: list: Listing contexts for virtual host 'localhost'
27-Jun-2023 09:19:32.812 INFO [http-nio-8080-exec-61] org.apache.catalina.core.ApplicationContext.log Manager: list: Listing contexts for virtual host 'localhost'
27-Jun-2023 09:19:32.815 INFO [http-nio-8080-exec-44] org.apache.catalina.core.ApplicationContext.log Manager: stop: Stopping web application '/WebappCustomTagDemo'
27-Jun-2023 09:19:32.817 INFO [http-nio-8080-exec-60] org.apache.catalina.core.ApplicationContext.log Manager: start: Starting web application '/WebappCustomTagDemo'
27-Jun-2023 09:19:47.028 INFO [http-nio-8080-exec-52] org.apache.catalina.core.ApplicationContext.log Manager: list: Listing contexts for virtual host 'localhost'
27-Jun-2023 09:19:47.031 INFO [http-nio-8080-exec-49] org.apache.catalina.core.ApplicationContext.log Manager: stop: Stopping web application '/WebappCustomTagDemo'
27-Jun-2023 09:19:47.036 INFO [http-nio-8080-exec-52] org.apache.catalina.core.ApplicationContext.log Manager: start: Starting web application '/WebappCustomTagDemo'
27-Jun-2023 09:20:07.690 INFO [http-nio-8080-exec-37] org.apache.catalina.core.ApplicationContext.log Manager: list: Listing contexts for virtual host 'localhost'
27-Jun-2023 09:20:07.692 INFO [http-nio-8080-exec-58] org.apache.catalina.core.ApplicationContext.log Manager: list: Listing contexts for virtual host 'localhost'
27-Jun-2023 09:20:07.701 INFO [http-nio-8080-exec-44] org.apache.catalina.core.ApplicationContext.log Manager: stop: Stopping web application '/WebappCustomTagDemo'
27-Jun-2023 09:20:07.704 INFO [http-nio-8080-exec-61] org.apache.catalina.core.ApplicationContext.log Manager: start: Starting web application '/WebappCustomTagDemo'
27-Jun-2023 09:21:35.953 INFO [http-nio-8080-exec-65] org.apache.catalina.core.ApplicationContext.log Manager: list: Listing contexts for virtual host 'localhost'
27-Jun-2023 09:21:38.405 INFO [http-nio-8080-exec-49] org.apache.catalina.core.ApplicationContext.log Manager: list: Listing contexts for virtual host 'localhost'
27-Jun-2023 09:22:14.933 INFO [http-nio-8080-exec-66] org.apache.catalina.core.ApplicationContext.log Manager: list: Listing contexts for virtual host 'localhost'
27-Jun-2023 09:22:14.937 INFO [http-nio-8080-exec-63] org.apache.catalina.core.ApplicationContext.log Manager: restart: Reloading web application '/WebappCustomTagDemo'
27-Jun-2023 09:22:15.011 INFO [http-nio-8080-exec-70] org.apache.catalina.core.ApplicationContext.log Manager: list: Listing contexts for virtual host 'localhost'
27-Jun-2023 09:22:15.032 INFO [http-nio-8080-exec-68] org.apache.catalina.core.ApplicationContext.log Manager: list: Listing contexts for virtual host 'localhost'
27-Jun-2023 09:22:15.158 INFO [http-nio-8080-exec-64] org.apache.catalina.core.ApplicationContext.log Manager: list: Listing contexts for virtual host 'localhost'
27-Jun-2023 09:22:15.160 INFO [http-nio-8080-exec-63] org.apache.catalina.core.ApplicationContext.log Manager: restart: Reloading web application '/WebappCustomTagDemo'
27-Jun-2023 09:22:21.507 INFO [http-nio-8080-exec-58] org.apache.catalina.core.ApplicationContext.log Manager: list: Listing contexts for virtual host 'localhost'
27-Jun-2023 09:22:21.821 INFO [http-nio-8080-exec-63] org.apache.catalina.core.ApplicationContext.log Manager: list: Listing contexts for virtual host 'localhost'
27-Jun-2023 09:22:49.820 INFO [http-nio-8080-exec-58] org.apache.catalina.core.ApplicationContext.log Manager: list: Listing contexts for virtual host 'localhost'
27-Jun-2023 09:22:49.826 INFO [http-nio-8080-exec-66] org.apache.catalina.core.ApplicationContext.log Manager: stop: Stopping web application '/WebappCustomTagDemo'
27-Jun-2023 09:22:49.830 INFO [http-nio-8080-exec-49] org.apache.catalina.core.ApplicationContext.log Manager: start: Starting web application '/WebappCustomTagDemo'
27-Jun-2023 09:22:50.169 INFO [http-nio-8080-exec-66] org.apache.catalina.core.ApplicationContext.log Manager: list: Listing contexts for virtual host 'localhost'
27-Jun-2023 09:22:50.171 INFO [http-nio-8080-exec-72] org.apache.catalina.core.ApplicationContext.log Manager: stop: Stopping web application '/WebappCustomTagDemo'
27-Jun-2023 09:22:50.173 INFO [http-nio-8080-exec-58] org.apache.catalina.core.ApplicationContext.log Manager: start: Starting web application '/WebappCustomTagDemo'
27-Jun-2023 09:23:07.001 INFO [http-nio-8080-exec-65] org.apache.catalina.core.ApplicationContext.log Manager: list: Listing contexts for virtual host 'localhost'
27-Jun-2023 09:23:07.004 INFO [http-nio-8080-exec-68] org.apache.catalina.core.ApplicationContext.log Manager: stop: Stopping web application '/WebappCustomTagDemo'
27-Jun-2023 09:23:07.011 INFO [http-nio-8080-exec-72] org.apache.catalina.core.ApplicationContext.log Manager: start: Starting web application '/WebappCustomTagDemo'
27-Jun-2023 09:23:07.335 INFO [http-nio-8080-exec-65] org.apache.catalina.core.ApplicationContext.log Manager: list: Listing contexts for virtual host 'localhost'
27-Jun-2023 09:23:48.399 INFO [http-nio-8080-exec-72] org.apache.catalina.core.ApplicationContext.log Manager: list: Listing contexts for virtual host 'localhost'
27-Jun-2023 09:23:48.401 INFO [http-nio-8080-exec-63] org.apache.catalina.core.ApplicationContext.log Manager: restart: Reloading web application '/WebappCustomTagDemo'
27-Jun-2023 09:24:11.477 INFO [http-nio-8080-exec-67] org.apache.catalina.core.ApplicationContext.log Manager: list: Listing contexts for virtual host 'localhost'
27-Jun-2023 09:24:11.479 INFO [http-nio-8080-exec-74] org.apache.catalina.core.ApplicationContext.log Manager: stop: Stopping web application '/WebappCustomTagDemo'
27-Jun-2023 09:24:11.483 INFO [http-nio-8080-exec-68] org.apache.catalina.core.ApplicationContext.log Manager: start: Starting web application '/WebappCustomTagDemo'
27-Jun-2023 09:24:25.452 INFO [http-nio-8080-exec-58] org.apache.catalina.core.ApplicationContext.log Manager: list: Listing contexts for virtual host 'localhost'
27-Jun-2023 09:25:23.998 INFO [http-nio-8080-exec-64] org.apache.catalina.core.ApplicationContext.log Manager: list: Listing contexts for virtual host 'localhost'
27-Jun-2023 09:25:24.000 INFO [http-nio-8080-exec-75] org.apache.catalina.core.ApplicationContext.log Manager: stop: Stopping web application '/WebappCustomTagDemo'
27-Jun-2023 09:25:24.004 INFO [http-nio-8080-exec-63] org.apache.catalina.core.ApplicationContext.log Manager: start: Starting web application '/WebappCustomTagDemo'
27-Jun-2023 09:25:26.562 INFO [http-nio-8080-exec-64] org.apache.catalina.core.ApplicationContext.log Manager: list: Listing contexts for virtual host 'localhost'
27-Jun-2023 09:25:33.773 INFO [http-nio-8080-exec-58] org.apache.catalina.core.ApplicationContext.log Manager: list: Listing contexts for virtual host 'localhost'
27-Jun-2023 09:25:33.774 INFO [http-nio-8080-exec-68] org.apache.catalina.core.ApplicationContext.log Manager: list: Listing contexts for virtual host 'localhost'
27-Jun-2023 09:25:33.783 INFO [http-nio-8080-exec-63] org.apache.catalina.core.ApplicationContext.log Manager: stop: Stopping web application '/WebappCustomTagDemo'
27-Jun-2023 09:25:33.785 INFO [http-nio-8080-exec-64] org.apache.catalina.core.ApplicationContext.log Manager: start: Starting web application '/WebappCustomTagDemo'
27-Jun-2023 13:20:13.073 INFO [http-nio-8080-exec-4] org.apache.catalina.core.ApplicationContext.log Manager: init: Associated with Deployer 'Catalina:type=Deployer,host=localhost'
27-Jun-2023 13:20:13.073 INFO [http-nio-8080-exec-4] org.apache.catalina.core.ApplicationContext.log Manager: init: Global resources are available
27-Jun-2023 13:20:13.140 INFO [http-nio-8080-exec-8] org.apache.catalina.core.ApplicationContext.log Manager: list: Listing contexts for virtual host 'localhost'
27-Jun-2023 13:20:13.149 INFO [http-nio-8080-exec-9] org.apache.catalina.core.ApplicationContext.log Manager: list: Listing contexts for virtual host 'localhost'
27-Jun-2023 13:20:13.255 INFO [http-nio-8080-exec-10] org.apache.catalina.core.ApplicationContext.log Manager: restart: Reloading web application '/PresonnalProject'
27-Jun-2023 13:24:29.076 INFO [http-nio-8080-exec-12] org.apache.catalina.core.ApplicationContext.log Manager: list: Listing contexts for virtual host 'localhost'
